2023-01-13 01:38:30,583 [Worker-4: Loading available Gradle versions] INFO  o.e.b.c.i.u.g.PublishedGradleVersions - Gradle version information cache is up-to-date. Trying to read.
2023-01-13 01:51:20,362 [Worker-7: Import Getting Started Content] INFO  o.e.m.c.i.l.LifecycleMappingFactory - Using org.eclipse.m2e.jdt.JarLifecycleMapping lifecycle mapping for MavenProject: uce.gob.ec.avanzada:proyecto_pa_u2_ja:1.0.1-SNAPSHOT @ C:\Users\Jonatan Altamirano\Documents\workspace-spring-tool-suite-4-4.16.1.RELEASE\repasop2\proyecto_pa_u2_ja\pom.xml.
2023-01-13 01:51:22,420 [Worker-7: Import Getting Started Content] INFO  o.e.m.j.i.AbstractJavaProjectConfigurator - Adding source folder /proyecto_pa_u2_ja/src/main/java
2023-01-13 01:51:22,421 [Worker-7: Import Getting Started Content] INFO  o.e.m.j.i.AbstractJavaProjectConfigurator - Adding resource folder /proyecto_pa_u2_ja/src/main/resources
2023-01-13 01:51:22,427 [Worker-7: Import Getting Started Content] INFO  o.e.m.j.i.AbstractJavaProjectConfigurator - Adding resource folder /proyecto_pa_u2_ja/src/main/resources
2023-01-13 01:51:22,437 [Worker-7: Import Getting Started Content] INFO  o.e.m.j.i.AbstractJavaProjectConfigurator - Adding source folder /proyecto_pa_u2_ja/src/test/java
2023-01-13 01:51:25,313 [Worker-7: Import Getting Started Content] INFO  o.e.m.c.i.p.ProjectConfigurationManager - Imported and configured 1 project(s) in 6 sec
2023-01-13 01:51:25,320 [Worker-7: Import Getting Started Content] INFO  o.e.m.c.i.p.ProjectConfigurationManager - Update started
2023-01-13 01:51:26,584 [Worker-7: Import Getting Started Content] INFO  o.e.m.c.i.l.LifecycleMappingFactory - Using org.eclipse.m2e.jdt.JarLifecycleMapping lifecycle mapping for MavenProject: uce.gob.ec.avanzada:proyecto_pa_u2_ja:1.0.1-SNAPSHOT @ C:\Users\Jonatan Altamirano\Documents\workspace-spring-tool-suite-4-4.16.1.RELEASE\repasop2\proyecto_pa_u2_ja\pom.xml.
2023-01-13 01:51:27,775 [Worker-7: Import Getting Started Content] INFO  o.e.m.j.i.AbstractJavaProjectConfigurator - Adding source folder /proyecto_pa_u2_ja/src/main/java
2023-01-13 01:51:27,775 [Worker-7: Import Getting Started Content] INFO  o.e.m.j.i.AbstractJavaProjectConfigurator - Adding resource folder /proyecto_pa_u2_ja/src/main/resources
2023-01-13 01:51:27,776 [Worker-7: Import Getting Started Content] INFO  o.e.m.j.i.AbstractJavaProjectConfigurator - Adding resource folder /proyecto_pa_u2_ja/src/main/resources
2023-01-13 01:51:27,778 [Worker-7: Import Getting Started Content] INFO  o.e.m.j.i.AbstractJavaProjectConfigurator - Adding source folder /proyecto_pa_u2_ja/src/test/java
2023-01-13 01:51:28,885 [Worker-7: Import Getting Started Content] INFO  o.e.m.c.i.p.ProjectConfigurationManager - Update completed: 3 sec
2023-01-13 01:51:29,630 [Worker-13: Building] INFO  o.a.m.s.f.DefaultMavenResourcesFiltering - Copying 1 resource
2023-01-13 01:51:29,660 [Worker-13: Building] INFO  o.a.m.s.f.DefaultMavenResourcesFiltering - Copying 0 resource
2023-01-13 01:51:29,670 [Worker-13: Building] INFO  o.a.m.s.f.DefaultMavenResourcesFiltering - skip non existing resourceDirectory C:\Users\Jonatan Altamirano\Documents\workspace-spring-tool-suite-4-4.16.1.RELEASE\repasop2\proyecto_pa_u2_ja\src\test\resources
2023-01-13 01:53:24,990 [Worker-14: Building] INFO  o.a.m.s.f.DefaultMavenResourcesFiltering - Copying 1 resource
2023-01-13 01:53:25,008 [Worker-14: Building] INFO  o.a.m.s.f.DefaultMavenResourcesFiltering - Copying 0 resource
2023-01-13 01:53:25,013 [Worker-14: Building] INFO  o.a.m.s.f.DefaultMavenResourcesFiltering - skip non existing resourceDirectory C:\Users\Jonatan Altamirano\Documents\workspace-spring-tool-suite-4-4.16.1.RELEASE\repasop2\proyecto_pa_u2_ja\src\test\resources
2023-01-13 01:53:29,922 [Worker-11: Building] INFO  o.a.m.s.f.DefaultMavenResourcesFiltering - Copying 1 resource
2023-01-13 01:53:29,958 [Worker-11: Building] INFO  o.a.m.s.f.DefaultMavenResourcesFiltering - Copying 0 resource
2023-01-13 01:53:29,968 [Worker-11: Building] INFO  o.a.m.s.f.DefaultMavenResourcesFiltering - skip non existing resourceDirectory C:\Users\Jonatan Altamirano\Documents\workspace-spring-tool-suite-4-4.16.1.RELEASE\repasop2\proyecto_pa_u2_ja\src\test\resources
2023-01-13 01:53:40,704 [Worker-15: Building] INFO  o.a.m.s.f.DefaultMavenResourcesFiltering - Copying 1 resource
2023-01-13 01:53:40,719 [Worker-15: Building] INFO  o.a.m.s.f.DefaultMavenResourcesFiltering - Copying 0 resource
2023-01-13 01:53:40,733 [Worker-15: Building] INFO  o.a.m.s.f.DefaultMavenResourcesFiltering - skip non existing resourceDirectory C:\Users\Jonatan Altamirano\Documents\workspace-spring-tool-suite-4-4.16.1.RELEASE\repasop2\proyecto_pa_u2_ja\src\test\resources
2023-01-13 01:53:53,826 [Worker-13: Building] INFO  o.a.m.s.f.DefaultMavenResourcesFiltering - Copying 1 resource
2023-01-13 01:53:53,858 [Worker-13: Building] INFO  o.a.m.s.f.DefaultMavenResourcesFiltering - Copying 0 resource
2023-01-13 01:53:53,867 [Worker-13: Building] INFO  o.a.m.s.f.DefaultMavenResourcesFiltering - skip non existing resourceDirectory C:\Users\Jonatan Altamirano\Documents\workspace-spring-tool-suite-4-4.16.1.RELEASE\repasop2\proyecto_pa_u2_ja\src\test\resources
2023-01-13 01:54:12,773 [Worker-7: Building] INFO  o.a.m.s.f.DefaultMavenResourcesFiltering - Copying 1 resource
2023-01-13 01:54:12,811 [Worker-7: Building] INFO  o.a.m.s.f.DefaultMavenResourcesFiltering - Copying 0 resource
2023-01-13 01:54:12,826 [Worker-7: Building] INFO  o.a.m.s.f.DefaultMavenResourcesFiltering - skip non existing resourceDirectory C:\Users\Jonatan Altamirano\Documents\workspace-spring-tool-suite-4-4.16.1.RELEASE\repasop2\proyecto_pa_u2_ja\src\test\resources
2023-01-13 01:55:00,837 [Worker-13: Building] INFO  o.a.m.s.f.DefaultMavenResourcesFiltering - Copying 1 resource
2023-01-13 01:55:00,893 [Worker-13: Building] INFO  o.a.m.s.f.DefaultMavenResourcesFiltering - Copying 0 resource
2023-01-13 01:55:00,903 [Worker-13: Building] INFO  o.a.m.s.f.DefaultMavenResourcesFiltering - skip non existing resourceDirectory C:\Users\Jonatan Altamirano\Documents\workspace-spring-tool-suite-4-4.16.1.RELEASE\repasop2\proyecto_pa_u2_ja\src\test\resources
2023-01-13 01:55:09,641 [Worker-7: Building] INFO  o.a.m.s.f.DefaultMavenResourcesFiltering - Copying 1 resource
2023-01-13 01:55:09,708 [Worker-7: Building] INFO  o.a.m.s.f.DefaultMavenResourcesFiltering - Copying 0 resource
2023-01-13 01:55:09,725 [Worker-7: Building] INFO  o.a.m.s.f.DefaultMavenResourcesFiltering - skip non existing resourceDirectory C:\Users\Jonatan Altamirano\Documents\workspace-spring-tool-suite-4-4.16.1.RELEASE\repasop2\proyecto_pa_u2_ja\src\test\resources
2023-01-13 01:55:16,019 [Worker-7: Building] INFO  o.a.m.s.f.DefaultMavenResourcesFiltering - Copying 1 resource
2023-01-13 01:55:16,107 [Worker-7: Building] INFO  o.a.m.s.f.DefaultMavenResourcesFiltering - Copying 0 resource
2023-01-13 01:55:16,159 [Worker-7: Building] INFO  o.a.m.s.f.DefaultMavenResourcesFiltering - skip non existing resourceDirectory C:\Users\Jonatan Altamirano\Documents\workspace-spring-tool-suite-4-4.16.1.RELEASE\repasop2\proyecto_pa_u2_ja\src\test\resources
2023-01-13 02:22:36,393 [Worker-25: Building] INFO  o.a.m.s.f.DefaultMavenResourcesFiltering - Copying 1 resource
2023-01-13 02:22:36,445 [Worker-25: Building] INFO  o.a.m.s.f.DefaultMavenResourcesFiltering - Copying 0 resource
2023-01-13 02:22:36,451 [Worker-25: Building] INFO  o.a.m.s.f.DefaultMavenResourcesFiltering - skip non existing resourceDirectory C:\Users\Jonatan Altamirano\Documents\workspace-spring-tool-suite-4-4.16.1.RELEASE\repasop2\proyecto_pa_u2_ja\src\test\resources
2023-01-13 02:23:48,396 [Worker-22: Launching proyecto_pa_u2_ja - ProyectoPaU2JaApplication] INFO  o.a.m.s.f.DefaultMavenResourcesFiltering - Copying 1 resource
2023-01-13 02:23:48,432 [Worker-22: Launching proyecto_pa_u2_ja - ProyectoPaU2JaApplication] INFO  o.a.m.s.f.DefaultMavenResourcesFiltering - Copying 0 resource
2023-01-13 02:23:48,437 [Worker-22: Launching proyecto_pa_u2_ja - ProyectoPaU2JaApplication] INFO  o.a.m.s.f.DefaultMavenResourcesFiltering - skip non existing resourceDirectory C:\Users\Jonatan Altamirano\Documents\workspace-spring-tool-suite-4-4.16.1.RELEASE\repasop2\proyecto_pa_u2_ja\src\test\resources
2023-01-13 02:24:39,932 [Worker-23: Launching Executing test in C__Users_Jonatan Altamirano_Documents_workspace-spring-tool-suite-4-4.16.1.RELEASE_repasop2_proyecto_pa_u2_ja] INFO  o.e.m.i.launch.MavenLaunchDelegate - C:\Users\Jonatan Altamirano\Documents\workspace-spring-tool-suite-4-4.16.1.RELEASE\repasop2\proyecto_pa_u2_ja
2023-01-13 02:24:39,933 [Worker-23: Launching Executing test in C__Users_Jonatan Altamirano_Documents_workspace-spring-tool-suite-4-4.16.1.RELEASE_repasop2_proyecto_pa_u2_ja] INFO  o.e.m.i.launch.MavenLaunchDelegate -  mvn -Ppom.xml -B -Dstyle.color=always test
2023-01-13 02:24:44,723 [Worker-22: Launching Executing install in C__Users_Jonatan Altamirano_Documents_workspace-spring-tool-suite-4-4.16.1.RELEASE_repasop2_proyecto_pa_u2_ja] INFO  o.e.m.i.launch.MavenLaunchDelegate - C:\Users\Jonatan Altamirano\Documents\workspace-spring-tool-suite-4-4.16.1.RELEASE\repasop2\proyecto_pa_u2_ja
2023-01-13 02:24:44,724 [Worker-22: Launching Executing install in C__Users_Jonatan Altamirano_Documents_workspace-spring-tool-suite-4-4.16.1.RELEASE_repasop2_proyecto_pa_u2_ja] INFO  o.e.m.i.launch.MavenLaunchDelegate -  mvn -Ppom.xml -B -Dstyle.color=always test
2023-01-13 02:26:26,625 [Worker-26: Launching Executing install in C__Users_Jonatan Altamirano_Documents_workspace-spring-tool-suite-4-4.16.1.RELEASE_repasop2_proyecto_pa_u2_ja] INFO  o.e.m.i.launch.MavenLaunchDelegate - C:\Users\Jonatan Altamirano\Documents\workspace-spring-tool-suite-4-4.16.1.RELEASE\repasop2\proyecto_pa_u2_ja
2023-01-13 02:26:26,626 [Worker-26: Launching Executing install in C__Users_Jonatan Altamirano_Documents_workspace-spring-tool-suite-4-4.16.1.RELEASE_repasop2_proyecto_pa_u2_ja] INFO  o.e.m.i.launch.MavenLaunchDelegate -  mvn -Ppom.xml -B -Dstyle.color=always install
2023-01-13 02:26:53,395 [Worker-27: Building] INFO  o.a.m.s.f.DefaultMavenResourcesFiltering - Copying 1 resource
2023-01-13 02:26:53,399 [Worker-27: Building] INFO  o.a.m.s.f.DefaultMavenResourcesFiltering - Copying 0 resource
2023-01-13 02:26:53,403 [Worker-27: Building] INFO  o.a.m.s.f.DefaultMavenResourcesFiltering - skip non existing resourceDirectory C:\Users\Jonatan Altamirano\Documents\workspace-spring-tool-suite-4-4.16.1.RELEASE\repasop2\proyecto_pa_u2_ja\src\test\resources
2023-01-13 02:28:52,295 [Worker-27: Launching Executing install in C__Users_Jonatan Altamirano_Documents_workspace-spring-tool-suite-4-4.16.1.RELEASE_repasop2_proyecto_pa_u2_ja] INFO  o.e.m.i.launch.MavenLaunchDelegate - C:\Users\Jonatan Altamirano\Documents\workspace-spring-tool-suite-4-4.16.1.RELEASE\repasop2\proyecto_pa_u2_ja
2023-01-13 02:28:52,296 [Worker-27: Launching Executing install in C__Users_Jonatan Altamirano_Documents_workspace-spring-tool-suite-4-4.16.1.RELEASE_repasop2_proyecto_pa_u2_ja] INFO  o.e.m.i.launch.MavenLaunchDelegate -  mvn -Ppom.xml -B -Dstyle.color=always install
2023-01-13 02:29:14,858 [Worker-22: Building] INFO  o.a.m.s.f.DefaultMavenResourcesFiltering - Copying 0 resource
2023-01-13 02:29:14,859 [Worker-22: Building] INFO  o.a.m.s.f.DefaultMavenResourcesFiltering - Copying 0 resource
2023-01-13 02:29:14,864 [Worker-22: Building] INFO  o.a.m.s.f.DefaultMavenResourcesFiltering - skip non existing resourceDirectory C:\Users\Jonatan Altamirano\Documents\workspace-spring-tool-suite-4-4.16.1.RELEASE\repasop2\proyecto_pa_u2_ja\src\test\resources
2023-01-13 02:55:21,721 [Worker-30: Launching Executing install in C__Users_Jonatan Altamirano_Documents_workspace-spring-tool-suite-4-4.16.1.RELEASE_repasop2_proyecto_pa_u2_ja] INFO  o.e.m.i.launch.MavenLaunchDelegate - C:\Users\Jonatan Altamirano\Documents\workspace-spring-tool-suite-4-4.16.1.RELEASE\repasop2\proyecto_pa_u2_ja
2023-01-13 02:55:21,721 [Worker-30: Launching Executing install in C__Users_Jonatan Altamirano_Documents_workspace-spring-tool-suite-4-4.16.1.RELEASE_repasop2_proyecto_pa_u2_ja] INFO  o.e.m.i.launch.MavenLaunchDelegate -  mvn -Ppom.xml -B -Dstyle.color=always install
2023-01-13 02:55:45,093 [Worker-32: Building] INFO  o.a.m.s.f.DefaultMavenResourcesFiltering - Copying 0 resource
2023-01-13 02:55:45,094 [Worker-32: Building] INFO  o.a.m.s.f.DefaultMavenResourcesFiltering - Copying 0 resource
2023-01-13 02:55:45,101 [Worker-32: Building] INFO  o.a.m.s.f.DefaultMavenResourcesFiltering - skip non existing resourceDirectory C:\Users\Jonatan Altamirano\Documents\workspace-spring-tool-suite-4-4.16.1.RELEASE\repasop2\proyecto_pa_u2_ja\src\test\resources
2023-01-13 02:56:19,753 [Worker-35: Launching proyecto_pa_u2_ja - ProyectoPaU2JaApplication] INFO  o.a.m.s.f.DefaultMavenResourcesFiltering - Copying 1 resource
2023-01-13 02:56:19,769 [Worker-35: Launching proyecto_pa_u2_ja - ProyectoPaU2JaApplication] INFO  o.a.m.s.f.DefaultMavenResourcesFiltering - Copying 0 resource
2023-01-13 02:56:19,776 [Worker-35: Launching proyecto_pa_u2_ja - ProyectoPaU2JaApplication] INFO  o.a.m.s.f.DefaultMavenResourcesFiltering - skip non existing resourceDirectory C:\Users\Jonatan Altamirano\Documents\workspace-spring-tool-suite-4-4.16.1.RELEASE\repasop2\proyecto_pa_u2_ja\src\test\resources
2023-01-13 02:56:50,475 [Worker-36: Launching Executing install in C__Users_Jonatan Altamirano_Documents_workspace-spring-tool-suite-4-4.16.1.RELEASE_repasop2_proyecto_pa_u2_ja] INFO  o.e.m.i.launch.MavenLaunchDelegate - C:\Users\Jonatan Altamirano\Documents\workspace-spring-tool-suite-4-4.16.1.RELEASE\repasop2\proyecto_pa_u2_ja
2023-01-13 02:56:50,475 [Worker-36: Launching Executing install in C__Users_Jonatan Altamirano_Documents_workspace-spring-tool-suite-4-4.16.1.RELEASE_repasop2_proyecto_pa_u2_ja] INFO  o.e.m.i.launch.MavenLaunchDelegate -  mvn -Ppom.xml -B -Dstyle.color=always install
2023-01-13 02:57:19,319 [Worker-35: Building] INFO  o.a.m.s.f.DefaultMavenResourcesFiltering - Copying 0 resource
2023-01-13 02:57:19,320 [Worker-35: Building] INFO  o.a.m.s.f.DefaultMavenResourcesFiltering - Copying 0 resource
2023-01-13 02:57:19,325 [Worker-35: Building] INFO  o.a.m.s.f.DefaultMavenResourcesFiltering - skip non existing resourceDirectory C:\Users\Jonatan Altamirano\Documents\workspace-spring-tool-suite-4-4.16.1.RELEASE\repasop2\proyecto_pa_u2_ja\src\test\resources
2023-01-13 02:58:47,643 [Worker-34: Launching Executing install in C__Users_Jonatan Altamirano_Documents_workspace-spring-tool-suite-4-4.16.1.RELEASE_repasop2_proyecto_pa_u2_ja] INFO  o.e.m.i.launch.MavenLaunchDelegate - C:\Users\Jonatan Altamirano\Documents\workspace-spring-tool-suite-4-4.16.1.RELEASE\repasop2\proyecto_pa_u2_ja
2023-01-13 02:58:47,643 [Worker-34: Launching Executing install in C__Users_Jonatan Altamirano_Documents_workspace-spring-tool-suite-4-4.16.1.RELEASE_repasop2_proyecto_pa_u2_ja] INFO  o.e.m.i.launch.MavenLaunchDelegate -  mvn -Ppom.xml -B -Dstyle.color=always install
2023-01-13 02:59:10,899 [Worker-37: Building] INFO  o.a.m.s.f.DefaultMavenResourcesFiltering - Copying 0 resource
2023-01-13 02:59:10,900 [Worker-37: Building] INFO  o.a.m.s.f.DefaultMavenResourcesFiltering - Copying 0 resource
2023-01-13 02:59:10,905 [Worker-37: Building] INFO  o.a.m.s.f.DefaultMavenResourcesFiltering - skip non existing resourceDirectory C:\Users\Jonatan Altamirano\Documents\workspace-spring-tool-suite-4-4.16.1.RELEASE\repasop2\proyecto_pa_u2_ja\src\test\resources
2023-01-13 02:59:46,320 [Worker-34: Building] INFO  o.a.m.s.f.DefaultMavenResourcesFiltering - Copying 1 resource
2023-01-13 02:59:46,379 [Worker-34: Building] INFO  o.a.m.s.f.DefaultMavenResourcesFiltering - Copying 0 resource
2023-01-13 02:59:46,384 [Worker-34: Building] INFO  o.a.m.s.f.DefaultMavenResourcesFiltering - skip non existing resourceDirectory C:\Users\Jonatan Altamirano\Documents\workspace-spring-tool-suite-4-4.16.1.RELEASE\repasop2\proyecto_pa_u2_ja\src\test\resources
2023-01-13 03:00:13,418 [Worker-34: Launching Executing install in C__Users_Jonatan Altamirano_Documents_workspace-spring-tool-suite-4-4.16.1.RELEASE_repasop2_proyecto_pa_u2_ja] INFO  o.e.m.i.launch.MavenLaunchDelegate - C:\Users\Jonatan Altamirano\Documents\workspace-spring-tool-suite-4-4.16.1.RELEASE\repasop2\proyecto_pa_u2_ja
2023-01-13 03:00:13,419 [Worker-34: Launching Executing install in C__Users_Jonatan Altamirano_Documents_workspace-spring-tool-suite-4-4.16.1.RELEASE_repasop2_proyecto_pa_u2_ja] INFO  o.e.m.i.launch.MavenLaunchDelegate -  mvn -Ppom.xml -B -Dstyle.color=always install
2023-01-13 03:00:38,118 [Worker-39: Building] INFO  o.a.m.s.f.DefaultMavenResourcesFiltering - Copying 0 resource
2023-01-13 03:00:38,119 [Worker-39: Building] INFO  o.a.m.s.f.DefaultMavenResourcesFiltering - Copying 0 resource
2023-01-13 03:00:38,124 [Worker-39: Building] INFO  o.a.m.s.f.DefaultMavenResourcesFiltering - skip non existing resourceDirectory C:\Users\Jonatan Altamirano\Documents\workspace-spring-tool-suite-4-4.16.1.RELEASE\repasop2\proyecto_pa_u2_ja\src\test\resources
2023-01-13 03:01:08,470 [Worker-39: Building] INFO  o.a.m.s.f.DefaultMavenResourcesFiltering - Copying 1 resource
2023-01-13 03:01:08,510 [Worker-39: Building] INFO  o.a.m.s.f.DefaultMavenResourcesFiltering - Copying 0 resource
2023-01-13 03:01:08,515 [Worker-39: Building] INFO  o.a.m.s.f.DefaultMavenResourcesFiltering - skip non existing resourceDirectory C:\Users\Jonatan Altamirano\Documents\workspace-spring-tool-suite-4-4.16.1.RELEASE\repasop2\proyecto_pa_u2_ja\src\test\resources
2023-01-13 03:01:35,788 [Worker-38: Launching Executing install in C__Users_Jonatan Altamirano_Documents_workspace-spring-tool-suite-4-4.16.1.RELEASE_repasop2_proyecto_pa_u2_ja] INFO  o.e.m.i.launch.MavenLaunchDelegate - C:\Users\Jonatan Altamirano\Documents\workspace-spring-tool-suite-4-4.16.1.RELEASE\repasop2\proyecto_pa_u2_ja
2023-01-13 03:01:35,788 [Worker-38: Launching Executing install in C__Users_Jonatan Altamirano_Documents_workspace-spring-tool-suite-4-4.16.1.RELEASE_repasop2_proyecto_pa_u2_ja] INFO  o.e.m.i.launch.MavenLaunchDelegate -  mvn -Ppom.xml -B -Dstyle.color=always install
2023-01-13 03:01:59,374 [Worker-31: Building] INFO  o.a.m.s.f.DefaultMavenResourcesFiltering - Copying 0 resource
2023-01-13 03:01:59,375 [Worker-31: Building] INFO  o.a.m.s.f.DefaultMavenResourcesFiltering - Copying 0 resource
2023-01-13 03:01:59,380 [Worker-31: Building] INFO  o.a.m.s.f.DefaultMavenResourcesFiltering - skip non existing resourceDirectory C:\Users\Jonatan Altamirano\Documents\workspace-spring-tool-suite-4-4.16.1.RELEASE\repasop2\proyecto_pa_u2_ja\src\test\resources
2023-01-13 03:04:22,823 [Worker-41: Building] INFO  o.a.m.s.f.DefaultMavenResourcesFiltering - Copying 1 resource
2023-01-13 03:04:22,854 [Worker-41: Building] INFO  o.a.m.s.f.DefaultMavenResourcesFiltering - Copying 0 resource
2023-01-13 03:04:22,860 [Worker-41: Building] INFO  o.a.m.s.f.DefaultMavenResourcesFiltering - skip non existing resourceDirectory C:\Users\Jonatan Altamirano\Documents\workspace-spring-tool-suite-4-4.16.1.RELEASE\repasop2\proyecto_pa_u2_ja\src\test\resources
2023-01-13 03:04:40,565 [Worker-44: Launching Executing install in C__Users_Jonatan Altamirano_Documents_workspace-spring-tool-suite-4-4.16.1.RELEASE_repasop2_proyecto_pa_u2_ja] INFO  o.e.m.i.launch.MavenLaunchDelegate - C:\Users\Jonatan Altamirano\Documents\workspace-spring-tool-suite-4-4.16.1.RELEASE\repasop2\proyecto_pa_u2_ja
2023-01-13 03:04:40,565 [Worker-44: Launching Executing install in C__Users_Jonatan Altamirano_Documents_workspace-spring-tool-suite-4-4.16.1.RELEASE_repasop2_proyecto_pa_u2_ja] INFO  o.e.m.i.launch.MavenLaunchDelegate -  mvn -Ppom.xml -B -Dstyle.color=always install
2023-01-13 03:05:07,058 [Worker-42: Building] INFO  o.a.m.s.f.DefaultMavenResourcesFiltering - Copying 0 resource
2023-01-13 03:05:07,058 [Worker-42: Building] INFO  o.a.m.s.f.DefaultMavenResourcesFiltering - Copying 0 resource
2023-01-13 03:05:07,063 [Worker-42: Building] INFO  o.a.m.s.f.DefaultMavenResourcesFiltering - skip non existing resourceDirectory C:\Users\Jonatan Altamirano\Documents\workspace-spring-tool-suite-4-4.16.1.RELEASE\repasop2\proyecto_pa_u2_ja\src\test\resources
2023-01-13 03:05:49,411 [Worker-44: Launching Executing install in C__Users_Jonatan Altamirano_Documents_workspace-spring-tool-suite-4-4.16.1.RELEASE_repasop2_proyecto_pa_u2_ja] INFO  o.e.m.i.launch.MavenLaunchDelegate - C:\Users\Jonatan Altamirano\Documents\workspace-spring-tool-suite-4-4.16.1.RELEASE\repasop2\proyecto_pa_u2_ja
2023-01-13 03:05:49,411 [Worker-44: Launching Executing install in C__Users_Jonatan Altamirano_Documents_workspace-spring-tool-suite-4-4.16.1.RELEASE_repasop2_proyecto_pa_u2_ja] INFO  o.e.m.i.launch.MavenLaunchDelegate -  mvn -Ppom.xml -B -Dstyle.color=always install
2023-01-13 03:06:19,290 [Worker-44: Building] INFO  o.a.m.s.f.DefaultMavenResourcesFiltering - Copying 0 resource
2023-01-13 03:06:19,291 [Worker-44: Building] INFO  o.a.m.s.f.DefaultMavenResourcesFiltering - Copying 0 resource
2023-01-13 03:06:19,296 [Worker-44: Building] INFO  o.a.m.s.f.DefaultMavenResourcesFiltering - skip non existing resourceDirectory C:\Users\Jonatan Altamirano\Documents\workspace-spring-tool-suite-4-4.16.1.RELEASE\repasop2\proyecto_pa_u2_ja\src\test\resources
2023-01-13 03:07:22,692 [Worker-44: Launching proyecto_pa_u2_ja - ProyectoPaU2JaApplication] INFO  o.a.m.s.f.DefaultMavenResourcesFiltering - Copying 1 resource
2023-01-13 03:07:22,751 [Worker-44: Launching proyecto_pa_u2_ja - ProyectoPaU2JaApplication] INFO  o.a.m.s.f.DefaultMavenResourcesFiltering - Copying 0 resource
2023-01-13 03:07:22,755 [Worker-44: Launching proyecto_pa_u2_ja - ProyectoPaU2JaApplication] INFO  o.a.m.s.f.DefaultMavenResourcesFiltering - skip non existing resourceDirectory C:\Users\Jonatan Altamirano\Documents\workspace-spring-tool-suite-4-4.16.1.RELEASE\repasop2\proyecto_pa_u2_ja\src\test\resources
2023-01-13 03:09:15,244 [Worker-43: Building] INFO  o.a.m.s.f.DefaultMavenResourcesFiltering - Copying 1 resource
2023-01-13 03:09:15,273 [Worker-43: Building] INFO  o.a.m.s.f.DefaultMavenResourcesFiltering - Copying 0 resource
2023-01-13 03:09:15,277 [Worker-43: Building] INFO  o.a.m.s.f.DefaultMavenResourcesFiltering - skip non existing resourceDirectory C:\Users\Jonatan Altamirano\Documents\workspace-spring-tool-suite-4-4.16.1.RELEASE\repasop2\proyecto_pa_u2_ja\src\test\resources
2023-01-13 03:10:24,289 [Worker-43: Building] INFO  o.a.m.s.f.DefaultMavenResourcesFiltering - Copying 1 resource
2023-01-13 03:10:24,323 [Worker-43: Building] INFO  o.a.m.s.f.DefaultMavenResourcesFiltering - Copying 0 resource
2023-01-13 03:10:24,351 [Worker-43: Building] INFO  o.a.m.s.f.DefaultMavenResourcesFiltering - skip non existing resourceDirectory C:\Users\Jonatan Altamirano\Documents\workspace-spring-tool-suite-4-4.16.1.RELEASE\repasop2\proyecto_pa_u2_ja\src\test\resources
2023-01-13 03:11:21,698 [Worker-44: Launching Executing install in C__Users_Jonatan Altamirano_Documents_workspace-spring-tool-suite-4-4.16.1.RELEASE_repasop2_proyecto_pa_u2_ja] INFO  o.e.m.i.launch.MavenLaunchDelegate - C:\Users\Jonatan Altamirano\Documents\workspace-spring-tool-suite-4-4.16.1.RELEASE\repasop2\proyecto_pa_u2_ja
2023-01-13 03:11:21,698 [Worker-44: Launching Executing install in C__Users_Jonatan Altamirano_Documents_workspace-spring-tool-suite-4-4.16.1.RELEASE_repasop2_proyecto_pa_u2_ja] INFO  o.e.m.i.launch.MavenLaunchDelegate -  mvn -Ppom.xml -B -Dstyle.color=always install
2023-01-13 03:11:45,380 [Worker-31: Building] INFO  o.a.m.s.f.DefaultMavenResourcesFiltering - Copying 0 resource
2023-01-13 03:11:45,381 [Worker-31: Building] INFO  o.a.m.s.f.DefaultMavenResourcesFiltering - Copying 0 resource
2023-01-13 03:11:45,385 [Worker-31: Building] INFO  o.a.m.s.f.DefaultMavenResourcesFiltering - skip non existing resourceDirectory C:\Users\Jonatan Altamirano\Documents\workspace-spring-tool-suite-4-4.16.1.RELEASE\repasop2\proyecto_pa_u2_ja\src\test\resources
2023-01-13 03:12:21,836 [Worker-43: Building] INFO  o.a.m.s.f.DefaultMavenResourcesFiltering - Copying 1 resource
2023-01-13 03:12:21,900 [Worker-43: Building] INFO  o.a.m.s.f.DefaultMavenResourcesFiltering - Copying 0 resource
2023-01-13 03:12:21,909 [Worker-43: Building] INFO  o.a.m.s.f.DefaultMavenResourcesFiltering - skip non existing resourceDirectory C:\Users\Jonatan Altamirano\Documents\workspace-spring-tool-suite-4-4.16.1.RELEASE\repasop2\proyecto_pa_u2_ja\src\test\resources
2023-01-13 03:12:27,249 [Worker-31: Building] INFO  o.a.m.s.f.DefaultMavenResourcesFiltering - Copying 1 resource
2023-01-13 03:12:27,300 [Worker-31: Building] INFO  o.a.m.s.f.DefaultMavenResourcesFiltering - Copying 0 resource
2023-01-13 03:12:27,312 [Worker-31: Building] INFO  o.a.m.s.f.DefaultMavenResourcesFiltering - skip non existing resourceDirectory C:\Users\Jonatan Altamirano\Documents\workspace-spring-tool-suite-4-4.16.1.RELEASE\repasop2\proyecto_pa_u2_ja\src\test\resources
2023-01-13 03:13:19,090 [Worker-41: Launching Executing install in C__Users_Jonatan Altamirano_Documents_workspace-spring-tool-suite-4-4.16.1.RELEASE_repasop2_proyecto_pa_u2_ja] INFO  o.e.m.i.launch.MavenLaunchDelegate - C:\Users\Jonatan Altamirano\Documents\workspace-spring-tool-suite-4-4.16.1.RELEASE\repasop2\proyecto_pa_u2_ja
2023-01-13 03:13:19,091 [Worker-41: Launching Executing install in C__Users_Jonatan Altamirano_Documents_workspace-spring-tool-suite-4-4.16.1.RELEASE_repasop2_proyecto_pa_u2_ja] INFO  o.e.m.i.launch.MavenLaunchDelegate -  mvn -Ppom.xml -B -Dstyle.color=always install
2023-01-13 03:13:48,172 [Worker-41: Building] INFO  o.a.m.s.f.DefaultMavenResourcesFiltering - Copying 1 resource
2023-01-13 03:13:48,212 [Worker-41: Building] INFO  o.a.m.s.f.DefaultMavenResourcesFiltering - Copying 0 resource
2023-01-13 03:13:48,217 [Worker-41: Building] INFO  o.a.m.s.f.DefaultMavenResourcesFiltering - skip non existing resourceDirectory C:\Users\Jonatan Altamirano\Documents\workspace-spring-tool-suite-4-4.16.1.RELEASE\repasop2\proyecto_pa_u2_ja\src\test\resources
2023-01-13 03:16:49,069 [Worker-41: Launching Executing install in C__Users_Jonatan Altamirano_Documents_workspace-spring-tool-suite-4-4.16.1.RELEASE_repasop2_proyecto_pa_u2_ja] INFO  o.e.m.i.launch.MavenLaunchDelegate - C:\Users\Jonatan Altamirano\Documents\workspace-spring-tool-suite-4-4.16.1.RELEASE\repasop2\proyecto_pa_u2_ja
2023-01-13 03:16:49,070 [Worker-41: Launching Executing install in C__Users_Jonatan Altamirano_Documents_workspace-spring-tool-suite-4-4.16.1.RELEASE_repasop2_proyecto_pa_u2_ja] INFO  o.e.m.i.launch.MavenLaunchDelegate -  mvn -Ppom.xml -B -Dstyle.color=always install
2023-01-13 03:17:11,795 [Worker-46: Building] INFO  o.a.m.s.f.DefaultMavenResourcesFiltering - Copying 0 resource
2023-01-13 03:17:11,796 [Worker-46: Building] INFO  o.a.m.s.f.DefaultMavenResourcesFiltering - Copying 0 resource
2023-01-13 03:17:11,800 [Worker-46: Building] INFO  o.a.m.s.f.DefaultMavenResourcesFiltering - skip non existing resourceDirectory C:\Users\Jonatan Altamirano\Documents\workspace-spring-tool-suite-4-4.16.1.RELEASE\repasop2\proyecto_pa_u2_ja\src\test\resources
2023-01-13 03:20:30,032 [Worker-41: Import Getting Started Content] INFO  o.e.m.c.i.l.LifecycleMappingFactory - Using org.eclipse.m2e.jdt.JarLifecycleMapping lifecycle mapping for MavenProject: uce.gob.ec.avanzada:proyecto_pa_u2_ja:1.0.1-SNAPSHOT @ C:\Users\Jonatan Altamirano\Documents\workspace-spring-tool-suite-4-4.16.1.RELEASE\repasop2\proyecto_pa_u2_ja\pom.xml.
2023-01-13 03:20:31,093 [Worker-41: Import Getting Started Content] INFO  o.e.m.j.i.AbstractJavaProjectConfigurator - Adding source folder /proyecto_pa_u2_ja/src/main/java
2023-01-13 03:20:31,094 [Worker-41: Import Getting Started Content] INFO  o.e.m.j.i.AbstractJavaProjectConfigurator - Adding resource folder /proyecto_pa_u2_ja/src/main/resources
2023-01-13 03:20:31,099 [Worker-41: Import Getting Started Content] INFO  o.e.m.j.i.AbstractJavaProjectConfigurator - Adding resource folder /proyecto_pa_u2_ja/src/main/resources
2023-01-13 03:20:31,106 [Worker-41: Import Getting Started Content] INFO  o.e.m.j.i.AbstractJavaProjectConfigurator - Adding source folder /proyecto_pa_u2_ja/src/test/java
2023-01-13 03:20:31,785 [Worker-41: Import Getting Started Content] INFO  o.e.m.c.i.p.ProjectConfigurationManager - Imported and configured 1 project(s) in 2 sec
2023-01-13 03:20:31,788 [Worker-41: Import Getting Started Content] INFO  o.e.m.c.i.p.ProjectConfigurationManager - Update started
2023-01-13 03:20:32,452 [Worker-41: Import Getting Started Content] INFO  o.e.m.c.i.l.LifecycleMappingFactory - Using org.eclipse.m2e.jdt.JarLifecycleMapping lifecycle mapping for MavenProject: uce.gob.ec.avanzada:proyecto_pa_u2_ja:1.0.1-SNAPSHOT @ C:\Users\Jonatan Altamirano\Documents\workspace-spring-tool-suite-4-4.16.1.RELEASE\repasop2\proyecto_pa_u2_ja\pom.xml.
2023-01-13 03:20:33,367 [Worker-41: Import Getting Started Content] INFO  o.e.m.j.i.AbstractJavaProjectConfigurator - Adding source folder /proyecto_pa_u2_ja/src/main/java
2023-01-13 03:20:33,367 [Worker-41: Import Getting Started Content] INFO  o.e.m.j.i.AbstractJavaProjectConfigurator - Adding resource folder /proyecto_pa_u2_ja/src/main/resources
2023-01-13 03:20:33,368 [Worker-41: Import Getting Started Content] INFO  o.e.m.j.i.AbstractJavaProjectConfigurator - Adding resource folder /proyecto_pa_u2_ja/src/main/resources
2023-01-13 03:20:33,369 [Worker-41: Import Getting Started Content] INFO  o.e.m.j.i.AbstractJavaProjectConfigurator - Adding source folder /proyecto_pa_u2_ja/src/test/java
2023-01-13 03:20:33,951 [Worker-41: Import Getting Started Content] INFO  o.e.m.c.i.p.ProjectConfigurationManager - Update completed: 2 sec
2023-01-13 03:20:34,284 [Worker-49: Building] INFO  o.a.m.s.f.DefaultMavenResourcesFiltering - Copying 1 resource
2023-01-13 03:20:34,313 [Worker-49: Building] INFO  o.a.m.s.f.DefaultMavenResourcesFiltering - Copying 0 resource
2023-01-13 03:20:34,318 [Worker-49: Building] INFO  o.a.m.s.f.DefaultMavenResourcesFiltering - skip non existing resourceDirectory C:\Users\Jonatan Altamirano\Documents\workspace-spring-tool-suite-4-4.16.1.RELEASE\repasop2\proyecto_pa_u2_ja\src\test\resources
2023-01-13 03:21:20,847 [Worker-45: Building] INFO  o.a.m.s.f.DefaultMavenResourcesFiltering - Copying 1 resource
2023-01-13 03:21:20,864 [Worker-45: Building] INFO  o.a.m.s.f.DefaultMavenResourcesFiltering - skip non existing resourceDirectory C:\Users\Jonatan Altamirano\Documents\workspace-spring-tool-suite-4-4.16.1.RELEASE\repasop2\proyecto_pa_u2_ja\src\test\resources
2023-01-13 03:21:31,422 [Worker-48: Building] INFO  o.a.m.s.f.DefaultMavenResourcesFiltering - Copying 1 resource
2023-01-13 03:21:31,443 [Worker-48: Building] INFO  o.a.m.s.f.DefaultMavenResourcesFiltering - skip non existing resourceDirectory C:\Users\Jonatan Altamirano\Documents\workspace-spring-tool-suite-4-4.16.1.RELEASE\repasop2\proyecto_pa_u2_ja\src\test\resources
2023-01-13 03:21:43,850 [Worker-50: Building] INFO  o.a.m.s.f.DefaultMavenResourcesFiltering - Copying 1 resource
2023-01-13 03:21:43,897 [Worker-50: Building] INFO  o.a.m.s.f.DefaultMavenResourcesFiltering - skip non existing resourceDirectory C:\Users\Jonatan Altamirano\Documents\workspace-spring-tool-suite-4-4.16.1.RELEASE\repasop2\proyecto_pa_u2_ja\src\test\resources
2023-01-13 03:21:56,671 [Worker-44: Building] INFO  o.a.m.s.f.DefaultMavenResourcesFiltering - Copying 1 resource
2023-01-13 03:21:56,713 [Worker-44: Building] INFO  o.a.m.s.f.DefaultMavenResourcesFiltering - skip non existing resourceDirectory C:\Users\Jonatan Altamirano\Documents\workspace-spring-tool-suite-4-4.16.1.RELEASE\repasop2\proyecto_pa_u2_ja\src\test\resources
2023-01-13 03:22:07,279 [Worker-45: Building] INFO  o.a.m.s.f.DefaultMavenResourcesFiltering - Copying 1 resource
2023-01-13 03:22:07,316 [Worker-45: Building] INFO  o.a.m.s.f.DefaultMavenResourcesFiltering - skip non existing resourceDirectory C:\Users\Jonatan Altamirano\Documents\workspace-spring-tool-suite-4-4.16.1.RELEASE\repasop2\proyecto_pa_u2_ja\src\test\resources
2023-01-13 03:22:42,308 [Worker-48: Building] INFO  o.a.m.s.f.DefaultMavenResourcesFiltering - Copying 1 resource
2023-01-13 03:22:42,402 [Worker-48: Building] INFO  o.a.m.s.f.DefaultMavenResourcesFiltering - skip non existing resourceDirectory C:\Users\Jonatan Altamirano\Documents\workspace-spring-tool-suite-4-4.16.1.RELEASE\repasop2\proyecto_pa_u2_ja\src\test\resources
2023-01-13 03:24:38,993 [Worker-51: Building] INFO  o.a.m.s.f.DefaultMavenResourcesFiltering - Copying 1 resource
2023-01-13 03:24:39,028 [Worker-51: Building] INFO  o.a.m.s.f.DefaultMavenResourcesFiltering - skip non existing resourceDirectory C:\Users\Jonatan Altamirano\Documents\workspace-spring-tool-suite-4-4.16.1.RELEASE\repasop2\proyecto_pa_u2_ja\src\test\resources
2023-01-13 03:27:50,438 [Worker-44: Building] INFO  o.a.m.s.f.DefaultMavenResourcesFiltering - Copying 1 resource
2023-01-13 03:27:50,452 [Worker-44: Building] INFO  o.a.m.s.f.DefaultMavenResourcesFiltering - skip non existing resourceDirectory C:\Users\Jonatan Altamirano\Documents\workspace-spring-tool-suite-4-4.16.1.RELEASE\repasop2\proyecto_pa_u2_ja\src\test\resources
2023-01-13 03:28:44,638 [Worker-51: Building] INFO  o.a.m.s.f.DefaultMavenResourcesFiltering - Copying 1 resource
2023-01-13 03:28:44,649 [Worker-51: Building] INFO  o.a.m.s.f.DefaultMavenResourcesFiltering - Copying 0 resource
2023-01-13 03:28:44,651 [Worker-51: Building] INFO  o.a.m.s.f.DefaultMavenResourcesFiltering - skip non existing resourceDirectory C:\Users\Jonatan Altamirano\Documents\workspace-spring-tool-suite-4-4.16.1.RELEASE\repasop2\proyecto_pa_u2_ja\src\test\resources
2023-01-13 03:29:39,224 [Worker-48: Launching Executing install in C__Users_Jonatan Altamirano_Documents_workspace-spring-tool-suite-4-4.16.1.RELEASE_repasop2_proyecto_pa_u2_ja] INFO  o.e.m.i.launch.MavenLaunchDelegate - C:\Users\Jonatan Altamirano\Documents\workspace-spring-tool-suite-4-4.16.1.RELEASE\repasop2\proyecto_pa_u2_ja
2023-01-13 03:29:39,224 [Worker-48: Launching Executing install in C__Users_Jonatan Altamirano_Documents_workspace-spring-tool-suite-4-4.16.1.RELEASE_repasop2_proyecto_pa_u2_ja] INFO  o.e.m.i.launch.MavenLaunchDelegate -  mvn -Ppom.xml -B -Dstyle.color=always install
2023-01-13 03:30:01,925 [Worker-51: Building] INFO  o.a.m.s.f.DefaultMavenResourcesFiltering - Copying 1 resource
2023-01-13 03:30:01,929 [Worker-51: Building] INFO  o.a.m.s.f.DefaultMavenResourcesFiltering - Copying 0 resource
2023-01-13 03:30:01,933 [Worker-51: Building] INFO  o.a.m.s.f.DefaultMavenResourcesFiltering - skip non existing resourceDirectory C:\Users\Jonatan Altamirano\Documents\workspace-spring-tool-suite-4-4.16.1.RELEASE\repasop2\proyecto_pa_u2_ja\src\test\resources
2023-01-13 03:32:08,931 [Worker-48: Launching Executing clean in C__Users_Jonatan Altamirano_Documents_workspace-spring-tool-suite-4-4.16.1.RELEASE_repasop2_proyecto_pa_u2_ja] INFO  o.e.m.i.launch.MavenLaunchDelegate - C:\Users\Jonatan Altamirano\Documents\workspace-spring-tool-suite-4-4.16.1.RELEASE\repasop2\proyecto_pa_u2_ja
2023-01-13 03:32:08,932 [Worker-48: Launching Executing clean in C__Users_Jonatan Altamirano_Documents_workspace-spring-tool-suite-4-4.16.1.RELEASE_repasop2_proyecto_pa_u2_ja] INFO  o.e.m.i.launch.MavenLaunchDelegate -  mvn -Ppom.xml -B -Dstyle.color=always clean
2023-01-13 03:32:17,005 [Worker-44: Building] INFO  o.a.m.s.f.DefaultMavenResourcesFiltering - Copying 1 resource
2023-01-13 03:32:17,011 [Worker-44: Building] INFO  o.a.m.s.f.DefaultMavenResourcesFiltering - Copying 0 resource
2023-01-13 03:32:17,015 [Worker-44: Building] INFO  o.a.m.s.f.DefaultMavenResourcesFiltering - skip non existing resourceDirectory C:\Users\Jonatan Altamirano\Documents\workspace-spring-tool-suite-4-4.16.1.RELEASE\repasop2\proyecto_pa_u2_ja\src\test\resources
2023-01-13 03:56:04,048 [Worker-44: Building] INFO  o.a.m.s.f.DefaultMavenResourcesFiltering - Copying 1 resource
2023-01-13 03:56:04,062 [Worker-44: Building] INFO  o.a.m.s.f.DefaultMavenResourcesFiltering - Copying 0 resource
2023-01-13 03:56:04,070 [Worker-44: Building] INFO  o.a.m.s.f.DefaultMavenResourcesFiltering - skip non existing resourceDirectory C:\Users\Jonatan Altamirano\Documents\workspace-spring-tool-suite-4-4.16.1.RELEASE\repasop2\proyecto_pa_u2_ja\src\test\resources
2023-01-13 03:59:26,803 [Worker-55: Building] INFO  o.a.m.s.f.DefaultMavenResourcesFiltering - Copying 1 resource
2023-01-13 03:59:26,816 [Worker-55: Building] INFO  o.a.m.s.f.DefaultMavenResourcesFiltering - Copying 0 resource
2023-01-13 03:59:26,820 [Worker-55: Building] INFO  o.a.m.s.f.DefaultMavenResourcesFiltering - skip non existing resourceDirectory C:\Users\Jonatan Altamirano\Documents\workspace-spring-tool-suite-4-4.16.1.RELEASE\repasop2\proyecto_pa_u2_ja\src\test\resources
2023-01-13 04:00:00,392 [Worker-53: Building] INFO  o.a.m.s.f.DefaultMavenResourcesFiltering - Copying 1 resource
2023-01-13 04:00:00,447 [Worker-53: Building] INFO  o.a.m.s.f.DefaultMavenResourcesFiltering - Copying 0 resource
2023-01-13 04:00:00,464 [Worker-53: Building] INFO  o.a.m.s.f.DefaultMavenResourcesFiltering - skip non existing resourceDirectory C:\Users\Jonatan Altamirano\Documents\workspace-spring-tool-suite-4-4.16.1.RELEASE\repasop2\proyecto_pa_u2_ja\src\test\resources
2023-01-13 04:06:19,883 [Worker-55: Building] INFO  o.a.m.s.f.DefaultMavenResourcesFiltering - Copying 1 resource
2023-01-13 04:06:19,897 [Worker-55: Building] INFO  o.a.m.s.f.DefaultMavenResourcesFiltering - Copying 0 resource
2023-01-13 04:06:19,904 [Worker-55: Building] INFO  o.a.m.s.f.DefaultMavenResourcesFiltering - skip non existing resourceDirectory C:\Users\Jonatan Altamirano\Documents\workspace-spring-tool-suite-4-4.16.1.RELEASE\repasop2\proyecto_pa_u2_ja\src\test\resources
2023-01-13 04:07:13,918 [Worker-53: Launching Executing install in C__Users_Jonatan Altamirano_Documents_workspace-spring-tool-suite-4-4.16.1.RELEASE_repasop2_proyecto_pa_u2_ja] INFO  o.e.m.i.launch.MavenLaunchDelegate - C:\Users\Jonatan Altamirano\Documents\workspace-spring-tool-suite-4-4.16.1.RELEASE\repasop2\proyecto_pa_u2_ja
2023-01-13 04:07:13,919 [Worker-53: Launching Executing install in C__Users_Jonatan Altamirano_Documents_workspace-spring-tool-suite-4-4.16.1.RELEASE_repasop2_proyecto_pa_u2_ja] INFO  o.e.m.i.launch.MavenLaunchDelegate -  mvn -Ppom.xml -B -Dstyle.color=always install
2023-01-13 04:07:55,707 [Worker-44: Building] INFO  o.a.m.s.f.DefaultMavenResourcesFiltering - Copying 1 resource
2023-01-13 04:07:55,711 [Worker-44: Building] INFO  o.a.m.s.f.DefaultMavenResourcesFiltering - Copying 0 resource
2023-01-13 04:07:55,715 [Worker-44: Building] INFO  o.a.m.s.f.DefaultMavenResourcesFiltering - skip non existing resourceDirectory C:\Users\Jonatan Altamirano\Documents\workspace-spring-tool-suite-4-4.16.1.RELEASE\repasop2\proyecto_pa_u2_ja\src\test\resources
2023-01-13 04:09:15,933 [Worker-57: Building] INFO  o.a.m.s.f.DefaultMavenResourcesFiltering - Copying 1 resource
2023-01-13 04:09:15,946 [Worker-57: Building] INFO  o.a.m.s.f.DefaultMavenResourcesFiltering - Copying 0 resource
2023-01-13 04:09:15,990 [Worker-57: Building] INFO  o.a.m.s.f.DefaultMavenResourcesFiltering - skip non existing resourceDirectory C:\Users\Jonatan Altamirano\Documents\workspace-spring-tool-suite-4-4.16.1.RELEASE\repasop2\proyecto_pa_u2_ja\src\test\resources
2023-01-13 04:11:13,760 [Worker-53: Building] INFO  o.a.m.s.f.DefaultMavenResourcesFiltering - Copying 1 resource
2023-01-13 04:11:13,841 [Worker-53: Building] INFO  o.a.m.s.f.DefaultMavenResourcesFiltering - Copying 0 resource
2023-01-13 04:11:13,846 [Worker-53: Building] INFO  o.a.m.s.f.DefaultMavenResourcesFiltering - skip non existing resourceDirectory C:\Users\Jonatan Altamirano\Documents\workspace-spring-tool-suite-4-4.16.1.RELEASE\repasop2\proyecto_pa_u2_ja\src\test\resources
2023-01-13 04:11:39,888 [Worker-50: Building] INFO  o.a.m.s.f.DefaultMavenResourcesFiltering - Copying 1 resource
2023-01-13 04:11:39,913 [Worker-50: Building] INFO  o.a.m.s.f.DefaultMavenResourcesFiltering - Copying 0 resource
2023-01-13 04:11:39,917 [Worker-50: Building] INFO  o.a.m.s.f.DefaultMavenResourcesFiltering - skip non existing resourceDirectory C:\Users\Jonatan Altamirano\Documents\workspace-spring-tool-suite-4-4.16.1.RELEASE\repasop2\proyecto_pa_u2_ja\src\test\resources
2023-01-13 04:12:15,015 [Worker-53: Building] INFO  o.a.m.s.f.DefaultMavenResourcesFiltering - Copying 1 resource
2023-01-13 04:12:15,177 [Worker-53: Building] INFO  o.a.m.s.f.DefaultMavenResourcesFiltering - Copying 0 resource
2023-01-13 04:12:15,181 [Worker-53: Building] INFO  o.a.m.s.f.DefaultMavenResourcesFiltering - skip non existing resourceDirectory C:\Users\Jonatan Altamirano\Documents\workspace-spring-tool-suite-4-4.16.1.RELEASE\repasop2\proyecto_pa_u2_ja\src\test\resources
2023-01-13 04:12:52,669 [Worker-53: Building] INFO  o.a.m.s.f.DefaultMavenResourcesFiltering - Copying 1 resource
2023-01-13 04:12:52,703 [Worker-53: Building] INFO  o.a.m.s.f.DefaultMavenResourcesFiltering - Copying 0 resource
2023-01-13 04:12:52,709 [Worker-53: Building] INFO  o.a.m.s.f.DefaultMavenResourcesFiltering - skip non existing resourceDirectory C:\Users\Jonatan Altamirano\Documents\workspace-spring-tool-suite-4-4.16.1.RELEASE\repasop2\proyecto_pa_u2_ja\src\test\resources
2023-01-13 04:13:26,012 [Worker-57: Building] INFO  o.a.m.s.f.DefaultMavenResourcesFiltering - Copying 1 resource
2023-01-13 04:13:26,044 [Worker-57: Building] INFO  o.a.m.s.f.DefaultMavenResourcesFiltering - Copying 0 resource
2023-01-13 04:13:26,048 [Worker-57: Building] INFO  o.a.m.s.f.DefaultMavenResourcesFiltering - skip non existing resourceDirectory C:\Users\Jonatan Altamirano\Documents\workspace-spring-tool-suite-4-4.16.1.RELEASE\repasop2\proyecto_pa_u2_ja\src\test\resources
2023-01-13 04:15:55,435 [Worker-44: Building] INFO  o.a.m.s.f.DefaultMavenResourcesFiltering - Copying 1 resource
2023-01-13 04:15:55,491 [Worker-44: Building] INFO  o.a.m.s.f.DefaultMavenResourcesFiltering - Copying 0 resource
2023-01-13 04:15:55,495 [Worker-44: Building] INFO  o.a.m.s.f.DefaultMavenResourcesFiltering - skip non existing resourceDirectory C:\Users\Jonatan Altamirano\Documents\workspace-spring-tool-suite-4-4.16.1.RELEASE\repasop2\proyecto_pa_u2_ja\src\test\resources
2023-01-13 04:16:39,038 [Worker-56: Launching Executing install in C__Users_Jonatan Altamirano_Documents_workspace-spring-tool-suite-4-4.16.1.RELEASE_repasop2_proyecto_pa_u2_ja] INFO  o.e.m.i.launch.MavenLaunchDelegate - C:\Users\Jonatan Altamirano\Documents\workspace-spring-tool-suite-4-4.16.1.RELEASE\repasop2\proyecto_pa_u2_ja
2023-01-13 04:16:39,038 [Worker-56: Launching Executing install in C__Users_Jonatan Altamirano_Documents_workspace-spring-tool-suite-4-4.16.1.RELEASE_repasop2_proyecto_pa_u2_ja] INFO  o.e.m.i.launch.MavenLaunchDelegate -  mvn -Ppom.xml -B -Dstyle.color=always install
2023-01-13 04:17:04,510 [Worker-44: Building] INFO  o.a.m.s.f.DefaultMavenResourcesFiltering - Copying 1 resource
2023-01-13 04:17:04,548 [Worker-44: Building] INFO  o.a.m.s.f.DefaultMavenResourcesFiltering - Copying 0 resource
2023-01-13 04:17:04,552 [Worker-44: Building] INFO  o.a.m.s.f.DefaultMavenResourcesFiltering - skip non existing resourceDirectory C:\Users\Jonatan Altamirano\Documents\workspace-spring-tool-suite-4-4.16.1.RELEASE\repasop2\proyecto_pa_u2_ja\src\test\resources
2023-01-13 04:19:32,243 [Worker-57: Launching Executing clean in C__Users_Jonatan Altamirano_Documents_workspace-spring-tool-suite-4-4.16.1.RELEASE_repasop2_proyecto_pa_u2_ja] INFO  o.e.m.i.launch.MavenLaunchDelegate - C:\Users\Jonatan Altamirano\Documents\workspace-spring-tool-suite-4-4.16.1.RELEASE\repasop2\proyecto_pa_u2_ja
2023-01-13 04:19:32,243 [Worker-57: Launching Executing clean in C__Users_Jonatan Altamirano_Documents_workspace-spring-tool-suite-4-4.16.1.RELEASE_repasop2_proyecto_pa_u2_ja] INFO  o.e.m.i.launch.MavenLaunchDelegate -  mvn -Ppom.xml -B -Dstyle.color=always clean
2023-01-13 04:20:19,162 [Worker-60: Launching Executing install in C__Users_Jonatan Altamirano_Documents_workspace-spring-tool-suite-4-4.16.1.RELEASE_repasop2_proyecto_pa_u2_ja] INFO  o.e.m.i.launch.MavenLaunchDelegate - C:\Users\Jonatan Altamirano\Documents\workspace-spring-tool-suite-4-4.16.1.RELEASE\repasop2\proyecto_pa_u2_ja
2023-01-13 04:20:19,162 [Worker-60: Launching Executing install in C__Users_Jonatan Altamirano_Documents_workspace-spring-tool-suite-4-4.16.1.RELEASE_repasop2_proyecto_pa_u2_ja] INFO  o.e.m.i.launch.MavenLaunchDelegate -  mvn -Ppom.xml -B -Dstyle.color=always install
2023-01-13 04:20:44,726 [Worker-59: Building] INFO  o.a.m.s.f.DefaultMavenResourcesFiltering - Copying 1 resource
2023-01-13 04:20:44,757 [Worker-59: Building] INFO  o.a.m.s.f.DefaultMavenResourcesFiltering - Copying 0 resource
2023-01-13 04:20:44,761 [Worker-59: Building] INFO  o.a.m.s.f.DefaultMavenResourcesFiltering - skip non existing resourceDirectory C:\Users\Jonatan Altamirano\Documents\workspace-spring-tool-suite-4-4.16.1.RELEASE\repasop2\proyecto_pa_u2_ja\src\test\resources
2023-01-13 04:22:00,946 [Worker-59: Launching Executing install in C__Users_Jonatan Altamirano_Documents_workspace-spring-tool-suite-4-4.16.1.RELEASE_repasop2_proyecto_pa_u2_ja] INFO  o.e.m.i.launch.MavenLaunchDelegate - C:\Users\Jonatan Altamirano\Documents\workspace-spring-tool-suite-4-4.16.1.RELEASE\repasop2\proyecto_pa_u2_ja
2023-01-13 04:22:00,947 [Worker-59: Launching Executing install in C__Users_Jonatan Altamirano_Documents_workspace-spring-tool-suite-4-4.16.1.RELEASE_repasop2_proyecto_pa_u2_ja] INFO  o.e.m.i.launch.MavenLaunchDelegate -  mvn -Ppom.xml -B -Dstyle.color=always install
2023-01-13 04:22:25,061 [Worker-62: Building] INFO  o.a.m.s.f.DefaultMavenResourcesFiltering - Copying 0 resource
2023-01-13 04:22:25,062 [Worker-62: Building] INFO  o.a.m.s.f.DefaultMavenResourcesFiltering - Copying 0 resource
2023-01-13 04:22:25,065 [Worker-62: Building] INFO  o.a.m.s.f.DefaultMavenResourcesFiltering - skip non existing resourceDirectory C:\Users\Jonatan Altamirano\Documents\workspace-spring-tool-suite-4-4.16.1.RELEASE\repasop2\proyecto_pa_u2_ja\src\test\resources
2023-01-13 04:27:47,866 [Worker-1: Loading available Gradle versions] INFO  o.e.b.c.i.u.g.PublishedGradleVersions - Gradle version information cache is up-to-date. Trying to read.
2023-01-13 04:28:01,507 [Worker-0: Building] INFO  o.a.m.s.f.DefaultMavenResourcesFiltering - Copying 1 resource
2023-01-13 04:28:01,560 [Worker-0: Building] INFO  o.a.m.s.f.DefaultMavenResourcesFiltering - Copying 0 resource
2023-01-13 04:28:01,569 [Worker-0: Building] INFO  o.a.m.s.f.DefaultMavenResourcesFiltering - skip non existing resourceDirectory C:\Users\Jonatan Altamirano\Documents\workspace-spring-tool-suite-4-4.16.1.RELEASE\repasop2\proyecto_pa_u2_ja\src\test\resources
2023-01-13 04:29:32,022 [Worker-2: Launching Executing install in C__Users_Jonatan Altamirano_Documents_workspace-spring-tool-suite-4-4.16.1.RELEASE_repasop2_proyecto_pa_u2_ja] INFO  o.e.m.i.launch.MavenLaunchDelegate - C:\Users\Jonatan Altamirano\Documents\workspace-spring-tool-suite-4-4.16.1.RELEASE\repasop2\proyecto_pa_u2_ja
2023-01-13 04:29:32,027 [Worker-2: Launching Executing install in C__Users_Jonatan Altamirano_Documents_workspace-spring-tool-suite-4-4.16.1.RELEASE_repasop2_proyecto_pa_u2_ja] INFO  o.e.m.i.launch.MavenLaunchDelegate -  mvn -Ppom.xml -B -Dstyle.color=always install
2023-01-13 04:30:00,772 [Worker-2: Building] INFO  o.a.m.s.f.DefaultMavenResourcesFiltering - Copying 0 resource
2023-01-13 04:30:00,773 [Worker-2: Building] INFO  o.a.m.s.f.DefaultMavenResourcesFiltering - Copying 0 resource
2023-01-13 04:30:00,779 [Worker-2: Building] INFO  o.a.m.s.f.DefaultMavenResourcesFiltering - skip non existing resourceDirectory C:\Users\Jonatan Altamirano\Documents\workspace-spring-tool-suite-4-4.16.1.RELEASE\repasop2\proyecto_pa_u2_ja\src\test\resources
2023-01-13 04:31:01,469 [Worker-2: Launching Executing install in C__Users_Jonatan Altamirano_Documents_workspace-spring-tool-suite-4-4.16.1.RELEASE_repasop2_proyecto_pa_u2_ja] INFO  o.e.m.i.launch.MavenLaunchDelegate - C:\Users\Jonatan Altamirano\Documents\workspace-spring-tool-suite-4-4.16.1.RELEASE\repasop2\proyecto_pa_u2_ja
2023-01-13 04:31:01,470 [Worker-2: Launching Executing install in C__Users_Jonatan Altamirano_Documents_workspace-spring-tool-suite-4-4.16.1.RELEASE_repasop2_proyecto_pa_u2_ja] INFO  o.e.m.i.launch.MavenLaunchDelegate -  mvn -Ppom.xml -B -Dstyle.color=always install
2023-01-13 04:31:29,870 [Worker-7: Building] INFO  o.a.m.s.f.DefaultMavenResourcesFiltering - Copying 0 resource
2023-01-13 04:31:29,870 [Worker-7: Building] INFO  o.a.m.s.f.DefaultMavenResourcesFiltering - Copying 0 resource
2023-01-13 04:31:29,876 [Worker-7: Building] INFO  o.a.m.s.f.DefaultMavenResourcesFiltering - skip non existing resourceDirectory C:\Users\Jonatan Altamirano\Documents\workspace-spring-tool-suite-4-4.16.1.RELEASE\repasop2\proyecto_pa_u2_ja\src\test\resources
2023-01-13 04:34:12,632 [Worker-10: Launching Executing install in C__Users_Jonatan Altamirano_Documents_workspace-spring-tool-suite-4-4.16.1.RELEASE_repasop2_proyecto_pa_u2_ja] INFO  o.e.m.i.launch.MavenLaunchDelegate - C:\Users\Jonatan Altamirano\Documents\workspace-spring-tool-suite-4-4.16.1.RELEASE\repasop2\proyecto_pa_u2_ja
2023-01-13 04:34:12,633 [Worker-10: Launching Executing install in C__Users_Jonatan Altamirano_Documents_workspace-spring-tool-suite-4-4.16.1.RELEASE_repasop2_proyecto_pa_u2_ja] INFO  o.e.m.i.launch.MavenLaunchDelegate -  mvn -Ppom.xml -B -Dstyle.color=always install
2023-01-13 04:34:41,641 [Worker-5: Building] INFO  o.a.m.s.f.DefaultMavenResourcesFiltering - Copying 0 resource
2023-01-13 04:34:41,642 [Worker-5: Building] INFO  o.a.m.s.f.DefaultMavenResourcesFiltering - Copying 0 resource
2023-01-13 04:34:41,650 [Worker-5: Building] INFO  o.a.m.s.f.DefaultMavenResourcesFiltering - skip non existing resourceDirectory C:\Users\Jonatan Altamirano\Documents\workspace-spring-tool-suite-4-4.16.1.RELEASE\repasop2\proyecto_pa_u2_ja\src\test\resources
2023-01-13 04:36:46,369 [Worker-13: Launching proyecto_pa_u2_ja - ProyectoPaU2JaApplication] INFO  o.a.m.s.f.DefaultMavenResourcesFiltering - Copying 1 resource
2023-01-13 04:36:46,436 [Worker-13: Launching proyecto_pa_u2_ja - ProyectoPaU2JaApplication] INFO  o.a.m.s.f.DefaultMavenResourcesFiltering - Copying 0 resource
2023-01-13 04:36:46,442 [Worker-13: Launching proyecto_pa_u2_ja - ProyectoPaU2JaApplication] INFO  o.a.m.s.f.DefaultMavenResourcesFiltering - skip non existing resourceDirectory C:\Users\Jonatan Altamirano\Documents\workspace-spring-tool-suite-4-4.16.1.RELEASE\repasop2\proyecto_pa_u2_ja\src\test\resources
2023-01-13 04:37:06,967 [Worker-15: Launching Executing install in C__Users_Jonatan Altamirano_Documents_workspace-spring-tool-suite-4-4.16.1.RELEASE_repasop2_proyecto_pa_u2_ja] INFO  o.e.m.i.launch.MavenLaunchDelegate - C:\Users\Jonatan Altamirano\Documents\workspace-spring-tool-suite-4-4.16.1.RELEASE\repasop2\proyecto_pa_u2_ja
2023-01-13 04:37:06,968 [Worker-15: Launching Executing install in C__Users_Jonatan Altamirano_Documents_workspace-spring-tool-suite-4-4.16.1.RELEASE_repasop2_proyecto_pa_u2_ja] INFO  o.e.m.i.launch.MavenLaunchDelegate -  mvn -Ppom.xml -B -Dstyle.color=always install
2023-01-13 04:37:35,260 [Worker-9: Building] INFO  o.a.m.s.f.DefaultMavenResourcesFiltering - Copying 0 resource
2023-01-13 04:37:35,261 [Worker-9: Building] INFO  o.a.m.s.f.DefaultMavenResourcesFiltering - Copying 0 resource
2023-01-13 04:37:35,268 [Worker-9: Building] INFO  o.a.m.s.f.DefaultMavenResourcesFiltering - skip non existing resourceDirectory C:\Users\Jonatan Altamirano\Documents\workspace-spring-tool-suite-4-4.16.1.RELEASE\repasop2\proyecto_pa_u2_ja\src\test\resources
2023-01-13 09:45:54,107 [Worker-13: Launching proyecto_pa_u2_ja - ProyectoPaU2JaApplication] INFO  o.a.m.s.f.DefaultMavenResourcesFiltering - Copying 1 resource
2023-01-13 09:45:54,143 [Worker-13: Launching proyecto_pa_u2_ja - ProyectoPaU2JaApplication] INFO  o.a.m.s.f.DefaultMavenResourcesFiltering - Copying 0 resource
2023-01-13 09:45:54,150 [Worker-13: Launching proyecto_pa_u2_ja - ProyectoPaU2JaApplication] INFO  o.a.m.s.f.DefaultMavenResourcesFiltering - skip non existing resourceDirectory C:\Users\Jonatan Altamirano\Documents\workspace-spring-tool-suite-4-4.16.1.RELEASE\repasop2\proyecto_pa_u2_ja\src\test\resources
2023-01-13 09:46:34,619 [Worker-20: Launching Executing install in C__Users_Jonatan Altamirano_Documents_workspace-spring-tool-suite-4-4.16.1.RELEASE_repasop2_proyecto_pa_u2_ja] INFO  o.e.m.i.launch.MavenLaunchDelegate - C:\Users\Jonatan Altamirano\Documents\workspace-spring-tool-suite-4-4.16.1.RELEASE\repasop2\proyecto_pa_u2_ja
2023-01-13 09:46:34,621 [Worker-20: Launching Executing install in C__Users_Jonatan Altamirano_Documents_workspace-spring-tool-suite-4-4.16.1.RELEASE_repasop2_proyecto_pa_u2_ja] INFO  o.e.m.i.launch.MavenLaunchDelegate -  mvn -Ppom.xml -B -Dstyle.color=always install
2023-01-13 09:47:22,711 [Worker-17: Building] INFO  o.a.m.s.f.DefaultMavenResourcesFiltering - Copying 0 resource
2023-01-13 09:47:22,712 [Worker-17: Building] INFO  o.a.m.s.f.DefaultMavenResourcesFiltering - Copying 0 resource
2023-01-13 09:47:22,724 [Worker-17: Building] INFO  o.a.m.s.f.DefaultMavenResourcesFiltering - skip non existing resourceDirectory C:\Users\Jonatan Altamirano\Documents\workspace-spring-tool-suite-4-4.16.1.RELEASE\repasop2\proyecto_pa_u2_ja\src\test\resources
2023-01-13 09:50:32,606 [Worker-21: Launching proyecto_pa_u2_ja - ProyectoPaU2JaApplication] INFO  o.a.m.s.f.DefaultMavenResourcesFiltering - Copying 1 resource
2023-01-13 09:50:32,629 [Worker-21: Launching proyecto_pa_u2_ja - ProyectoPaU2JaApplication] INFO  o.a.m.s.f.DefaultMavenResourcesFiltering - Copying 0 resource
2023-01-13 09:50:32,646 [Worker-21: Launching proyecto_pa_u2_ja - ProyectoPaU2JaApplication] INFO  o.a.m.s.f.DefaultMavenResourcesFiltering - skip non existing resourceDirectory C:\Users\Jonatan Altamirano\Documents\workspace-spring-tool-suite-4-4.16.1.RELEASE\repasop2\proyecto_pa_u2_ja\src\test\resources
2023-01-13 09:55:23,647 [Worker-31: Launching proyecto_pa_u2_ja - ProyectoPaU2JaApplication] INFO  o.a.m.s.f.DefaultMavenResourcesFiltering - Copying 1 resource
2023-01-13 09:55:23,705 [Worker-31: Launching proyecto_pa_u2_ja - ProyectoPaU2JaApplication] INFO  o.a.m.s.f.DefaultMavenResourcesFiltering - Copying 0 resource
2023-01-13 09:55:23,710 [Worker-31: Launching proyecto_pa_u2_ja - ProyectoPaU2JaApplication] INFO  o.a.m.s.f.DefaultMavenResourcesFiltering - skip non existing resourceDirectory C:\Users\Jonatan Altamirano\Documents\workspace-spring-tool-suite-4-4.16.1.RELEASE\repasop2\proyecto_pa_u2_ja\src\test\resources
2023-01-13 10:43:00,080 [Worker-26: Building] INFO  o.a.m.s.f.DefaultMavenResourcesFiltering - Copying 1 resource
2023-01-13 10:43:00,204 [Worker-26: Building] INFO  o.a.m.s.f.DefaultMavenResourcesFiltering - Copying 0 resource
2023-01-13 10:43:00,222 [Worker-26: Building] INFO  o.a.m.s.f.DefaultMavenResourcesFiltering - skip non existing resourceDirectory C:\Users\Jonatan Altamirano\Documents\workspace-spring-tool-suite-4-4.16.1.RELEASE\repasop2\proyecto_pa_u2_ja\src\test\resources
2023-01-13 10:47:20,459 [Worker-36: Building] INFO  o.a.m.s.f.DefaultMavenResourcesFiltering - Copying 1 resource
2023-01-13 10:47:20,533 [Worker-36: Building] INFO  o.a.m.s.f.DefaultMavenResourcesFiltering - Copying 0 resource
2023-01-13 10:47:20,537 [Worker-36: Building] INFO  o.a.m.s.f.DefaultMavenResourcesFiltering - skip non existing resourceDirectory C:\Users\Jonatan Altamirano\Documents\workspace-spring-tool-suite-4-4.16.1.RELEASE\repasop2\proyecto_pa_u2_ja\src\test\resources
2023-01-13 10:52:51,602 [Worker-38: Launching proyecto_pa_u2_ja - ProyectoPaU2JaApplication] INFO  o.a.m.s.f.DefaultMavenResourcesFiltering - Copying 1 resource
2023-01-13 10:52:51,633 [Worker-38: Launching proyecto_pa_u2_ja - ProyectoPaU2JaApplication] INFO  o.a.m.s.f.DefaultMavenResourcesFiltering - Copying 0 resource
2023-01-13 10:52:51,638 [Worker-38: Launching proyecto_pa_u2_ja - ProyectoPaU2JaApplication] INFO  o.a.m.s.f.DefaultMavenResourcesFiltering - skip non existing resourceDirectory C:\Users\Jonatan Altamirano\Documents\workspace-spring-tool-suite-4-4.16.1.RELEASE\repasop2\proyecto_pa_u2_ja\src\test\resources
2023-01-13 10:58:32,952 [Worker-38: Building] INFO  o.a.m.s.f.DefaultMavenResourcesFiltering - Copying 1 resource
2023-01-13 10:58:32,969 [Worker-38: Building] INFO  o.a.m.s.f.DefaultMavenResourcesFiltering - Copying 0 resource
2023-01-13 10:58:33,032 [Worker-38: Building] INFO  o.a.m.s.f.DefaultMavenResourcesFiltering - skip non existing resourceDirectory C:\Users\Jonatan Altamirano\Documents\workspace-spring-tool-suite-4-4.16.1.RELEASE\repasop2\proyecto_pa_u2_ja\src\test\resources
2023-01-13 11:24:06,822 [Worker-48: Launching proyecto_pa_u2_ja - ProyectoPaU2JaApplication] INFO  o.a.m.s.f.DefaultMavenResourcesFiltering - Copying 1 resource
2023-01-13 11:24:06,856 [Worker-48: Launching proyecto_pa_u2_ja - ProyectoPaU2JaApplication] INFO  o.a.m.s.f.DefaultMavenResourcesFiltering - Copying 0 resource
2023-01-13 11:24:06,878 [Worker-48: Launching proyecto_pa_u2_ja - ProyectoPaU2JaApplication] INFO  o.a.m.s.f.DefaultMavenResourcesFiltering - skip non existing resourceDirectory C:\Users\Jonatan Altamirano\Documents\workspace-spring-tool-suite-4-4.16.1.RELEASE\repasop2\proyecto_pa_u2_ja\src\test\resources
2023-01-13 11:42:42,172 [Worker-47: Launching proyecto_pa_u2_ja - ProyectoPaU2JaApplication] INFO  o.a.m.s.f.DefaultMavenResourcesFiltering - Copying 1 resource
2023-01-13 11:42:42,231 [Worker-47: Launching proyecto_pa_u2_ja - ProyectoPaU2JaApplication] INFO  o.a.m.s.f.DefaultMavenResourcesFiltering - Copying 0 resource
2023-01-13 11:42:42,239 [Worker-47: Launching proyecto_pa_u2_ja - ProyectoPaU2JaApplication] INFO  o.a.m.s.f.DefaultMavenResourcesFiltering - skip non existing resourceDirectory C:\Users\Jonatan Altamirano\Documents\workspace-spring-tool-suite-4-4.16.1.RELEASE\repasop2\proyecto_pa_u2_ja\src\test\resources
2023-01-13 11:43:24,637 [Worker-51: Launching proyecto_pa_u2_ja - ProyectoPaU2JaApplication] INFO  o.a.m.s.f.DefaultMavenResourcesFiltering - Copying 1 resource
2023-01-13 11:43:24,697 [Worker-51: Launching proyecto_pa_u2_ja - ProyectoPaU2JaApplication] INFO  o.a.m.s.f.DefaultMavenResourcesFiltering - Copying 0 resource
2023-01-13 11:43:24,705 [Worker-51: Launching proyecto_pa_u2_ja - ProyectoPaU2JaApplication] INFO  o.a.m.s.f.DefaultMavenResourcesFiltering - skip non existing resourceDirectory C:\Users\Jonatan Altamirano\Documents\workspace-spring-tool-suite-4-4.16.1.RELEASE\repasop2\proyecto_pa_u2_ja\src\test\resources
2023-01-13 12:16:06,869 [Worker-54: Launching proyecto_pa_u2_ja - ProyectoPaU2JaApplication] INFO  o.a.m.s.f.DefaultMavenResourcesFiltering - Copying 1 resource
2023-01-13 12:16:06,917 [Worker-54: Launching proyecto_pa_u2_ja - ProyectoPaU2JaApplication] INFO  o.a.m.s.f.DefaultMavenResourcesFiltering - Copying 0 resource
2023-01-13 12:16:06,923 [Worker-54: Launching proyecto_pa_u2_ja - ProyectoPaU2JaApplication] INFO  o.a.m.s.f.DefaultMavenResourcesFiltering - skip non existing resourceDirectory C:\Users\Jonatan Altamirano\Documents\workspace-spring-tool-suite-4-4.16.1.RELEASE\repasop2\proyecto_pa_u2_ja\src\test\resources
2023-01-13 12:21:20,591 [Worker-66: Launching Executing install in C__Users_Jonatan Altamirano_Documents_workspace-spring-tool-suite-4-4.16.1.RELEASE_repasop2_proyecto_pa_u2_ja] INFO  o.e.m.i.launch.MavenLaunchDelegate - C:\Users\Jonatan Altamirano\Documents\workspace-spring-tool-suite-4-4.16.1.RELEASE\repasop2\proyecto_pa_u2_ja
2023-01-13 12:21:20,592 [Worker-66: Launching Executing install in C__Users_Jonatan Altamirano_Documents_workspace-spring-tool-suite-4-4.16.1.RELEASE_repasop2_proyecto_pa_u2_ja] INFO  o.e.m.i.launch.MavenLaunchDelegate -  mvn -Ppom.xml -B -Dstyle.color=always install
2023-01-13 12:21:52,783 [Worker-68: Building] INFO  o.a.m.s.f.DefaultMavenResourcesFiltering - Copying 1 resource
2023-01-13 12:21:52,848 [Worker-68: Building] INFO  o.a.m.s.f.DefaultMavenResourcesFiltering - Copying 0 resource
2023-01-13 12:21:52,859 [Worker-68: Building] INFO  o.a.m.s.f.DefaultMavenResourcesFiltering - skip non existing resourceDirectory C:\Users\Jonatan Altamirano\Documents\workspace-spring-tool-suite-4-4.16.1.RELEASE\repasop2\proyecto_pa_u2_ja\src\test\resources
2023-01-13 12:33:50,358 [Worker-1: Loading available Gradle versions] INFO  o.e.b.c.i.u.g.PublishedGradleVersions - Gradle version information cache is up-to-date. Trying to read.
2023-01-13 12:38:04,461 [Worker-8: Building] INFO  o.a.m.s.f.DefaultMavenResourcesFiltering - Copying 1 resource
2023-01-13 12:38:04,507 [Worker-8: Building] INFO  o.a.m.s.f.DefaultMavenResourcesFiltering - Copying 0 resource
2023-01-13 12:38:04,515 [Worker-8: Building] INFO  o.a.m.s.f.DefaultMavenResourcesFiltering - skip non existing resourceDirectory C:\Users\Jonatan Altamirano\Documents\workspace-spring-tool-suite-4-4.16.1.RELEASE\repasop2\proyecto_pa_u2_ja\src\test\resources
2023-01-13 12:43:10,685 [Worker-8: Building] INFO  o.a.m.s.f.DefaultMavenResourcesFiltering - Copying 1 resource
2023-01-13 12:43:10,882 [Worker-8: Building] INFO  o.a.m.s.f.DefaultMavenResourcesFiltering - Copying 0 resource
2023-01-13 12:43:10,947 [Worker-8: Building] INFO  o.a.m.s.f.DefaultMavenResourcesFiltering - skip non existing resourceDirectory C:\Users\Jonatan Altamirano\Documents\workspace-spring-tool-suite-4-4.16.1.RELEASE\repasop2\proyecto_pa_u2_ja\src\test\resources
2023-01-13 12:44:08,481 [Worker-11: Building] INFO  o.a.m.s.f.DefaultMavenResourcesFiltering - Copying 1 resource
2023-01-13 12:44:08,491 [Worker-11: Building] INFO  o.a.m.s.f.DefaultMavenResourcesFiltering - Copying 0 resource
2023-01-13 12:44:08,498 [Worker-11: Building] INFO  o.a.m.s.f.DefaultMavenResourcesFiltering - skip non existing resourceDirectory C:\Users\Jonatan Altamirano\Documents\workspace-spring-tool-suite-4-4.16.1.RELEASE\repasop2\proyecto_pa_u2_ja\src\test\resources
2023-01-13 12:46:22,538 [Worker-13: Building] INFO  o.a.m.s.f.DefaultMavenResourcesFiltering - Copying 1 resource
2023-01-13 12:46:22,603 [Worker-13: Building] INFO  o.a.m.s.f.DefaultMavenResourcesFiltering - Copying 0 resource
2023-01-13 12:46:22,664 [Worker-13: Building] INFO  o.a.m.s.f.DefaultMavenResourcesFiltering - skip non existing resourceDirectory C:\Users\Jonatan Altamirano\Documents\workspace-spring-tool-suite-4-4.16.1.RELEASE\repasop2\proyecto_pa_u2_ja\src\test\resources
2023-01-13 12:47:21,789 [Worker-9: Building] INFO  o.a.m.s.f.DefaultMavenResourcesFiltering - Copying 1 resource
2023-01-13 12:47:21,834 [Worker-9: Building] INFO  o.a.m.s.f.DefaultMavenResourcesFiltering - Copying 0 resource
2023-01-13 12:47:21,839 [Worker-9: Building] INFO  o.a.m.s.f.DefaultMavenResourcesFiltering - skip non existing resourceDirectory C:\Users\Jonatan Altamirano\Documents\workspace-spring-tool-suite-4-4.16.1.RELEASE\repasop2\proyecto_pa_u2_ja\src\test\resources
2023-01-13 12:48:14,781 [Worker-14: Building] INFO  o.a.m.s.f.DefaultMavenResourcesFiltering - Copying 1 resource
2023-01-13 12:48:14,851 [Worker-14: Building] INFO  o.a.m.s.f.DefaultMavenResourcesFiltering - Copying 0 resource
2023-01-13 12:48:14,862 [Worker-14: Building] INFO  o.a.m.s.f.DefaultMavenResourcesFiltering - skip non existing resourceDirectory C:\Users\Jonatan Altamirano\Documents\workspace-spring-tool-suite-4-4.16.1.RELEASE\repasop2\proyecto_pa_u2_ja\src\test\resources
2023-01-13 12:57:17,261 [Worker-12: Building] INFO  o.a.m.s.f.DefaultMavenResourcesFiltering - Copying 1 resource
2023-01-13 12:57:17,273 [Worker-12: Building] INFO  o.a.m.s.f.DefaultMavenResourcesFiltering - Copying 0 resource
2023-01-13 12:57:17,280 [Worker-12: Building] INFO  o.a.m.s.f.DefaultMavenResourcesFiltering - skip non existing resourceDirectory C:\Users\Jonatan Altamirano\Documents\workspace-spring-tool-suite-4-4.16.1.RELEASE\repasop2\proyecto_pa_u2_ja\src\test\resources
2023-01-13 13:07:53,973 [Worker-12: Building] INFO  o.a.m.s.f.DefaultMavenResourcesFiltering - Copying 1 resource
2023-01-13 13:07:54,070 [Worker-12: Building] INFO  o.a.m.s.f.DefaultMavenResourcesFiltering - Copying 0 resource
2023-01-13 13:07:54,117 [Worker-12: Building] INFO  o.a.m.s.f.DefaultMavenResourcesFiltering - skip non existing resourceDirectory C:\Users\Jonatan Altamirano\Documents\workspace-spring-tool-suite-4-4.16.1.RELEASE\repasop2\proyecto_pa_u2_ja\src\test\resources
2023-01-13 13:09:31,065 [Worker-21: Building] INFO  o.a.m.s.f.DefaultMavenResourcesFiltering - Copying 1 resource
2023-01-13 13:09:31,099 [Worker-21: Building] INFO  o.a.m.s.f.DefaultMavenResourcesFiltering - Copying 0 resource
2023-01-13 13:09:31,105 [Worker-21: Building] INFO  o.a.m.s.f.DefaultMavenResourcesFiltering - skip non existing resourceDirectory C:\Users\Jonatan Altamirano\Documents\workspace-spring-tool-suite-4-4.16.1.RELEASE\repasop2\proyecto_pa_u2_ja\src\test\resources
2023-01-13 13:16:26,369 [Worker-22: Building] INFO  o.a.m.s.f.DefaultMavenResourcesFiltering - Copying 1 resource
2023-01-13 13:16:26,404 [Worker-22: Building] INFO  o.a.m.s.f.DefaultMavenResourcesFiltering - Copying 0 resource
2023-01-13 13:16:26,412 [Worker-22: Building] INFO  o.a.m.s.f.DefaultMavenResourcesFiltering - skip non existing resourceDirectory C:\Users\Jonatan Altamirano\Documents\workspace-spring-tool-suite-4-4.16.1.RELEASE\repasop2\proyecto_pa_u2_ja\src\test\resources
2023-01-13 13:17:10,734 [Worker-19: Building] INFO  o.a.m.s.f.DefaultMavenResourcesFiltering - Copying 1 resource
2023-01-13 13:17:10,859 [Worker-19: Building] INFO  o.a.m.s.f.DefaultMavenResourcesFiltering - Copying 0 resource
2023-01-13 13:17:10,877 [Worker-19: Building] INFO  o.a.m.s.f.DefaultMavenResourcesFiltering - skip non existing resourceDirectory C:\Users\Jonatan Altamirano\Documents\workspace-spring-tool-suite-4-4.16.1.RELEASE\repasop2\proyecto_pa_u2_ja\src\test\resources
2023-01-13 14:21:50,903 [Worker-26: Building] INFO  o.a.m.s.f.DefaultMavenResourcesFiltering - Copying 1 resource
2023-01-13 14:21:50,999 [Worker-26: Building] INFO  o.a.m.s.f.DefaultMavenResourcesFiltering - Copying 0 resource
2023-01-13 14:21:51,006 [Worker-26: Building] INFO  o.a.m.s.f.DefaultMavenResourcesFiltering - skip non existing resourceDirectory C:\Users\Jonatan Altamirano\Documents\workspace-spring-tool-suite-4-4.16.1.RELEASE\repasop2\proyecto_pa_u2_ja\src\test\resources
2023-01-13 14:23:04,760 [Worker-22: Building] INFO  o.a.m.s.f.DefaultMavenResourcesFiltering - Copying 1 resource
2023-01-13 14:23:04,848 [Worker-22: Building] INFO  o.a.m.s.f.DefaultMavenResourcesFiltering - Copying 0 resource
2023-01-13 14:23:04,899 [Worker-22: Building] INFO  o.a.m.s.f.DefaultMavenResourcesFiltering - skip non existing resourceDirectory C:\Users\Jonatan Altamirano\Documents\workspace-spring-tool-suite-4-4.16.1.RELEASE\repasop2\proyecto_pa_u2_ja\src\test\resources
2023-01-13 14:31:39,832 [Worker-8: Building] INFO  o.a.m.s.f.DefaultMavenResourcesFiltering - Copying 1 resource
2023-01-13 14:31:39,884 [Worker-8: Building] INFO  o.a.m.s.f.DefaultMavenResourcesFiltering - Copying 0 resource
2023-01-13 14:31:39,890 [Worker-8: Building] INFO  o.a.m.s.f.DefaultMavenResourcesFiltering - skip non existing resourceDirectory C:\Users\Jonatan Altamirano\Documents\workspace-spring-tool-suite-4-4.16.1.RELEASE\repasop2\proyecto_pa_u2_ja\src\test\resources
2023-01-13 14:45:53,718 [Worker-36: Launching proyecto_pa_u2_ja - ProyectoPaU2JaApplication] INFO  o.a.m.s.f.DefaultMavenResourcesFiltering - Copying 1 resource
2023-01-13 14:45:53,730 [Worker-36: Launching proyecto_pa_u2_ja - ProyectoPaU2JaApplication] INFO  o.a.m.s.f.DefaultMavenResourcesFiltering - Copying 0 resource
2023-01-13 14:45:53,735 [Worker-36: Launching proyecto_pa_u2_ja - ProyectoPaU2JaApplication] INFO  o.a.m.s.f.DefaultMavenResourcesFiltering - skip non existing resourceDirectory C:\Users\Jonatan Altamirano\Documents\workspace-spring-tool-suite-4-4.16.1.RELEASE\repasop2\proyecto_pa_u2_ja\src\test\resources
2023-01-13 14:46:28,930 [Worker-37: Launching proyecto_pa_u2_ja - ProyectoPaU2JaApplication] INFO  o.a.m.s.f.DefaultMavenResourcesFiltering - Copying 1 resource
2023-01-13 14:46:28,999 [Worker-37: Launching proyecto_pa_u2_ja - ProyectoPaU2JaApplication] INFO  o.a.m.s.f.DefaultMavenResourcesFiltering - Copying 0 resource
2023-01-13 14:46:29,005 [Worker-37: Launching proyecto_pa_u2_ja - ProyectoPaU2JaApplication] INFO  o.a.m.s.f.DefaultMavenResourcesFiltering - skip non existing resourceDirectory C:\Users\Jonatan Altamirano\Documents\workspace-spring-tool-suite-4-4.16.1.RELEASE\repasop2\proyecto_pa_u2_ja\src\test\resources
2023-01-13 14:47:03,116 [Worker-38: Launching proyecto_pa_u2_ja - ProyectoPaU2JaApplication] INFO  o.a.m.s.f.DefaultMavenResourcesFiltering - Copying 1 resource
2023-01-13 14:47:03,139 [Worker-38: Launching proyecto_pa_u2_ja - ProyectoPaU2JaApplication] INFO  o.a.m.s.f.DefaultMavenResourcesFiltering - Copying 0 resource
2023-01-13 14:47:03,144 [Worker-38: Launching proyecto_pa_u2_ja - ProyectoPaU2JaApplication] INFO  o.a.m.s.f.DefaultMavenResourcesFiltering - skip non existing resourceDirectory C:\Users\Jonatan Altamirano\Documents\workspace-spring-tool-suite-4-4.16.1.RELEASE\repasop2\proyecto_pa_u2_ja\src\test\resources
2023-01-13 14:53:10,824 [Worker-8: Building] INFO  o.a.m.s.f.DefaultMavenResourcesFiltering - Copying 1 resource
2023-01-13 14:53:10,836 [Worker-8: Building] INFO  o.a.m.s.f.DefaultMavenResourcesFiltering - Copying 0 resource
2023-01-13 14:53:10,851 [Worker-8: Building] INFO  o.a.m.s.f.DefaultMavenResourcesFiltering - skip non existing resourceDirectory C:\Users\Jonatan Altamirano\Documents\workspace-spring-tool-suite-4-4.16.1.RELEASE\repasop2\proyecto_pa_u2_ja\src\test\resources
2023-01-13 14:53:27,975 [Worker-36: Building] INFO  o.a.m.s.f.DefaultMavenResourcesFiltering - Copying 1 resource
2023-01-13 14:53:28,012 [Worker-36: Building] INFO  o.a.m.s.f.DefaultMavenResourcesFiltering - Copying 0 resource
2023-01-13 14:53:28,020 [Worker-36: Building] INFO  o.a.m.s.f.DefaultMavenResourcesFiltering - skip non existing resourceDirectory C:\Users\Jonatan Altamirano\Documents\workspace-spring-tool-suite-4-4.16.1.RELEASE\repasop2\proyecto_pa_u2_ja\src\test\resources
2023-01-13 14:55:07,739 [Worker-36: Building] INFO  o.a.m.s.f.DefaultMavenResourcesFiltering - Copying 1 resource
2023-01-13 14:55:07,822 [Worker-36: Building] INFO  o.a.m.s.f.DefaultMavenResourcesFiltering - Copying 0 resource
2023-01-13 14:55:07,827 [Worker-36: Building] INFO  o.a.m.s.f.DefaultMavenResourcesFiltering - skip non existing resourceDirectory C:\Users\Jonatan Altamirano\Documents\workspace-spring-tool-suite-4-4.16.1.RELEASE\repasop2\proyecto_pa_u2_ja\src\test\resources
2023-01-13 14:55:23,440 [Worker-41: Building] INFO  o.a.m.s.f.DefaultMavenResourcesFiltering - Copying 1 resource
2023-01-13 14:55:23,510 [Worker-41: Building] INFO  o.a.m.s.f.DefaultMavenResourcesFiltering - Copying 0 resource
2023-01-13 14:55:23,517 [Worker-41: Building] INFO  o.a.m.s.f.DefaultMavenResourcesFiltering - skip non existing resourceDirectory C:\Users\Jonatan Altamirano\Documents\workspace-spring-tool-suite-4-4.16.1.RELEASE\repasop2\proyecto_pa_u2_ja\src\test\resources
2023-01-13 14:56:50,557 [Worker-36: Building] INFO  o.a.m.s.f.DefaultMavenResourcesFiltering - Copying 1 resource
2023-01-13 14:56:50,605 [Worker-36: Building] INFO  o.a.m.s.f.DefaultMavenResourcesFiltering - Copying 0 resource
2023-01-13 14:56:50,610 [Worker-36: Building] INFO  o.a.m.s.f.DefaultMavenResourcesFiltering - skip non existing resourceDirectory C:\Users\Jonatan Altamirano\Documents\workspace-spring-tool-suite-4-4.16.1.RELEASE\repasop2\proyecto_pa_u2_ja\src\test\resources
2023-01-13 15:02:59,545 [Worker-42: Building] INFO  o.a.m.s.f.DefaultMavenResourcesFiltering - Copying 1 resource
2023-01-13 15:02:59,593 [Worker-42: Building] INFO  o.a.m.s.f.DefaultMavenResourcesFiltering - Copying 0 resource
2023-01-13 15:02:59,597 [Worker-42: Building] INFO  o.a.m.s.f.DefaultMavenResourcesFiltering - skip non existing resourceDirectory C:\Users\Jonatan Altamirano\Documents\workspace-spring-tool-suite-4-4.16.1.RELEASE\repasop2\proyecto_pa_u2_ja\src\test\resources
2023-01-13 15:04:00,205 [Worker-43: Building] INFO  o.a.m.s.f.DefaultMavenResourcesFiltering - Copying 1 resource
2023-01-13 15:04:00,260 [Worker-43: Building] INFO  o.a.m.s.f.DefaultMavenResourcesFiltering - Copying 0 resource
2023-01-13 15:04:00,268 [Worker-43: Building] INFO  o.a.m.s.f.DefaultMavenResourcesFiltering - skip non existing resourceDirectory C:\Users\Jonatan Altamirano\Documents\workspace-spring-tool-suite-4-4.16.1.RELEASE\repasop2\proyecto_pa_u2_ja\src\test\resources
2023-01-13 15:06:33,496 [Worker-44: Building] INFO  o.a.m.s.f.DefaultMavenResourcesFiltering - Copying 1 resource
2023-01-13 15:06:33,513 [Worker-44: Building] INFO  o.a.m.s.f.DefaultMavenResourcesFiltering - Copying 0 resource
2023-01-13 15:06:33,526 [Worker-44: Building] INFO  o.a.m.s.f.DefaultMavenResourcesFiltering - skip non existing resourceDirectory C:\Users\Jonatan Altamirano\Documents\workspace-spring-tool-suite-4-4.16.1.RELEASE\repasop2\proyecto_pa_u2_ja\src\test\resources
2023-01-13 15:07:50,667 [Worker-46: Building] INFO  o.a.m.s.f.DefaultMavenResourcesFiltering - Copying 1 resource
2023-01-13 15:07:50,687 [Worker-46: Building] INFO  o.a.m.s.f.DefaultMavenResourcesFiltering - Copying 0 resource
2023-01-13 15:07:50,692 [Worker-46: Building] INFO  o.a.m.s.f.DefaultMavenResourcesFiltering - skip non existing resourceDirectory C:\Users\Jonatan Altamirano\Documents\workspace-spring-tool-suite-4-4.16.1.RELEASE\repasop2\proyecto_pa_u2_ja\src\test\resources
2023-01-13 15:22:20,003 [Worker-49: Launching proyecto_pa_u2_ja - ProyectoPaU2JaApplication] INFO  o.a.m.s.f.DefaultMavenResourcesFiltering - Copying 1 resource
2023-01-13 15:22:20,015 [Worker-49: Launching proyecto_pa_u2_ja - ProyectoPaU2JaApplication] INFO  o.a.m.s.f.DefaultMavenResourcesFiltering - Copying 0 resource
2023-01-13 15:22:20,021 [Worker-49: Launching proyecto_pa_u2_ja - ProyectoPaU2JaApplication] INFO  o.a.m.s.f.DefaultMavenResourcesFiltering - skip non existing resourceDirectory C:\Users\Jonatan Altamirano\Documents\workspace-spring-tool-suite-4-4.16.1.RELEASE\repasop2\proyecto_pa_u2_ja\src\test\resources
2023-01-13 15:22:59,462 [Worker-52: Launching proyecto_pa_u2_ja - ProyectoPaU2JaApplication] INFO  o.a.m.s.f.DefaultMavenResourcesFiltering - Copying 1 resource
2023-01-13 15:22:59,477 [Worker-52: Launching proyecto_pa_u2_ja - ProyectoPaU2JaApplication] INFO  o.a.m.s.f.DefaultMavenResourcesFiltering - Copying 0 resource
2023-01-13 15:22:59,481 [Worker-52: Launching proyecto_pa_u2_ja - ProyectoPaU2JaApplication] INFO  o.a.m.s.f.DefaultMavenResourcesFiltering - skip non existing resourceDirectory C:\Users\Jonatan Altamirano\Documents\workspace-spring-tool-suite-4-4.16.1.RELEASE\repasop2\proyecto_pa_u2_ja\src\test\resources
2023-01-13 15:50:28,861 [Worker-59: Launching proyecto_pa_u2_ja - ProyectoPaU2JaApplication] INFO  o.a.m.s.f.DefaultMavenResourcesFiltering - Copying 1 resource
2023-01-13 15:50:28,890 [Worker-59: Launching proyecto_pa_u2_ja - ProyectoPaU2JaApplication] INFO  o.a.m.s.f.DefaultMavenResourcesFiltering - Copying 0 resource
2023-01-13 15:50:28,894 [Worker-59: Launching proyecto_pa_u2_ja - ProyectoPaU2JaApplication] INFO  o.a.m.s.f.DefaultMavenResourcesFiltering - skip non existing resourceDirectory C:\Users\Jonatan Altamirano\Documents\workspace-spring-tool-suite-4-4.16.1.RELEASE\repasop2\proyecto_pa_u2_ja\src\test\resources
2023-01-13 21:02:13,409 [Worker-49: Importing Maven projects] INFO  o.e.m.c.i.l.LifecycleMappingFactory - Using org.eclipse.m2e.jdt.JarLifecycleMapping lifecycle mapping for MavenProject: uce.gob.ec.avanzada:prueba1_pa_p3_ja:1.0.1-SNAPSHOT @ C:\Users\Jonatan Altamirano\prueba1_pa_p3_ja\prueba1_pa_p3_ja\pom.xml.
2023-01-13 21:02:15,294 [Worker-49: Importing Maven projects] INFO  o.e.m.j.i.AbstractJavaProjectConfigurator - Adding source folder /prueba1_pa_p3_ja/src/main/java
2023-01-13 21:02:15,295 [Worker-49: Importing Maven projects] INFO  o.e.m.j.i.AbstractJavaProjectConfigurator - Adding resource folder /prueba1_pa_p3_ja/src/main/resources
2023-01-13 21:02:15,302 [Worker-49: Importing Maven projects] INFO  o.e.m.j.i.AbstractJavaProjectConfigurator - Adding resource folder /prueba1_pa_p3_ja/src/main/resources
2023-01-13 21:02:15,309 [Worker-49: Importing Maven projects] INFO  o.e.m.j.i.AbstractJavaProjectConfigurator - Adding source folder /prueba1_pa_p3_ja/src/test/java
2023-01-13 21:02:16,114 [Worker-49: Importing Maven projects] INFO  o.e.m.c.i.p.ProjectConfigurationManager - Imported and configured 1 project(s) in 4 sec
2023-01-13 21:02:19,649 [Worker-49: Building] INFO  o.a.m.s.f.DefaultMavenResourcesFiltering - Copying 1 resource
2023-01-13 21:02:19,709 [Worker-49: Building] INFO  o.a.m.s.f.DefaultMavenResourcesFiltering - Copying 0 resource
2023-01-13 21:02:19,717 [Worker-49: Building] INFO  o.a.m.s.f.DefaultMavenResourcesFiltering - skip non existing resourceDirectory C:\Users\Jonatan Altamirano\prueba1_pa_p3_ja\prueba1_pa_p3_ja\src\test\resources
2023-01-13 21:06:10,909 [Worker-65: Launching prueba1_pa_p3_ja - Prueba1PaP3JaApplication] INFO  o.a.m.s.f.DefaultMavenResourcesFiltering - Copying 1 resource
2023-01-13 21:06:10,946 [Worker-65: Launching prueba1_pa_p3_ja - Prueba1PaP3JaApplication] INFO  o.a.m.s.f.DefaultMavenResourcesFiltering - Copying 0 resource
2023-01-13 21:06:10,953 [Worker-65: Launching prueba1_pa_p3_ja - Prueba1PaP3JaApplication] INFO  o.a.m.s.f.DefaultMavenResourcesFiltering - skip non existing resourceDirectory C:\Users\Jonatan Altamirano\prueba1_pa_p3_ja\prueba1_pa_p3_ja\src\test\resources
2023-01-13 21:06:52,124 [Worker-66: Building] INFO  o.a.m.s.f.DefaultMavenResourcesFiltering - Copying 1 resource
2023-01-13 21:06:52,165 [Worker-66: Building] INFO  o.a.m.s.f.DefaultMavenResourcesFiltering - Copying 0 resource
2023-01-13 21:06:52,173 [Worker-66: Building] INFO  o.a.m.s.f.DefaultMavenResourcesFiltering - skip non existing resourceDirectory C:\Users\Jonatan Altamirano\prueba1_pa_p3_ja\prueba1_pa_p3_ja\src\test\resources
2023-01-13 21:08:07,440 [Worker-49: Building] INFO  o.a.m.s.f.DefaultMavenResourcesFiltering - Copying 0 resource
2023-01-13 21:08:07,441 [Worker-49: Building] INFO  o.a.m.s.f.DefaultMavenResourcesFiltering - Copying 0 resource
2023-01-13 21:08:07,447 [Worker-49: Building] INFO  o.a.m.s.f.DefaultMavenResourcesFiltering - skip non existing resourceDirectory C:\Users\Jonatan Altamirano\prueba1_pa_p3_ja\prueba1_pa_p3_ja\src\test\resources
2023-01-13 21:08:27,221 [Worker-49: Building] INFO  o.a.m.s.f.DefaultMavenResourcesFiltering - Copying 1 resource
2023-01-13 21:08:27,289 [Worker-49: Building] INFO  o.a.m.s.f.DefaultMavenResourcesFiltering - Copying 0 resource
2023-01-13 21:08:27,301 [Worker-49: Building] INFO  o.a.m.s.f.DefaultMavenResourcesFiltering - skip non existing resourceDirectory C:\Users\Jonatan Altamirano\prueba1_pa_p3_ja\prueba1_pa_p3_ja\src\test\resources
2023-01-13 21:13:06,619 [Worker-65: Building] INFO  o.a.m.s.f.DefaultMavenResourcesFiltering - Copying 1 resource
2023-01-13 21:13:06,754 [Worker-65: Building] INFO  o.a.m.s.f.DefaultMavenResourcesFiltering - Copying 0 resource
2023-01-13 21:13:06,761 [Worker-65: Building] INFO  o.a.m.s.f.DefaultMavenResourcesFiltering - skip non existing resourceDirectory C:\Users\Jonatan Altamirano\prueba1_pa_p3_ja\prueba1_pa_p3_ja\src\test\resources
2023-01-13 21:13:29,577 [Worker-65: Building] INFO  o.a.m.s.f.DefaultMavenResourcesFiltering - Copying 1 resource
2023-01-13 21:13:29,643 [Worker-65: Building] INFO  o.a.m.s.f.DefaultMavenResourcesFiltering - Copying 0 resource
2023-01-13 21:13:29,651 [Worker-65: Building] INFO  o.a.m.s.f.DefaultMavenResourcesFiltering - skip non existing resourceDirectory C:\Users\Jonatan Altamirano\prueba1_pa_p3_ja\prueba1_pa_p3_ja\src\test\resources
2023-01-13 21:20:16,778 [Worker-75: Launching prueba1_pa_p3_ja - Prueba1PaP3JaApplication] INFO  o.a.m.s.f.DefaultMavenResourcesFiltering - Copying 1 resource
2023-01-13 21:20:16,906 [Worker-75: Launching prueba1_pa_p3_ja - Prueba1PaP3JaApplication] INFO  o.a.m.s.f.DefaultMavenResourcesFiltering - Copying 0 resource
2023-01-13 21:20:16,911 [Worker-75: Launching prueba1_pa_p3_ja - Prueba1PaP3JaApplication] INFO  o.a.m.s.f.DefaultMavenResourcesFiltering - skip non existing resourceDirectory C:\Users\Jonatan Altamirano\prueba1_pa_p3_ja\prueba1_pa_p3_ja\src\test\resources
2023-01-13 21:32:34,569 [Worker-78: Launching prueba1_pa_p3_ja - Prueba1PaP3JaApplication] INFO  o.a.m.s.f.DefaultMavenResourcesFiltering - Copying 1 resource
2023-01-13 21:32:34,583 [Worker-78: Launching prueba1_pa_p3_ja - Prueba1PaP3JaApplication] INFO  o.a.m.s.f.DefaultMavenResourcesFiltering - Copying 0 resource
2023-01-13 21:32:34,589 [Worker-78: Launching prueba1_pa_p3_ja - Prueba1PaP3JaApplication] INFO  o.a.m.s.f.DefaultMavenResourcesFiltering - skip non existing resourceDirectory C:\Users\Jonatan Altamirano\prueba1_pa_p3_ja\prueba1_pa_p3_ja\src\test\resources
2023-01-13 21:39:48,593 [Worker-87: Launching prueba1_pa_p3_ja - Prueba1PaP3JaApplication] INFO  o.a.m.s.f.DefaultMavenResourcesFiltering - Copying 1 resource
2023-01-13 21:39:48,606 [Worker-87: Launching prueba1_pa_p3_ja - Prueba1PaP3JaApplication] INFO  o.a.m.s.f.DefaultMavenResourcesFiltering - Copying 0 resource
2023-01-13 21:39:48,610 [Worker-87: Launching prueba1_pa_p3_ja - Prueba1PaP3JaApplication] INFO  o.a.m.s.f.DefaultMavenResourcesFiltering - skip non existing resourceDirectory C:\Users\Jonatan Altamirano\prueba1_pa_p3_ja\prueba1_pa_p3_ja\src\test\resources
2023-01-13 21:44:21,535 [Worker-90: Launching prueba1_pa_p3_ja - Prueba1PaP3JaApplication] INFO  o.a.m.s.f.DefaultMavenResourcesFiltering - Copying 1 resource
2023-01-13 21:44:21,550 [Worker-90: Launching prueba1_pa_p3_ja - Prueba1PaP3JaApplication] INFO  o.a.m.s.f.DefaultMavenResourcesFiltering - Copying 0 resource
2023-01-13 21:44:21,556 [Worker-90: Launching prueba1_pa_p3_ja - Prueba1PaP3JaApplication] INFO  o.a.m.s.f.DefaultMavenResourcesFiltering - skip non existing resourceDirectory C:\Users\Jonatan Altamirano\prueba1_pa_p3_ja\prueba1_pa_p3_ja\src\test\resources
2023-01-13 21:47:46,208 [Worker-95: Launching prueba1_pa_p3_ja - Prueba1PaP3JaApplication] INFO  o.a.m.s.f.DefaultMavenResourcesFiltering - Copying 1 resource
2023-01-13 21:47:46,228 [Worker-95: Launching prueba1_pa_p3_ja - Prueba1PaP3JaApplication] INFO  o.a.m.s.f.DefaultMavenResourcesFiltering - Copying 0 resource
2023-01-13 21:47:46,233 [Worker-95: Launching prueba1_pa_p3_ja - Prueba1PaP3JaApplication] INFO  o.a.m.s.f.DefaultMavenResourcesFiltering - skip non existing resourceDirectory C:\Users\Jonatan Altamirano\prueba1_pa_p3_ja\prueba1_pa_p3_ja\src\test\resources
2023-01-13 21:54:17,259 [Worker-106: Launching prueba1_pa_p3_ja - Prueba1PaP3JaApplication] INFO  o.a.m.s.f.DefaultMavenResourcesFiltering - Copying 1 resource
2023-01-13 21:54:17,299 [Worker-106: Launching prueba1_pa_p3_ja - Prueba1PaP3JaApplication] INFO  o.a.m.s.f.DefaultMavenResourcesFiltering - Copying 0 resource
2023-01-13 21:54:17,304 [Worker-106: Launching prueba1_pa_p3_ja - Prueba1PaP3JaApplication] INFO  o.a.m.s.f.DefaultMavenResourcesFiltering - skip non existing resourceDirectory C:\Users\Jonatan Altamirano\prueba1_pa_p3_ja\prueba1_pa_p3_ja\src\test\resources
