2023-01-23 12:06:11,916 [Worker-4: Loading available Gradle versions] INFO  o.e.b.c.i.u.g.PublishedGradleVersions - Gradle version information cache is out-of-date. Trying to update.
2023-01-23 12:09:21,131 [Worker-7: Importing Maven projects] INFO  o.e.m.c.i.l.LifecycleMappingFactory - Using org.eclipse.m2e.jdt.JarLifecycleMapping lifecycle mapping for MavenProject: uce.gob.ec.avanzada:proyecto_pa_u2_gc:1.0.0-SNAPSHOT @ C:\proyecto_pa_u2_gc\pom.xml.
2023-01-23 12:09:23,391 [Worker-7: Importing Maven projects] INFO  o.e.m.j.i.AbstractJavaProjectConfigurator - Adding source folder /proyecto_pa_u2_gc/src/main/java
2023-01-23 12:09:23,392 [Worker-7: Importing Maven projects] INFO  o.e.m.j.i.AbstractJavaProjectConfigurator - Adding resource folder /proyecto_pa_u2_gc/src/main/resources
2023-01-23 12:09:23,403 [Worker-7: Importing Maven projects] INFO  o.e.m.j.i.AbstractJavaProjectConfigurator - Adding resource folder /proyecto_pa_u2_gc/src/main/resources
2023-01-23 12:09:23,412 [Worker-7: Importing Maven projects] INFO  o.e.m.j.i.AbstractJavaProjectConfigurator - Adding source folder /proyecto_pa_u2_gc/src/test/java
2023-01-23 12:09:25,347 [Worker-7: Importing Maven projects] INFO  o.e.m.c.i.p.ProjectConfigurationManager - Imported and configured 1 project(s) in 6 sec
2023-01-23 12:09:29,544 [Worker-7: Building] INFO  o.a.m.s.f.DefaultMavenResourcesFiltering - Copying 1 resource
2023-01-23 12:09:29,775 [Worker-7: Building] INFO  o.a.m.s.f.DefaultMavenResourcesFiltering - Copying 0 resource
2023-01-23 12:09:29,805 [Worker-7: Building] INFO  o.a.m.s.f.DefaultMavenResourcesFiltering - skip non existing resourceDirectory C:\proyecto_pa_u2_gc\src\test\resources
2023-01-23 12:13:31,422 [Worker-13: Importing Maven projects] INFO  o.e.m.c.i.l.LifecycleMappingFactory - Using org.eclipse.m2e.jdt.JarLifecycleMapping lifecycle mapping for MavenProject: uce.gob.ec.avanzada:proyecto_pa_u2_gc:1.0.0-SNAPSHOT @ C:\proyecto_pa_u2_gc\pom.xml.
2023-01-23 12:13:32,754 [Worker-13: Importing Maven projects] INFO  o.e.m.j.i.AbstractJavaProjectConfigurator - Adding source folder /proyecto_pa_u2_gc/src/main/java
2023-01-23 12:13:32,755 [Worker-13: Importing Maven projects] INFO  o.e.m.j.i.AbstractJavaProjectConfigurator - Adding resource folder /proyecto_pa_u2_gc/src/main/resources
2023-01-23 12:13:32,761 [Worker-13: Importing Maven projects] INFO  o.e.m.j.i.AbstractJavaProjectConfigurator - Adding resource folder /proyecto_pa_u2_gc/src/main/resources
2023-01-23 12:13:32,769 [Worker-13: Importing Maven projects] INFO  o.e.m.j.i.AbstractJavaProjectConfigurator - Adding source folder /proyecto_pa_u2_gc/src/test/java
2023-01-23 12:13:33,394 [Worker-13: Importing Maven projects] INFO  o.e.m.c.i.p.ProjectConfigurationManager - Imported and configured 1 project(s) in 2 sec
2023-01-23 12:13:34,225 [Worker-16: Building] INFO  o.a.m.s.f.DefaultMavenResourcesFiltering - Copying 1 resource
2023-01-23 12:13:34,284 [Worker-16: Building] INFO  o.a.m.s.f.DefaultMavenResourcesFiltering - Copying 0 resource
2023-01-23 12:13:34,289 [Worker-16: Building] INFO  o.a.m.s.f.DefaultMavenResourcesFiltering - skip non existing resourceDirectory C:\proyecto_pa_u2_gc\src\test\resources
2023-01-23 12:45:31,858 [Worker-18: Importing Maven projects] INFO  o.e.m.c.i.l.LifecycleMappingFactory - Using org.eclipse.m2e.jdt.JarLifecycleMapping lifecycle mapping for MavenProject: uce.gob.ec.avanzada:proyecto_pa_u2_sc:1.0.1-SNAPSHOT @ C:\proyecto_pa_u2_sc\pom.xml.
2023-01-23 12:45:32,474 [Worker-18: Importing Maven projects] INFO  o.e.m.j.i.AbstractJavaProjectConfigurator - Adding source folder /proyecto_pa_u2_sc/src/main/java
2023-01-23 12:45:32,475 [Worker-18: Importing Maven projects] INFO  o.e.m.j.i.AbstractJavaProjectConfigurator - Adding resource folder /proyecto_pa_u2_sc/src/main/resources
2023-01-23 12:45:32,481 [Worker-18: Importing Maven projects] INFO  o.e.m.j.i.AbstractJavaProjectConfigurator - Adding resource folder /proyecto_pa_u2_sc/src/main/resources
2023-01-23 12:45:32,488 [Worker-18: Importing Maven projects] INFO  o.e.m.j.i.AbstractJavaProjectConfigurator - Adding source folder /proyecto_pa_u2_sc/src/test/java
2023-01-23 12:45:33,152 [Worker-18: Importing Maven projects] INFO  o.e.m.c.i.p.ProjectConfigurationManager - Imported and configured 1 project(s) in 1 sec
2023-01-23 12:45:33,908 [Worker-7: Building] INFO  o.a.m.s.f.DefaultMavenResourcesFiltering - Copying 1 resource
2023-01-23 12:45:33,913 [Worker-7: Building] INFO  o.a.m.s.f.DefaultMavenResourcesFiltering - Copying 0 resource
2023-01-23 12:45:33,922 [Worker-7: Building] INFO  o.a.m.s.f.DefaultMavenResourcesFiltering - skip non existing resourceDirectory C:\proyecto_pa_u2_sc\src\test\resources
2023-01-23 12:46:36,826 [Worker-20: Building] INFO  o.a.m.s.f.DefaultMavenResourcesFiltering - Copying 1 resource
2023-01-23 12:46:36,861 [Worker-20: Building] INFO  o.a.m.s.f.DefaultMavenResourcesFiltering - Copying 0 resource
2023-01-23 12:46:36,868 [Worker-20: Building] INFO  o.a.m.s.f.DefaultMavenResourcesFiltering - skip non existing resourceDirectory C:\proyecto_pa_u2_sc\src\test\resources
2023-01-23 12:48:08,291 [Worker-22: Building] INFO  o.a.m.s.f.DefaultMavenResourcesFiltering - Copying 1 resource
2023-01-23 12:48:08,367 [Worker-22: Building] INFO  o.a.m.s.f.DefaultMavenResourcesFiltering - Copying 0 resource
2023-01-23 12:48:08,376 [Worker-22: Building] INFO  o.a.m.s.f.DefaultMavenResourcesFiltering - skip non existing resourceDirectory C:\proyecto_pa_u2_sc\src\test\resources
2023-01-23 12:48:15,577 [Worker-7: Building] INFO  o.a.m.s.f.DefaultMavenResourcesFiltering - Copying 1 resource
2023-01-23 12:48:15,633 [Worker-7: Building] INFO  o.a.m.s.f.DefaultMavenResourcesFiltering - Copying 0 resource
2023-01-23 12:48:15,643 [Worker-7: Building] INFO  o.a.m.s.f.DefaultMavenResourcesFiltering - skip non existing resourceDirectory C:\proyecto_pa_u2_sc\src\test\resources
2023-01-24 13:54:51,263 [Worker-1: Loading available Gradle versions] INFO  o.e.b.c.i.u.g.PublishedGradleVersions - Gradle version information cache is up-to-date. Trying to read.
2023-01-24 13:55:04,863 [Worker-1: Building] INFO  o.a.m.s.f.DefaultMavenResourcesFiltering - Copying 1 resource
2023-01-24 13:55:04,919 [Worker-1: Building] INFO  o.a.m.s.f.DefaultMavenResourcesFiltering - Copying 0 resource
2023-01-24 13:55:04,929 [Worker-1: Building] INFO  o.a.m.s.f.DefaultMavenResourcesFiltering - skip non existing resourceDirectory C:\proyecto_pa_u2_gc\src\test\resources
2023-01-24 14:10:28,233 [Worker-9: Importing Maven projects] INFO  o.e.m.c.i.l.LifecycleMappingFactory - Using org.eclipse.m2e.jdt.JarLifecycleMapping lifecycle mapping for MavenProject: uce.gob.ec.avanzada:proyecto_pa_u2_sc:1.0.1-SNAPSHOT @ C:\Temporal\proyecto_pa_u2_sc\pom.xml.
2023-01-24 14:10:29,751 [Worker-9: Importing Maven projects] INFO  o.e.m.j.i.AbstractJavaProjectConfigurator - Adding source folder /proyecto_pa_u2_sc/src/main/java
2023-01-24 14:10:29,752 [Worker-9: Importing Maven projects] INFO  o.e.m.j.i.AbstractJavaProjectConfigurator - Adding resource folder /proyecto_pa_u2_sc/src/main/resources
2023-01-24 14:10:29,760 [Worker-9: Importing Maven projects] INFO  o.e.m.j.i.AbstractJavaProjectConfigurator - Adding resource folder /proyecto_pa_u2_sc/src/main/resources
2023-01-24 14:10:29,767 [Worker-9: Importing Maven projects] INFO  o.e.m.j.i.AbstractJavaProjectConfigurator - Adding source folder /proyecto_pa_u2_sc/src/test/java
2023-01-24 14:10:30,792 [Worker-9: Importing Maven projects] INFO  o.e.m.c.i.p.ProjectConfigurationManager - Imported and configured 1 project(s) in 3 sec
2023-01-24 14:10:32,057 [Worker-12: Building] INFO  o.a.m.s.f.DefaultMavenResourcesFiltering - Copying 1 resource
2023-01-24 14:10:32,076 [Worker-12: Building] INFO  o.a.m.s.f.DefaultMavenResourcesFiltering - Copying 0 resource
2023-01-24 14:10:32,082 [Worker-12: Building] INFO  o.a.m.s.f.DefaultMavenResourcesFiltering - skip non existing resourceDirectory C:\Temporal\proyecto_pa_u2_sc\src\test\resources
2023-01-24 16:41:57,493 [Worker-24: Building] INFO  o.a.m.s.f.DefaultMavenResourcesFiltering - Copying 1 resource
2023-01-24 16:41:57,539 [Worker-24: Building] INFO  o.a.m.s.f.DefaultMavenResourcesFiltering - Copying 0 resource
2023-01-24 16:41:57,545 [Worker-24: Building] INFO  o.a.m.s.f.DefaultMavenResourcesFiltering - skip non existing resourceDirectory C:\Temporal\proyecto_pa_u2_sc\src\test\resources
2023-01-25 16:45:02,697 [Worker-0: Loading available Gradle versions] INFO  o.e.b.c.i.u.g.PublishedGradleVersions - Gradle version information cache is up-to-date. Trying to read.
2023-01-25 16:45:21,660 [Worker-4: Building] INFO  o.a.m.s.f.DefaultMavenResourcesFiltering - Copying 1 resource
2023-01-25 16:45:21,828 [Worker-4: Building] INFO  o.a.m.s.f.DefaultMavenResourcesFiltering - Copying 0 resource
2023-01-25 16:45:21,865 [Worker-4: Building] INFO  o.a.m.s.f.DefaultMavenResourcesFiltering - skip non existing resourceDirectory C:\Temporal\proyecto_pa_u2_sc\src\test\resources
2023-01-26 01:25:01,428 [Worker-1: Loading available Gradle versions] INFO  o.e.b.c.i.u.g.PublishedGradleVersions - Gradle version information cache is up-to-date. Trying to read.
2023-01-26 02:27:39,348 [Worker-7: Importing Maven projects] INFO  o.e.m.c.i.l.LifecycleMappingFactory - Using org.eclipse.m2e.jdt.JarLifecycleMapping lifecycle mapping for MavenProject: uce.gob.ec.avanzada:proyecto_pa_u2_sc:1.0.1-SNAPSHOT @ C:\Temporal\proyecto_pa_u2_sc\pom.xml.
2023-01-26 02:27:40,785 [Worker-7: Importing Maven projects] INFO  o.e.m.j.i.AbstractJavaProjectConfigurator - Adding source folder /proyecto_pa_u2_sc/src/main/java
2023-01-26 02:27:40,786 [Worker-7: Importing Maven projects] INFO  o.e.m.j.i.AbstractJavaProjectConfigurator - Adding resource folder /proyecto_pa_u2_sc/src/main/resources
2023-01-26 02:27:40,792 [Worker-7: Importing Maven projects] INFO  o.e.m.j.i.AbstractJavaProjectConfigurator - Adding resource folder /proyecto_pa_u2_sc/src/main/resources
2023-01-26 02:27:40,798 [Worker-7: Importing Maven projects] INFO  o.e.m.j.i.AbstractJavaProjectConfigurator - Adding source folder /proyecto_pa_u2_sc/src/test/java
2023-01-26 02:27:41,593 [Worker-7: Importing Maven projects] INFO  o.e.m.c.i.p.ProjectConfigurationManager - Imported and configured 1 project(s) in 3 sec
2023-01-26 02:27:42,852 [Worker-20: Building] INFO  o.a.m.s.f.DefaultMavenResourcesFiltering - Copying 1 resource
2023-01-26 02:27:42,888 [Worker-20: Building] INFO  o.a.m.s.f.DefaultMavenResourcesFiltering - Copying 0 resource
2023-01-26 02:27:42,895 [Worker-20: Building] INFO  o.a.m.s.f.DefaultMavenResourcesFiltering - skip non existing resourceDirectory C:\Temporal\proyecto_pa_u2_sc\src\test\resources
2023-01-29 23:59:48,862 [Worker-0: Loading available Gradle versions] INFO  o.e.b.c.i.u.g.PublishedGradleVersions - Gradle version information cache is out-of-date. Trying to update.
2023-01-30 00:00:02,323 [Worker-3: Building] INFO  o.a.m.s.f.DefaultMavenResourcesFiltering - Copying 1 resource
2023-01-30 00:00:02,376 [Worker-3: Building] INFO  o.a.m.s.f.DefaultMavenResourcesFiltering - Copying 0 resource
2023-01-30 00:00:02,384 [Worker-3: Building] INFO  o.a.m.s.f.DefaultMavenResourcesFiltering - skip non existing resourceDirectory C:\Temporal\proyecto_pa_u2_sc\src\test\resources
2023-01-30 00:01:07,693 [Worker-5: Importing Maven projects] INFO  o.e.m.c.i.l.LifecycleMappingFactory - Using org.eclipse.m2e.jdt.JarLifecycleMapping lifecycle mapping for MavenProject: uce.gob.ec.avanzada:proyecto_u1_sc:1.0.0-SNAPSHOT @ C:\Vizualizar\proyecto_u1_gc\pom.xml.
2023-01-30 00:01:10,346 [Worker-5: Importing Maven projects] INFO  o.e.m.j.i.AbstractJavaProjectConfigurator - Adding source folder /proyecto_u1_sc/src/main/java
2023-01-30 00:01:10,347 [Worker-5: Importing Maven projects] INFO  o.e.m.j.i.AbstractJavaProjectConfigurator - Adding resource folder /proyecto_u1_sc/src/main/resources
2023-01-30 00:01:10,353 [Worker-5: Importing Maven projects] INFO  o.e.m.j.i.AbstractJavaProjectConfigurator - Adding resource folder /proyecto_u1_sc/src/main/resources
2023-01-30 00:01:10,361 [Worker-5: Importing Maven projects] INFO  o.e.m.j.i.AbstractJavaProjectConfigurator - Adding source folder /proyecto_u1_sc/src/test/java
2023-01-30 00:01:10,897 [Worker-5: Importing Maven projects] INFO  o.e.m.c.i.p.ProjectConfigurationManager - Imported and configured 1 project(s) in 4 sec
2023-01-30 00:01:13,717 [Worker-1: Building] INFO  o.e.m.c.i.embedder.EclipseLogger - Using 'UTF-8' encoding to copy filtered resources.
2023-01-30 00:01:13,718 [Worker-1: Building] INFO  o.e.m.c.i.embedder.EclipseLogger - Using 'UTF-8' encoding to copy filtered properties files.
2023-01-30 00:01:13,719 [Worker-1: Building] INFO  o.e.m.c.i.embedder.EclipseLogger - Copying 1 resource
2023-01-30 00:01:13,771 [Worker-1: Building] INFO  o.e.m.c.i.embedder.EclipseLogger - Copying 0 resource
2023-01-30 00:01:13,779 [Worker-1: Building] INFO  o.e.m.c.i.embedder.EclipseLogger - Using 'UTF-8' encoding to copy filtered resources.
2023-01-30 00:01:13,779 [Worker-1: Building] INFO  o.e.m.c.i.embedder.EclipseLogger - Using 'UTF-8' encoding to copy filtered properties files.
2023-01-30 00:01:13,779 [Worker-1: Building] INFO  o.e.m.c.i.embedder.EclipseLogger - skip non existing resourceDirectory C:\Vizualizar\proyecto_u1_gc\src\test\resources
2023-01-31 22:26:49,036 [Worker-0: Loading available Gradle versions] INFO  o.e.b.c.i.u.g.PublishedGradleVersions - Gradle version information cache is up-to-date. Trying to read.
2023-01-31 22:30:47,711 [Worker-6: Importing Maven projects] INFO  o.e.m.c.i.l.LifecycleMappingFactory - Using org.eclipse.m2e.jdt.JarLifecycleMapping lifecycle mapping for MavenProject: uce.gob.ec.avanzada:proyecto_pa_u3_ja:1.0.1-SNAPSHOT @ C:\Vizualizar\proyecto_pa_u3_ja\pom.xml.
2023-01-31 22:30:49,847 [Worker-6: Importing Maven projects] INFO  o.e.m.j.i.AbstractJavaProjectConfigurator - Adding source folder /proyecto_pa_u3_ja/src/main/java
2023-01-31 22:30:49,848 [Worker-6: Importing Maven projects] INFO  o.e.m.j.i.AbstractJavaProjectConfigurator - Adding resource folder /proyecto_pa_u3_ja/src/main/resources
2023-01-31 22:30:49,856 [Worker-6: Importing Maven projects] INFO  o.e.m.j.i.AbstractJavaProjectConfigurator - Adding resource folder /proyecto_pa_u3_ja/src/main/resources
2023-01-31 22:30:49,862 [Worker-6: Importing Maven projects] INFO  o.e.m.j.i.AbstractJavaProjectConfigurator - Adding source folder /proyecto_pa_u3_ja/src/test/java
2023-01-31 22:30:50,673 [Worker-6: Importing Maven projects] INFO  o.e.m.c.i.p.ProjectConfigurationManager - Imported and configured 1 project(s) in 5 sec
2023-01-31 22:30:52,687 [Worker-8: Building] INFO  o.a.m.s.f.DefaultMavenResourcesFiltering - Copying 1 resource
2023-01-31 22:30:52,719 [Worker-8: Building] INFO  o.a.m.s.f.DefaultMavenResourcesFiltering - Copying 0 resource
2023-01-31 22:30:52,726 [Worker-8: Building] INFO  o.a.m.s.f.DefaultMavenResourcesFiltering - skip non existing resourceDirectory C:\Vizualizar\proyecto_pa_u3_ja\src\test\resources
