2022-12-10 22:27:04,722 [Worker-4: Loading available Gradle versions] INFO  o.e.b.c.i.u.g.PublishedGradleVersions - Gradle version information cache is up-to-date. Trying to read.
2022-12-10 22:28:06,302 [Worker-5: Importing Maven projects] INFO  o.e.m.c.i.l.LifecycleMappingFactory - Using org.eclipse.m2e.jdt.JarLifecycleMapping lifecycle mapping for MavenProject: com.uce.avanzada:prueba_pa_p2_rr:1.0.0-SNAPSHOT @ C:\prueba_pa_p2_rr\pom.xml.
2022-12-10 22:28:08,155 [Worker-5: Importing Maven projects] INFO  o.e.m.j.i.AbstractJavaProjectConfigurator - Adding source folder /prueba_pa_p2_rr/src/main/java
2022-12-10 22:28:08,157 [Worker-5: Importing Maven projects] INFO  o.e.m.j.i.AbstractJavaProjectConfigurator - Adding resource folder /prueba_pa_p2_rr/src/main/resources
2022-12-10 22:28:08,166 [Worker-5: Importing Maven projects] INFO  o.e.m.j.i.AbstractJavaProjectConfigurator - Adding resource folder /prueba_pa_p2_rr/src/main/resources
2022-12-10 22:28:08,172 [Worker-5: Importing Maven projects] INFO  o.e.m.j.i.AbstractJavaProjectConfigurator - Adding source folder /prueba_pa_p2_rr/src/test/java
2022-12-10 22:28:10,937 [Worker-5: Importing Maven projects] INFO  o.e.m.c.i.p.ProjectConfigurationManager - Imported and configured 1 project(s) in 6 sec
2022-12-10 22:28:12,666 [Worker-0: Building] INFO  o.e.m.c.i.embedder.EclipseLogger - Using 'UTF-8' encoding to copy filtered resources.
2022-12-10 22:28:12,666 [Worker-0: Building] INFO  o.e.m.c.i.embedder.EclipseLogger - Using 'UTF-8' encoding to copy filtered properties files.
2022-12-10 22:28:12,672 [Worker-0: Building] INFO  o.e.m.c.i.embedder.EclipseLogger - Copying 1 resource
2022-12-10 22:28:12,738 [Worker-0: Building] INFO  o.e.m.c.i.embedder.EclipseLogger - Copying 0 resource
2022-12-10 22:28:12,745 [Worker-0: Building] INFO  o.e.m.c.i.embedder.EclipseLogger - Using 'UTF-8' encoding to copy filtered resources.
2022-12-10 22:28:12,745 [Worker-0: Building] INFO  o.e.m.c.i.embedder.EclipseLogger - Using 'UTF-8' encoding to copy filtered properties files.
2022-12-10 22:28:12,745 [Worker-0: Building] INFO  o.e.m.c.i.embedder.EclipseLogger - skip non existing resourceDirectory C:\prueba_pa_p2_rr\src\test\resources
2022-12-10 22:28:26,044 [Worker-6: Building] INFO  o.e.m.c.i.embedder.EclipseLogger - Using 'UTF-8' encoding to copy filtered resources.
2022-12-10 22:28:26,045 [Worker-6: Building] INFO  o.e.m.c.i.embedder.EclipseLogger - Using 'UTF-8' encoding to copy filtered properties files.
2022-12-10 22:28:26,047 [Worker-6: Building] INFO  o.e.m.c.i.embedder.EclipseLogger - Copying 0 resource
2022-12-10 22:28:26,047 [Worker-6: Building] INFO  o.e.m.c.i.embedder.EclipseLogger - Copying 0 resource
2022-12-10 22:28:26,053 [Worker-6: Building] INFO  o.e.m.c.i.embedder.EclipseLogger - Using 'UTF-8' encoding to copy filtered resources.
2022-12-10 22:28:26,053 [Worker-6: Building] INFO  o.e.m.c.i.embedder.EclipseLogger - Using 'UTF-8' encoding to copy filtered properties files.
2022-12-10 22:28:26,053 [Worker-6: Building] INFO  o.e.m.c.i.embedder.EclipseLogger - skip non existing resourceDirectory C:\prueba_pa_p2_rr\src\test\resources
2022-12-10 22:31:08,981 [Worker-8: Import Getting Started Content] INFO  o.e.m.c.i.l.LifecycleMappingFactory - Using org.eclipse.m2e.jdt.JarLifecycleMapping lifecycle mapping for MavenProject: com.example:repasoprueba_banco_ja:1.0.1-SNAPSHOT @ C:\Users\Jonatan Altamirano\Documents\workspace-spring-tool-suite-4-4.16.1.RELEASE\Repaso1\repasoprueba_banco_ja\pom.xml.
2022-12-10 22:31:09,793 [Worker-8: Import Getting Started Content] INFO  o.e.m.j.i.AbstractJavaProjectConfigurator - Adding source folder /repasoprueba_banco_ja/src/main/java
2022-12-10 22:31:09,793 [Worker-8: Import Getting Started Content] INFO  o.e.m.j.i.AbstractJavaProjectConfigurator - Adding resource folder /repasoprueba_banco_ja/src/main/resources
2022-12-10 22:31:09,800 [Worker-8: Import Getting Started Content] INFO  o.e.m.j.i.AbstractJavaProjectConfigurator - Adding resource folder /repasoprueba_banco_ja/src/main/resources
2022-12-10 22:31:09,804 [Worker-8: Import Getting Started Content] INFO  o.e.m.j.i.AbstractJavaProjectConfigurator - Adding source folder /repasoprueba_banco_ja/src/test/java
2022-12-10 22:31:10,414 [Worker-8: Import Getting Started Content] INFO  o.e.m.c.i.p.ProjectConfigurationManager - Imported and configured 1 project(s) in 1 sec
2022-12-10 22:31:10,419 [Worker-8: Import Getting Started Content] INFO  o.e.m.c.i.p.ProjectConfigurationManager - Update started
2022-12-10 22:31:10,914 [Worker-8: Import Getting Started Content] INFO  o.e.m.c.i.l.LifecycleMappingFactory - Using org.eclipse.m2e.jdt.JarLifecycleMapping lifecycle mapping for MavenProject: com.example:repasoprueba_banco_ja:1.0.1-SNAPSHOT @ C:\Users\Jonatan Altamirano\Documents\workspace-spring-tool-suite-4-4.16.1.RELEASE\Repaso1\repasoprueba_banco_ja\pom.xml.
2022-12-10 22:31:11,881 [Worker-8: Import Getting Started Content] INFO  o.e.m.j.i.AbstractJavaProjectConfigurator - Adding source folder /repasoprueba_banco_ja/src/main/java
2022-12-10 22:31:11,882 [Worker-8: Import Getting Started Content] INFO  o.e.m.j.i.AbstractJavaProjectConfigurator - Adding resource folder /repasoprueba_banco_ja/src/main/resources
2022-12-10 22:31:11,882 [Worker-8: Import Getting Started Content] INFO  o.e.m.j.i.AbstractJavaProjectConfigurator - Adding resource folder /repasoprueba_banco_ja/src/main/resources
2022-12-10 22:31:11,884 [Worker-8: Import Getting Started Content] INFO  o.e.m.j.i.AbstractJavaProjectConfigurator - Adding source folder /repasoprueba_banco_ja/src/test/java
2022-12-10 22:31:13,505 [Worker-8: Import Getting Started Content] INFO  o.e.m.c.i.p.ProjectConfigurationManager - Update completed: 3 sec
2022-12-10 22:31:14,652 [Worker-6: Building] INFO  o.a.m.s.f.DefaultMavenResourcesFiltering - Copying 1 resource
2022-12-10 22:31:14,706 [Worker-6: Building] INFO  o.a.m.s.f.DefaultMavenResourcesFiltering - Copying 0 resource
2022-12-10 22:31:14,715 [Worker-6: Building] INFO  o.a.m.s.f.DefaultMavenResourcesFiltering - skip non existing resourceDirectory C:\Users\Jonatan Altamirano\Documents\workspace-spring-tool-suite-4-4.16.1.RELEASE\Repaso1\repasoprueba_banco_ja\src\test\resources
2022-12-10 22:31:50,490 [Worker-7: Building] INFO  o.a.m.s.f.DefaultMavenResourcesFiltering - Copying 1 resource
2022-12-10 22:31:50,496 [Worker-7: Building] INFO  o.a.m.s.f.DefaultMavenResourcesFiltering - Copying 0 resource
2022-12-10 22:31:50,501 [Worker-7: Building] INFO  o.a.m.s.f.DefaultMavenResourcesFiltering - skip non existing resourceDirectory C:\Users\Jonatan Altamirano\Documents\workspace-spring-tool-suite-4-4.16.1.RELEASE\Repaso1\repasoprueba_banco_ja\src\test\resources
2022-12-10 22:32:01,303 [Worker-9: Building] INFO  o.a.m.s.f.DefaultMavenResourcesFiltering - Copying 1 resource
2022-12-10 22:32:01,313 [Worker-9: Building] INFO  o.a.m.s.f.DefaultMavenResourcesFiltering - Copying 0 resource
2022-12-10 22:32:01,322 [Worker-9: Building] INFO  o.a.m.s.f.DefaultMavenResourcesFiltering - skip non existing resourceDirectory C:\Users\Jonatan Altamirano\Documents\workspace-spring-tool-suite-4-4.16.1.RELEASE\Repaso1\repasoprueba_banco_ja\src\test\resources
2022-12-10 22:32:20,618 [Worker-6: Building] INFO  o.a.m.s.f.DefaultMavenResourcesFiltering - Copying 1 resource
2022-12-10 22:32:20,634 [Worker-6: Building] INFO  o.a.m.s.f.DefaultMavenResourcesFiltering - Copying 0 resource
2022-12-10 22:32:20,642 [Worker-6: Building] INFO  o.a.m.s.f.DefaultMavenResourcesFiltering - skip non existing resourceDirectory C:\Users\Jonatan Altamirano\Documents\workspace-spring-tool-suite-4-4.16.1.RELEASE\Repaso1\repasoprueba_banco_ja\src\test\resources
2022-12-10 22:32:45,636 [Worker-6: Building] INFO  o.a.m.s.f.DefaultMavenResourcesFiltering - Copying 1 resource
2022-12-10 22:32:45,689 [Worker-6: Building] INFO  o.a.m.s.f.DefaultMavenResourcesFiltering - Copying 0 resource
2022-12-10 22:32:45,697 [Worker-6: Building] INFO  o.a.m.s.f.DefaultMavenResourcesFiltering - skip non existing resourceDirectory C:\Users\Jonatan Altamirano\Documents\workspace-spring-tool-suite-4-4.16.1.RELEASE\Repaso1\repasoprueba_banco_ja\src\test\resources
2022-12-10 22:32:58,991 [Worker-11: Building] INFO  o.a.m.s.f.DefaultMavenResourcesFiltering - Copying 1 resource
2022-12-10 22:32:59,000 [Worker-11: Building] INFO  o.a.m.s.f.DefaultMavenResourcesFiltering - Copying 0 resource
2022-12-10 22:32:59,006 [Worker-11: Building] INFO  o.a.m.s.f.DefaultMavenResourcesFiltering - skip non existing resourceDirectory C:\Users\Jonatan Altamirano\Documents\workspace-spring-tool-suite-4-4.16.1.RELEASE\Repaso1\repasoprueba_banco_ja\src\test\resources
2022-12-10 22:36:50,782 [Worker-8: Building] INFO  o.a.m.s.f.DefaultMavenResourcesFiltering - Copying 1 resource
2022-12-10 22:36:50,788 [Worker-8: Building] INFO  o.a.m.s.f.DefaultMavenResourcesFiltering - Copying 0 resource
2022-12-10 22:36:50,793 [Worker-8: Building] INFO  o.a.m.s.f.DefaultMavenResourcesFiltering - skip non existing resourceDirectory C:\Users\Jonatan Altamirano\Documents\workspace-spring-tool-suite-4-4.16.1.RELEASE\Repaso1\repasoprueba_banco_ja\src\test\resources
2022-12-10 22:59:24,989 [Worker-15: Building] INFO  o.a.m.s.f.DefaultMavenResourcesFiltering - Copying 1 resource
2022-12-10 22:59:25,017 [Worker-15: Building] INFO  o.a.m.s.f.DefaultMavenResourcesFiltering - Copying 0 resource
2022-12-10 22:59:25,028 [Worker-15: Building] INFO  o.a.m.s.f.DefaultMavenResourcesFiltering - skip non existing resourceDirectory C:\Users\Jonatan Altamirano\Documents\workspace-spring-tool-suite-4-4.16.1.RELEASE\Repaso1\repasoprueba_banco_ja\src\test\resources
2022-12-10 22:59:39,965 [Worker-19: Building] INFO  o.a.m.s.f.DefaultMavenResourcesFiltering - Copying 1 resource
2022-12-10 22:59:39,992 [Worker-19: Building] INFO  o.a.m.s.f.DefaultMavenResourcesFiltering - Copying 0 resource
2022-12-10 22:59:39,996 [Worker-19: Building] INFO  o.a.m.s.f.DefaultMavenResourcesFiltering - skip non existing resourceDirectory C:\Users\Jonatan Altamirano\Documents\workspace-spring-tool-suite-4-4.16.1.RELEASE\Repaso1\repasoprueba_banco_ja\src\test\resources
2022-12-10 23:04:22,254 [Worker-15: Building] INFO  o.a.m.s.f.DefaultMavenResourcesFiltering - Copying 1 resource
2022-12-10 23:04:22,261 [Worker-15: Building] INFO  o.a.m.s.f.DefaultMavenResourcesFiltering - Copying 0 resource
2022-12-10 23:04:22,266 [Worker-15: Building] INFO  o.a.m.s.f.DefaultMavenResourcesFiltering - skip non existing resourceDirectory C:\Users\Jonatan Altamirano\Documents\workspace-spring-tool-suite-4-4.16.1.RELEASE\Repaso1\repasoprueba_banco_ja\src\test\resources
2022-12-10 23:04:37,658 [Worker-21: Building] INFO  o.a.m.s.f.DefaultMavenResourcesFiltering - Copying 1 resource
2022-12-10 23:04:37,665 [Worker-21: Building] INFO  o.a.m.s.f.DefaultMavenResourcesFiltering - Copying 0 resource
2022-12-10 23:04:37,670 [Worker-21: Building] INFO  o.a.m.s.f.DefaultMavenResourcesFiltering - skip non existing resourceDirectory C:\Users\Jonatan Altamirano\Documents\workspace-spring-tool-suite-4-4.16.1.RELEASE\Repaso1\repasoprueba_banco_ja\src\test\resources
2022-12-10 23:18:55,894 [Worker-28: Building] INFO  o.a.m.s.f.DefaultMavenResourcesFiltering - Copying 1 resource
2022-12-10 23:18:55,925 [Worker-28: Building] INFO  o.a.m.s.f.DefaultMavenResourcesFiltering - Copying 0 resource
2022-12-10 23:18:55,930 [Worker-28: Building] INFO  o.a.m.s.f.DefaultMavenResourcesFiltering - skip non existing resourceDirectory C:\Users\Jonatan Altamirano\Documents\workspace-spring-tool-suite-4-4.16.1.RELEASE\Repaso1\repasoprueba_banco_ja\src\test\resources
2022-12-10 23:19:09,231 [Worker-27: Building] INFO  o.a.m.s.f.DefaultMavenResourcesFiltering - Copying 1 resource
2022-12-10 23:19:09,240 [Worker-27: Building] INFO  o.a.m.s.f.DefaultMavenResourcesFiltering - Copying 0 resource
2022-12-10 23:19:09,246 [Worker-27: Building] INFO  o.a.m.s.f.DefaultMavenResourcesFiltering - skip non existing resourceDirectory C:\Users\Jonatan Altamirano\Documents\workspace-spring-tool-suite-4-4.16.1.RELEASE\Repaso1\repasoprueba_banco_ja\src\test\resources
2022-12-10 23:20:16,087 [Worker-29: Building] INFO  o.a.m.s.f.DefaultMavenResourcesFiltering - Copying 1 resource
2022-12-10 23:20:16,096 [Worker-29: Building] INFO  o.a.m.s.f.DefaultMavenResourcesFiltering - Copying 0 resource
2022-12-10 23:20:16,101 [Worker-29: Building] INFO  o.a.m.s.f.DefaultMavenResourcesFiltering - skip non existing resourceDirectory C:\Users\Jonatan Altamirano\Documents\workspace-spring-tool-suite-4-4.16.1.RELEASE\Repaso1\repasoprueba_banco_ja\src\test\resources
2022-12-11 10:48:33,069 [Worker-37: Building] INFO  o.a.m.s.f.DefaultMavenResourcesFiltering - Copying 1 resource
2022-12-11 10:48:33,076 [Worker-37: Building] INFO  o.a.m.s.f.DefaultMavenResourcesFiltering - Copying 0 resource
2022-12-11 10:48:33,081 [Worker-37: Building] INFO  o.a.m.s.f.DefaultMavenResourcesFiltering - skip non existing resourceDirectory C:\Users\Jonatan Altamirano\Documents\workspace-spring-tool-suite-4-4.16.1.RELEASE\Repaso1\repasoprueba_banco_ja\src\test\resources
2022-12-11 12:15:51,503 [Worker-45: Building] INFO  o.a.m.s.f.DefaultMavenResourcesFiltering - Copying 1 resource
2022-12-11 12:15:51,539 [Worker-45: Building] INFO  o.a.m.s.f.DefaultMavenResourcesFiltering - Copying 0 resource
2022-12-11 12:15:51,560 [Worker-45: Building] INFO  o.a.m.s.f.DefaultMavenResourcesFiltering - skip non existing resourceDirectory C:\Users\Jonatan Altamirano\Documents\workspace-spring-tool-suite-4-4.16.1.RELEASE\Repaso1\repasoprueba_banco_ja\src\test\resources
2022-12-11 12:16:25,768 [Worker-44: Building] INFO  o.a.m.s.f.DefaultMavenResourcesFiltering - Copying 1 resource
2022-12-11 12:16:25,778 [Worker-44: Building] INFO  o.a.m.s.f.DefaultMavenResourcesFiltering - Copying 0 resource
2022-12-11 12:16:25,787 [Worker-44: Building] INFO  o.a.m.s.f.DefaultMavenResourcesFiltering - skip non existing resourceDirectory C:\Users\Jonatan Altamirano\Documents\workspace-spring-tool-suite-4-4.16.1.RELEASE\Repaso1\repasoprueba_banco_ja\src\test\resources
2022-12-11 12:16:40,684 [Worker-44: Building] INFO  o.a.m.s.f.DefaultMavenResourcesFiltering - Copying 1 resource
2022-12-11 12:16:40,710 [Worker-44: Building] INFO  o.a.m.s.f.DefaultMavenResourcesFiltering - Copying 0 resource
2022-12-11 12:16:40,716 [Worker-44: Building] INFO  o.a.m.s.f.DefaultMavenResourcesFiltering - skip non existing resourceDirectory C:\Users\Jonatan Altamirano\Documents\workspace-spring-tool-suite-4-4.16.1.RELEASE\Repaso1\repasoprueba_banco_ja\src\test\resources
2022-12-11 12:16:55,399 [Worker-45: Building] INFO  o.a.m.s.f.DefaultMavenResourcesFiltering - Copying 1 resource
2022-12-11 12:16:55,410 [Worker-45: Building] INFO  o.a.m.s.f.DefaultMavenResourcesFiltering - Copying 0 resource
2022-12-11 12:16:55,416 [Worker-45: Building] INFO  o.a.m.s.f.DefaultMavenResourcesFiltering - skip non existing resourceDirectory C:\Users\Jonatan Altamirano\Documents\workspace-spring-tool-suite-4-4.16.1.RELEASE\Repaso1\repasoprueba_banco_ja\src\test\resources
2022-12-11 12:16:59,520 [Worker-42: Building] INFO  o.a.m.s.f.DefaultMavenResourcesFiltering - Copying 1 resource
2022-12-11 12:16:59,529 [Worker-42: Building] INFO  o.a.m.s.f.DefaultMavenResourcesFiltering - Copying 0 resource
2022-12-11 12:16:59,535 [Worker-42: Building] INFO  o.a.m.s.f.DefaultMavenResourcesFiltering - skip non existing resourceDirectory C:\Users\Jonatan Altamirano\Documents\workspace-spring-tool-suite-4-4.16.1.RELEASE\Repaso1\repasoprueba_banco_ja\src\test\resources
2022-12-11 12:17:08,952 [Worker-41: Building] INFO  o.a.m.s.f.DefaultMavenResourcesFiltering - Copying 1 resource
2022-12-11 12:17:08,980 [Worker-41: Building] INFO  o.a.m.s.f.DefaultMavenResourcesFiltering - Copying 0 resource
2022-12-11 12:17:08,987 [Worker-41: Building] INFO  o.a.m.s.f.DefaultMavenResourcesFiltering - skip non existing resourceDirectory C:\Users\Jonatan Altamirano\Documents\workspace-spring-tool-suite-4-4.16.1.RELEASE\Repaso1\repasoprueba_banco_ja\src\test\resources
2022-12-11 12:17:12,336 [Worker-44: Building] INFO  o.a.m.s.f.DefaultMavenResourcesFiltering - Copying 1 resource
2022-12-11 12:17:12,348 [Worker-44: Building] INFO  o.a.m.s.f.DefaultMavenResourcesFiltering - Copying 0 resource
2022-12-11 12:17:12,356 [Worker-44: Building] INFO  o.a.m.s.f.DefaultMavenResourcesFiltering - skip non existing resourceDirectory C:\Users\Jonatan Altamirano\Documents\workspace-spring-tool-suite-4-4.16.1.RELEASE\Repaso1\repasoprueba_banco_ja\src\test\resources
2022-12-11 12:17:31,924 [Worker-45: Building] INFO  o.a.m.s.f.DefaultMavenResourcesFiltering - Copying 1 resource
2022-12-11 12:17:31,931 [Worker-45: Building] INFO  o.a.m.s.f.DefaultMavenResourcesFiltering - Copying 0 resource
2022-12-11 12:17:31,940 [Worker-45: Building] INFO  o.a.m.s.f.DefaultMavenResourcesFiltering - skip non existing resourceDirectory C:\Users\Jonatan Altamirano\Documents\workspace-spring-tool-suite-4-4.16.1.RELEASE\Repaso1\repasoprueba_banco_ja\src\test\resources
2022-12-11 14:23:31,641 [Worker-60: Building] INFO  o.a.m.s.f.DefaultMavenResourcesFiltering - Copying 1 resource
2022-12-11 14:23:31,651 [Worker-60: Building] INFO  o.a.m.s.f.DefaultMavenResourcesFiltering - Copying 0 resource
2022-12-11 14:23:31,656 [Worker-60: Building] INFO  o.a.m.s.f.DefaultMavenResourcesFiltering - skip non existing resourceDirectory C:\Users\Jonatan Altamirano\Documents\workspace-spring-tool-suite-4-4.16.1.RELEASE\Repaso1\repasoprueba_banco_ja\src\test\resources
2022-12-11 22:32:51,140 [Worker-73: Importing Maven projects] INFO  o.e.m.c.i.l.LifecycleMappingFactory - Using org.eclipse.m2e.jdt.JarLifecycleMapping lifecycle mapping for MavenProject: com.uce.avanzada:prueba_pa_p2_mg:1.0.0-SNAPSHOT @ C:\prueba_pa_p2_mg\pom.xml.
2022-12-11 22:32:51,845 [Worker-73: Importing Maven projects] INFO  o.e.m.j.i.AbstractJavaProjectConfigurator - Adding source folder /prueba_pa_p2_mg/src/main/java
2022-12-11 22:32:51,847 [Worker-73: Importing Maven projects] INFO  o.e.m.j.i.AbstractJavaProjectConfigurator - Adding resource folder /prueba_pa_p2_mg/src/main/resources
2022-12-11 22:32:51,848 [Worker-73: Importing Maven projects] INFO  o.e.m.j.i.AbstractJavaProjectConfigurator - Adding resource folder /prueba_pa_p2_mg/src/main/resources
2022-12-11 22:32:51,849 [Worker-73: Importing Maven projects] INFO  o.e.m.j.i.AbstractJavaProjectConfigurator - Adding source folder /prueba_pa_p2_mg/src/test/java
2022-12-11 22:32:52,431 [Worker-73: Importing Maven projects] INFO  o.e.m.c.i.p.ProjectConfigurationManager - Imported and configured 1 project(s) in 1 sec
2022-12-11 22:32:53,853 [Worker-76: Building] INFO  o.e.m.c.i.embedder.EclipseLogger - Using 'UTF-8' encoding to copy filtered resources.
2022-12-11 22:32:53,853 [Worker-76: Building] INFO  o.e.m.c.i.embedder.EclipseLogger - Using 'UTF-8' encoding to copy filtered properties files.
2022-12-11 22:32:53,854 [Worker-76: Building] INFO  o.e.m.c.i.embedder.EclipseLogger - Copying 1 resource
2022-12-11 22:32:53,858 [Worker-76: Building] INFO  o.e.m.c.i.embedder.EclipseLogger - Copying 0 resource
2022-12-11 22:32:53,863 [Worker-76: Building] INFO  o.e.m.c.i.embedder.EclipseLogger - Using 'UTF-8' encoding to copy filtered resources.
2022-12-11 22:32:53,863 [Worker-76: Building] INFO  o.e.m.c.i.embedder.EclipseLogger - Using 'UTF-8' encoding to copy filtered properties files.
2022-12-11 22:32:53,863 [Worker-76: Building] INFO  o.e.m.c.i.embedder.EclipseLogger - skip non existing resourceDirectory C:\prueba_pa_p2_mg\src\test\resources
2022-12-12 02:33:17,223 [Worker-107: Import Getting Started Content] INFO  o.e.m.c.i.l.LifecycleMappingFactory - Using org.eclipse.m2e.jdt.JarLifecycleMapping lifecycle mapping for MavenProject: uce.gob.ec.avanzada:repaso_banco_ja:1.0.1-SNAPSHOT @ C:\Users\Jonatan Altamirano\Documents\workspace-spring-tool-suite-4-4.16.1.RELEASE\Repaso1\repaso_banco_ja\pom.xml.
2022-12-12 02:33:18,115 [Worker-107: Import Getting Started Content] INFO  o.e.m.j.i.AbstractJavaProjectConfigurator - Adding source folder /repaso_banco_ja/src/main/java
2022-12-12 02:33:18,115 [Worker-107: Import Getting Started Content] INFO  o.e.m.j.i.AbstractJavaProjectConfigurator - Adding resource folder /repaso_banco_ja/src/main/resources
2022-12-12 02:33:18,119 [Worker-107: Import Getting Started Content] INFO  o.e.m.j.i.AbstractJavaProjectConfigurator - Adding resource folder /repaso_banco_ja/src/main/resources
2022-12-12 02:33:18,124 [Worker-107: Import Getting Started Content] INFO  o.e.m.j.i.AbstractJavaProjectConfigurator - Adding source folder /repaso_banco_ja/src/test/java
2022-12-12 02:33:18,759 [Worker-107: Import Getting Started Content] INFO  o.e.m.c.i.p.ProjectConfigurationManager - Imported and configured 1 project(s) in 2 sec
2022-12-12 02:33:18,761 [Worker-107: Import Getting Started Content] INFO  o.e.m.c.i.p.ProjectConfigurationManager - Update started
2022-12-12 02:33:19,416 [Worker-107: Import Getting Started Content] INFO  o.e.m.c.i.l.LifecycleMappingFactory - Using org.eclipse.m2e.jdt.JarLifecycleMapping lifecycle mapping for MavenProject: uce.gob.ec.avanzada:repaso_banco_ja:1.0.1-SNAPSHOT @ C:\Users\Jonatan Altamirano\Documents\workspace-spring-tool-suite-4-4.16.1.RELEASE\Repaso1\repaso_banco_ja\pom.xml.
2022-12-12 02:33:19,982 [Worker-107: Import Getting Started Content] INFO  o.e.m.j.i.AbstractJavaProjectConfigurator - Adding source folder /repaso_banco_ja/src/main/java
2022-12-12 02:33:19,983 [Worker-107: Import Getting Started Content] INFO  o.e.m.j.i.AbstractJavaProjectConfigurator - Adding resource folder /repaso_banco_ja/src/main/resources
2022-12-12 02:33:19,983 [Worker-107: Import Getting Started Content] INFO  o.e.m.j.i.AbstractJavaProjectConfigurator - Adding resource folder /repaso_banco_ja/src/main/resources
2022-12-12 02:33:19,984 [Worker-107: Import Getting Started Content] INFO  o.e.m.j.i.AbstractJavaProjectConfigurator - Adding source folder /repaso_banco_ja/src/test/java
2022-12-12 02:33:20,417 [Worker-107: Import Getting Started Content] INFO  o.e.m.c.i.p.ProjectConfigurationManager - Update completed: 1 sec
2022-12-12 02:33:21,064 [Worker-116: Building] INFO  o.a.m.s.f.DefaultMavenResourcesFiltering - Copying 1 resource
2022-12-12 02:33:21,092 [Worker-116: Building] INFO  o.a.m.s.f.DefaultMavenResourcesFiltering - Copying 0 resource
2022-12-12 02:33:21,098 [Worker-116: Building] INFO  o.a.m.s.f.DefaultMavenResourcesFiltering - skip non existing resourceDirectory C:\Users\Jonatan Altamirano\Documents\workspace-spring-tool-suite-4-4.16.1.RELEASE\Repaso1\repaso_banco_ja\src\test\resources
2022-12-12 02:33:30,929 [Worker-107: Building] INFO  o.a.m.s.f.DefaultMavenResourcesFiltering - Copying 1 resource
2022-12-12 02:33:31,042 [Worker-107: Building] INFO  o.a.m.s.f.DefaultMavenResourcesFiltering - Copying 0 resource
2022-12-12 02:33:31,046 [Worker-107: Building] INFO  o.a.m.s.f.DefaultMavenResourcesFiltering - skip non existing resourceDirectory C:\Users\Jonatan Altamirano\Documents\workspace-spring-tool-suite-4-4.16.1.RELEASE\Repaso1\repaso_banco_ja\src\test\resources
2022-12-12 02:33:37,819 [Worker-117: Building] INFO  o.a.m.s.f.DefaultMavenResourcesFiltering - Copying 1 resource
2022-12-12 02:33:37,955 [Worker-117: Building] INFO  o.a.m.s.f.DefaultMavenResourcesFiltering - Copying 0 resource
2022-12-12 02:33:37,959 [Worker-117: Building] INFO  o.a.m.s.f.DefaultMavenResourcesFiltering - skip non existing resourceDirectory C:\Users\Jonatan Altamirano\Documents\workspace-spring-tool-suite-4-4.16.1.RELEASE\Repaso1\repaso_banco_ja\src\test\resources
2022-12-12 02:33:49,099 [Worker-117: Building] INFO  o.a.m.s.f.DefaultMavenResourcesFiltering - Copying 1 resource
2022-12-12 02:33:49,106 [Worker-117: Building] INFO  o.a.m.s.f.DefaultMavenResourcesFiltering - Copying 0 resource
2022-12-12 02:33:49,112 [Worker-117: Building] INFO  o.a.m.s.f.DefaultMavenResourcesFiltering - skip non existing resourceDirectory C:\Users\Jonatan Altamirano\Documents\workspace-spring-tool-suite-4-4.16.1.RELEASE\Repaso1\repaso_banco_ja\src\test\resources
2022-12-12 02:34:13,019 [Worker-105: Building] INFO  o.a.m.s.f.DefaultMavenResourcesFiltering - Copying 1 resource
2022-12-12 02:34:13,024 [Worker-105: Building] INFO  o.a.m.s.f.DefaultMavenResourcesFiltering - Copying 0 resource
2022-12-12 02:34:13,029 [Worker-105: Building] INFO  o.a.m.s.f.DefaultMavenResourcesFiltering - skip non existing resourceDirectory C:\Users\Jonatan Altamirano\Documents\workspace-spring-tool-suite-4-4.16.1.RELEASE\Repaso1\repaso_banco_ja\src\test\resources
2022-12-12 02:34:22,512 [Worker-101: Building] INFO  o.a.m.s.f.DefaultMavenResourcesFiltering - Copying 1 resource
2022-12-12 02:34:22,518 [Worker-101: Building] INFO  o.a.m.s.f.DefaultMavenResourcesFiltering - Copying 0 resource
2022-12-12 02:34:22,523 [Worker-101: Building] INFO  o.a.m.s.f.DefaultMavenResourcesFiltering - skip non existing resourceDirectory C:\Users\Jonatan Altamirano\Documents\workspace-spring-tool-suite-4-4.16.1.RELEASE\Repaso1\repaso_banco_ja\src\test\resources
2022-12-12 02:40:23,624 [Worker-105: Building] INFO  o.a.m.s.f.DefaultMavenResourcesFiltering - Copying 1 resource
2022-12-12 02:40:23,636 [Worker-105: Building] INFO  o.a.m.s.f.DefaultMavenResourcesFiltering - Copying 0 resource
2022-12-12 02:40:23,653 [Worker-105: Building] INFO  o.a.m.s.f.DefaultMavenResourcesFiltering - skip non existing resourceDirectory C:\Users\Jonatan Altamirano\Documents\workspace-spring-tool-suite-4-4.16.1.RELEASE\Repaso1\repaso_banco_ja\src\test\resources
2022-12-12 02:40:41,100 [Worker-114: Building] INFO  o.a.m.s.f.DefaultMavenResourcesFiltering - Copying 1 resource
2022-12-12 02:40:41,109 [Worker-114: Building] INFO  o.a.m.s.f.DefaultMavenResourcesFiltering - Copying 0 resource
2022-12-12 02:40:41,129 [Worker-114: Building] INFO  o.a.m.s.f.DefaultMavenResourcesFiltering - skip non existing resourceDirectory C:\Users\Jonatan Altamirano\Documents\workspace-spring-tool-suite-4-4.16.1.RELEASE\Repaso1\repaso_banco_ja\src\test\resources
2022-12-12 02:40:57,785 [Worker-107: Building] INFO  o.a.m.s.f.DefaultMavenResourcesFiltering - Copying 1 resource
2022-12-12 02:40:57,796 [Worker-107: Building] INFO  o.a.m.s.f.DefaultMavenResourcesFiltering - Copying 0 resource
2022-12-12 02:40:57,801 [Worker-107: Building] INFO  o.a.m.s.f.DefaultMavenResourcesFiltering - skip non existing resourceDirectory C:\Users\Jonatan Altamirano\Documents\workspace-spring-tool-suite-4-4.16.1.RELEASE\Repaso1\repaso_banco_ja\src\test\resources
2022-12-12 02:41:14,652 [Worker-116: Building] INFO  o.a.m.s.f.DefaultMavenResourcesFiltering - Copying 1 resource
2022-12-12 02:41:14,658 [Worker-116: Building] INFO  o.a.m.s.f.DefaultMavenResourcesFiltering - Copying 0 resource
2022-12-12 02:41:14,663 [Worker-116: Building] INFO  o.a.m.s.f.DefaultMavenResourcesFiltering - skip non existing resourceDirectory C:\Users\Jonatan Altamirano\Documents\workspace-spring-tool-suite-4-4.16.1.RELEASE\Repaso1\repaso_banco_ja\src\test\resources
2022-12-12 03:12:42,773 [Worker-120: Building] INFO  o.a.m.s.f.DefaultMavenResourcesFiltering - Copying 1 resource
2022-12-12 03:12:42,782 [Worker-120: Building] INFO  o.a.m.s.f.DefaultMavenResourcesFiltering - Copying 0 resource
2022-12-12 03:12:42,786 [Worker-120: Building] INFO  o.a.m.s.f.DefaultMavenResourcesFiltering - skip non existing resourceDirectory C:\Users\Jonatan Altamirano\Documents\workspace-spring-tool-suite-4-4.16.1.RELEASE\Repaso1\repaso_banco_ja\src\test\resources
2022-12-12 03:27:32,102 [Worker-130: Building] INFO  o.a.m.s.f.DefaultMavenResourcesFiltering - Copying 1 resource
2022-12-12 03:27:32,135 [Worker-130: Building] INFO  o.a.m.s.f.DefaultMavenResourcesFiltering - Copying 0 resource
2022-12-12 03:27:32,152 [Worker-130: Building] INFO  o.a.m.s.f.DefaultMavenResourcesFiltering - skip non existing resourceDirectory C:\Users\Jonatan Altamirano\Documents\workspace-spring-tool-suite-4-4.16.1.RELEASE\Repaso1\repaso_banco_ja\src\test\resources
2022-12-12 03:28:00,345 [Worker-120: Building] INFO  o.a.m.s.f.DefaultMavenResourcesFiltering - Copying 1 resource
2022-12-12 03:28:00,352 [Worker-120: Building] INFO  o.a.m.s.f.DefaultMavenResourcesFiltering - Copying 0 resource
2022-12-12 03:28:00,359 [Worker-120: Building] INFO  o.a.m.s.f.DefaultMavenResourcesFiltering - skip non existing resourceDirectory C:\Users\Jonatan Altamirano\Documents\workspace-spring-tool-suite-4-4.16.1.RELEASE\Repaso1\repaso_banco_ja\src\test\resources
2022-12-12 03:28:26,803 [Worker-131: Building] INFO  o.a.m.s.f.DefaultMavenResourcesFiltering - Copying 1 resource
2022-12-12 03:28:26,812 [Worker-131: Building] INFO  o.a.m.s.f.DefaultMavenResourcesFiltering - Copying 0 resource
2022-12-12 03:28:26,816 [Worker-131: Building] INFO  o.a.m.s.f.DefaultMavenResourcesFiltering - skip non existing resourceDirectory C:\Users\Jonatan Altamirano\Documents\workspace-spring-tool-suite-4-4.16.1.RELEASE\Repaso1\repaso_banco_ja\src\test\resources
2022-12-12 03:28:40,978 [Worker-132: Building] INFO  o.a.m.s.f.DefaultMavenResourcesFiltering - Copying 1 resource
2022-12-12 03:28:40,983 [Worker-132: Building] INFO  o.a.m.s.f.DefaultMavenResourcesFiltering - Copying 0 resource
2022-12-12 03:28:40,990 [Worker-132: Building] INFO  o.a.m.s.f.DefaultMavenResourcesFiltering - skip non existing resourceDirectory C:\Users\Jonatan Altamirano\Documents\workspace-spring-tool-suite-4-4.16.1.RELEASE\Repaso1\repaso_banco_ja\src\test\resources
2022-12-12 04:21:37,078 [Worker-133: Building] INFO  o.a.m.s.f.DefaultMavenResourcesFiltering - Copying 1 resource
2022-12-12 04:21:37,086 [Worker-133: Building] INFO  o.a.m.s.f.DefaultMavenResourcesFiltering - Copying 0 resource
2022-12-12 04:21:37,091 [Worker-133: Building] INFO  o.a.m.s.f.DefaultMavenResourcesFiltering - skip non existing resourceDirectory C:\Users\Jonatan Altamirano\Documents\workspace-spring-tool-suite-4-4.16.1.RELEASE\Repaso1\repaso_banco_ja\src\test\resources
2022-12-12 04:24:21,883 [Worker-137: Building] INFO  o.a.m.s.f.DefaultMavenResourcesFiltering - Copying 1 resource
2022-12-12 04:24:21,899 [Worker-137: Building] INFO  o.a.m.s.f.DefaultMavenResourcesFiltering - Copying 0 resource
2022-12-12 04:24:21,903 [Worker-137: Building] INFO  o.a.m.s.f.DefaultMavenResourcesFiltering - skip non existing resourceDirectory C:\Users\Jonatan Altamirano\Documents\workspace-spring-tool-suite-4-4.16.1.RELEASE\Repaso1\repaso_banco_ja\src\test\resources
2022-12-12 04:33:09,312 [Worker-137: Launching repaso_banco_ja - RepasoBancoJaApplication] INFO  o.a.m.s.f.DefaultMavenResourcesFiltering - Copying 1 resource
2022-12-12 04:33:09,320 [Worker-137: Launching repaso_banco_ja - RepasoBancoJaApplication] INFO  o.a.m.s.f.DefaultMavenResourcesFiltering - Copying 0 resource
2022-12-12 04:33:09,325 [Worker-137: Launching repaso_banco_ja - RepasoBancoJaApplication] INFO  o.a.m.s.f.DefaultMavenResourcesFiltering - skip non existing resourceDirectory C:\Users\Jonatan Altamirano\Documents\workspace-spring-tool-suite-4-4.16.1.RELEASE\Repaso1\repaso_banco_ja\src\test\resources
2022-12-12 04:34:00,235 [Worker-135: Launching repaso_banco_ja - RepasoBancoJaApplication] INFO  o.a.m.s.f.DefaultMavenResourcesFiltering - Copying 1 resource
2022-12-12 04:34:00,241 [Worker-135: Launching repaso_banco_ja - RepasoBancoJaApplication] INFO  o.a.m.s.f.DefaultMavenResourcesFiltering - Copying 0 resource
2022-12-12 04:34:00,247 [Worker-135: Launching repaso_banco_ja - RepasoBancoJaApplication] INFO  o.a.m.s.f.DefaultMavenResourcesFiltering - skip non existing resourceDirectory C:\Users\Jonatan Altamirano\Documents\workspace-spring-tool-suite-4-4.16.1.RELEASE\Repaso1\repaso_banco_ja\src\test\resources
2022-12-12 04:35:54,707 [Worker-137: Launching repaso_banco_ja - RepasoBancoJaApplication] INFO  o.a.m.s.f.DefaultMavenResourcesFiltering - Copying 1 resource
2022-12-12 04:35:54,714 [Worker-137: Launching repaso_banco_ja - RepasoBancoJaApplication] INFO  o.a.m.s.f.DefaultMavenResourcesFiltering - Copying 0 resource
2022-12-12 04:35:54,718 [Worker-137: Launching repaso_banco_ja - RepasoBancoJaApplication] INFO  o.a.m.s.f.DefaultMavenResourcesFiltering - skip non existing resourceDirectory C:\Users\Jonatan Altamirano\Documents\workspace-spring-tool-suite-4-4.16.1.RELEASE\Repaso1\repaso_banco_ja\src\test\resources
2022-12-12 04:36:44,032 [Worker-133: Launching repaso_banco_ja - RepasoBancoJaApplication] INFO  o.a.m.s.f.DefaultMavenResourcesFiltering - Copying 1 resource
2022-12-12 04:36:44,054 [Worker-133: Launching repaso_banco_ja - RepasoBancoJaApplication] INFO  o.a.m.s.f.DefaultMavenResourcesFiltering - Copying 0 resource
2022-12-12 04:36:44,058 [Worker-133: Launching repaso_banco_ja - RepasoBancoJaApplication] INFO  o.a.m.s.f.DefaultMavenResourcesFiltering - skip non existing resourceDirectory C:\Users\Jonatan Altamirano\Documents\workspace-spring-tool-suite-4-4.16.1.RELEASE\Repaso1\repaso_banco_ja\src\test\resources
2022-12-12 05:00:51,280 [Worker-144: Launching repaso_banco_ja - RepasoBancoJaApplication] INFO  o.a.m.s.f.DefaultMavenResourcesFiltering - Copying 1 resource
2022-12-12 05:00:51,299 [Worker-144: Launching repaso_banco_ja - RepasoBancoJaApplication] INFO  o.a.m.s.f.DefaultMavenResourcesFiltering - Copying 0 resource
2022-12-12 05:00:51,304 [Worker-144: Launching repaso_banco_ja - RepasoBancoJaApplication] INFO  o.a.m.s.f.DefaultMavenResourcesFiltering - skip non existing resourceDirectory C:\Users\Jonatan Altamirano\Documents\workspace-spring-tool-suite-4-4.16.1.RELEASE\Repaso1\repaso_banco_ja\src\test\resources
2022-12-12 11:17:37,775 [Worker-148: Import Getting Started Content] INFO  o.e.m.c.i.l.LifecycleMappingFactory - Using org.eclipse.m2e.jdt.JarLifecycleMapping lifecycle mapping for MavenProject: uce.gob.ec.avanzada:repaso_agencia_ja:1.0.1-SNAPSHOT @ C:\Users\Jonatan Altamirano\Documents\workspace-spring-tool-suite-4-4.16.1.RELEASE\Repaso1\repaso_agencia_ja\pom.xml.
2022-12-12 11:17:38,422 [Worker-148: Import Getting Started Content] INFO  o.e.m.j.i.AbstractJavaProjectConfigurator - Adding source folder /repaso_agencia_ja/src/main/java
2022-12-12 11:17:38,422 [Worker-148: Import Getting Started Content] INFO  o.e.m.j.i.AbstractJavaProjectConfigurator - Adding resource folder /repaso_agencia_ja/src/main/resources
2022-12-12 11:17:38,426 [Worker-148: Import Getting Started Content] INFO  o.e.m.j.i.AbstractJavaProjectConfigurator - Adding resource folder /repaso_agencia_ja/src/main/resources
2022-12-12 11:17:38,430 [Worker-148: Import Getting Started Content] INFO  o.e.m.j.i.AbstractJavaProjectConfigurator - Adding source folder /repaso_agencia_ja/src/test/java
2022-12-12 11:17:38,707 [Worker-148: Import Getting Started Content] INFO  o.e.m.c.i.p.ProjectConfigurationManager - Imported and configured 1 project(s) in 1 sec
2022-12-12 11:17:38,711 [Worker-148: Import Getting Started Content] INFO  o.e.m.c.i.p.ProjectConfigurationManager - Update started
2022-12-12 11:17:39,141 [Worker-148: Import Getting Started Content] INFO  o.e.m.c.i.l.LifecycleMappingFactory - Using org.eclipse.m2e.jdt.JarLifecycleMapping lifecycle mapping for MavenProject: uce.gob.ec.avanzada:repaso_agencia_ja:1.0.1-SNAPSHOT @ C:\Users\Jonatan Altamirano\Documents\workspace-spring-tool-suite-4-4.16.1.RELEASE\Repaso1\repaso_agencia_ja\pom.xml.
2022-12-12 11:17:39,782 [Worker-148: Import Getting Started Content] INFO  o.e.m.j.i.AbstractJavaProjectConfigurator - Adding source folder /repaso_agencia_ja/src/main/java
2022-12-12 11:17:39,782 [Worker-148: Import Getting Started Content] INFO  o.e.m.j.i.AbstractJavaProjectConfigurator - Adding resource folder /repaso_agencia_ja/src/main/resources
2022-12-12 11:17:39,783 [Worker-148: Import Getting Started Content] INFO  o.e.m.j.i.AbstractJavaProjectConfigurator - Adding resource folder /repaso_agencia_ja/src/main/resources
2022-12-12 11:17:39,783 [Worker-148: Import Getting Started Content] INFO  o.e.m.j.i.AbstractJavaProjectConfigurator - Adding source folder /repaso_agencia_ja/src/test/java
2022-12-12 11:17:40,209 [Worker-148: Import Getting Started Content] INFO  o.e.m.c.i.p.ProjectConfigurationManager - Update completed: 1 sec
2022-12-12 11:17:40,793 [Worker-152: Building] INFO  o.a.m.s.f.DefaultMavenResourcesFiltering - Copying 1 resource
2022-12-12 11:17:40,822 [Worker-152: Building] INFO  o.a.m.s.f.DefaultMavenResourcesFiltering - Copying 0 resource
2022-12-12 11:17:40,833 [Worker-152: Building] INFO  o.a.m.s.f.DefaultMavenResourcesFiltering - skip non existing resourceDirectory C:\Users\Jonatan Altamirano\Documents\workspace-spring-tool-suite-4-4.16.1.RELEASE\Repaso1\repaso_agencia_ja\src\test\resources
2022-12-12 11:18:05,158 [Worker-146: Building] INFO  o.a.m.s.f.DefaultMavenResourcesFiltering - Copying 1 resource
2022-12-12 11:18:05,182 [Worker-146: Building] INFO  o.a.m.s.f.DefaultMavenResourcesFiltering - Copying 0 resource
2022-12-12 11:18:05,186 [Worker-146: Building] INFO  o.a.m.s.f.DefaultMavenResourcesFiltering - skip non existing resourceDirectory C:\Users\Jonatan Altamirano\Documents\workspace-spring-tool-suite-4-4.16.1.RELEASE\Repaso1\repaso_agencia_ja\src\test\resources
2022-12-12 11:18:15,265 [Worker-149: Building] INFO  o.a.m.s.f.DefaultMavenResourcesFiltering - Copying 1 resource
2022-12-12 11:18:15,290 [Worker-149: Building] INFO  o.a.m.s.f.DefaultMavenResourcesFiltering - Copying 0 resource
2022-12-12 11:18:15,296 [Worker-149: Building] INFO  o.a.m.s.f.DefaultMavenResourcesFiltering - skip non existing resourceDirectory C:\Users\Jonatan Altamirano\Documents\workspace-spring-tool-suite-4-4.16.1.RELEASE\Repaso1\repaso_agencia_ja\src\test\resources
2022-12-12 11:18:22,909 [Worker-152: Building] INFO  o.a.m.s.f.DefaultMavenResourcesFiltering - Copying 1 resource
2022-12-12 11:18:22,924 [Worker-152: Building] INFO  o.a.m.s.f.DefaultMavenResourcesFiltering - Copying 0 resource
2022-12-12 11:18:22,932 [Worker-152: Building] INFO  o.a.m.s.f.DefaultMavenResourcesFiltering - skip non existing resourceDirectory C:\Users\Jonatan Altamirano\Documents\workspace-spring-tool-suite-4-4.16.1.RELEASE\Repaso1\repaso_agencia_ja\src\test\resources
2022-12-12 11:19:08,425 [Worker-141: Building] INFO  o.a.m.s.f.DefaultMavenResourcesFiltering - Copying 1 resource
2022-12-12 11:19:08,436 [Worker-141: Building] INFO  o.a.m.s.f.DefaultMavenResourcesFiltering - Copying 0 resource
2022-12-12 11:19:08,442 [Worker-141: Building] INFO  o.a.m.s.f.DefaultMavenResourcesFiltering - skip non existing resourceDirectory C:\Users\Jonatan Altamirano\Documents\workspace-spring-tool-suite-4-4.16.1.RELEASE\Repaso1\repaso_agencia_ja\src\test\resources
2022-12-12 11:19:15,621 [Worker-141: Building] INFO  o.a.m.s.f.DefaultMavenResourcesFiltering - Copying 1 resource
2022-12-12 11:19:15,630 [Worker-141: Building] INFO  o.a.m.s.f.DefaultMavenResourcesFiltering - Copying 0 resource
2022-12-12 11:19:15,636 [Worker-141: Building] INFO  o.a.m.s.f.DefaultMavenResourcesFiltering - skip non existing resourceDirectory C:\Users\Jonatan Altamirano\Documents\workspace-spring-tool-suite-4-4.16.1.RELEASE\Repaso1\repaso_agencia_ja\src\test\resources
2022-12-12 11:19:24,044 [Worker-149: Building] INFO  o.a.m.s.f.DefaultMavenResourcesFiltering - Copying 1 resource
2022-12-12 11:19:24,053 [Worker-149: Building] INFO  o.a.m.s.f.DefaultMavenResourcesFiltering - Copying 0 resource
2022-12-12 11:19:24,057 [Worker-149: Building] INFO  o.a.m.s.f.DefaultMavenResourcesFiltering - skip non existing resourceDirectory C:\Users\Jonatan Altamirano\Documents\workspace-spring-tool-suite-4-4.16.1.RELEASE\Repaso1\repaso_agencia_ja\src\test\resources
2022-12-12 11:25:15,976 [Worker-152: Building] INFO  o.a.m.s.f.DefaultMavenResourcesFiltering - Copying 1 resource
2022-12-12 11:25:15,984 [Worker-152: Building] INFO  o.a.m.s.f.DefaultMavenResourcesFiltering - Copying 0 resource
2022-12-12 11:25:16,005 [Worker-152: Building] INFO  o.a.m.s.f.DefaultMavenResourcesFiltering - skip non existing resourceDirectory C:\Users\Jonatan Altamirano\Documents\workspace-spring-tool-suite-4-4.16.1.RELEASE\Repaso1\repaso_agencia_ja\src\test\resources
2022-12-12 12:32:05,397 [Worker-152: Building] INFO  o.a.m.s.f.DefaultMavenResourcesFiltering - Copying 1 resource
2022-12-12 12:32:05,432 [Worker-152: Building] INFO  o.a.m.s.f.DefaultMavenResourcesFiltering - Copying 0 resource
2022-12-12 12:32:05,437 [Worker-152: Building] INFO  o.a.m.s.f.DefaultMavenResourcesFiltering - skip non existing resourceDirectory C:\Users\Jonatan Altamirano\Documents\workspace-spring-tool-suite-4-4.16.1.RELEASE\Repaso1\repaso_agencia_ja\src\test\resources
2022-12-12 12:32:23,001 [Worker-141: Building] INFO  o.a.m.s.f.DefaultMavenResourcesFiltering - Copying 1 resource
2022-12-12 12:32:23,038 [Worker-141: Building] INFO  o.a.m.s.f.DefaultMavenResourcesFiltering - Copying 0 resource
2022-12-12 12:32:23,042 [Worker-141: Building] INFO  o.a.m.s.f.DefaultMavenResourcesFiltering - skip non existing resourceDirectory C:\Users\Jonatan Altamirano\Documents\workspace-spring-tool-suite-4-4.16.1.RELEASE\Repaso1\repaso_agencia_ja\src\test\resources
2022-12-12 12:32:39,348 [Worker-141: Building] INFO  o.a.m.s.f.DefaultMavenResourcesFiltering - Copying 1 resource
2022-12-12 12:32:39,354 [Worker-141: Building] INFO  o.a.m.s.f.DefaultMavenResourcesFiltering - Copying 0 resource
2022-12-12 12:32:39,366 [Worker-141: Building] INFO  o.a.m.s.f.DefaultMavenResourcesFiltering - skip non existing resourceDirectory C:\Users\Jonatan Altamirano\Documents\workspace-spring-tool-suite-4-4.16.1.RELEASE\Repaso1\repaso_agencia_ja\src\test\resources
2022-12-12 12:32:53,501 [Worker-155: Building] INFO  o.a.m.s.f.DefaultMavenResourcesFiltering - Copying 1 resource
2022-12-12 12:32:53,529 [Worker-155: Building] INFO  o.a.m.s.f.DefaultMavenResourcesFiltering - Copying 0 resource
2022-12-12 12:32:53,534 [Worker-155: Building] INFO  o.a.m.s.f.DefaultMavenResourcesFiltering - skip non existing resourceDirectory C:\Users\Jonatan Altamirano\Documents\workspace-spring-tool-suite-4-4.16.1.RELEASE\Repaso1\repaso_agencia_ja\src\test\resources
2022-12-12 12:33:16,925 [Worker-141: Building] INFO  o.a.m.s.f.DefaultMavenResourcesFiltering - Copying 1 resource
2022-12-12 12:33:16,933 [Worker-141: Building] INFO  o.a.m.s.f.DefaultMavenResourcesFiltering - Copying 0 resource
2022-12-12 12:33:16,937 [Worker-141: Building] INFO  o.a.m.s.f.DefaultMavenResourcesFiltering - skip non existing resourceDirectory C:\Users\Jonatan Altamirano\Documents\workspace-spring-tool-suite-4-4.16.1.RELEASE\Repaso1\repaso_agencia_ja\src\test\resources
2022-12-12 12:33:34,751 [Worker-156: Building] INFO  o.a.m.s.f.DefaultMavenResourcesFiltering - Copying 1 resource
2022-12-12 12:33:34,849 [Worker-156: Building] INFO  o.a.m.s.f.DefaultMavenResourcesFiltering - Copying 0 resource
2022-12-12 12:33:34,926 [Worker-156: Building] INFO  o.a.m.s.f.DefaultMavenResourcesFiltering - skip non existing resourceDirectory C:\Users\Jonatan Altamirano\Documents\workspace-spring-tool-suite-4-4.16.1.RELEASE\Repaso1\repaso_agencia_ja\src\test\resources
2022-12-12 14:18:52,988 [Worker-165: Building] INFO  o.a.m.s.f.DefaultMavenResourcesFiltering - Copying 1 resource
2022-12-12 14:18:53,010 [Worker-165: Building] INFO  o.a.m.s.f.DefaultMavenResourcesFiltering - Copying 0 resource
2022-12-12 14:18:53,015 [Worker-165: Building] INFO  o.a.m.s.f.DefaultMavenResourcesFiltering - skip non existing resourceDirectory C:\Users\Jonatan Altamirano\Documents\workspace-spring-tool-suite-4-4.16.1.RELEASE\Repaso1\repaso_agencia_ja\src\test\resources
2022-12-12 14:18:58,841 [Worker-168: Building] INFO  o.a.m.s.f.DefaultMavenResourcesFiltering - Copying 1 resource
2022-12-12 14:18:58,851 [Worker-168: Building] INFO  o.a.m.s.f.DefaultMavenResourcesFiltering - Copying 0 resource
2022-12-12 14:18:58,856 [Worker-168: Building] INFO  o.a.m.s.f.DefaultMavenResourcesFiltering - skip non existing resourceDirectory C:\Users\Jonatan Altamirano\Documents\workspace-spring-tool-suite-4-4.16.1.RELEASE\Repaso1\repaso_agencia_ja\src\test\resources
2022-12-12 14:19:13,697 [Worker-167: Building] INFO  o.a.m.s.f.DefaultMavenResourcesFiltering - Copying 1 resource
2022-12-12 14:19:13,703 [Worker-167: Building] INFO  o.a.m.s.f.DefaultMavenResourcesFiltering - Copying 0 resource
2022-12-12 14:19:13,706 [Worker-167: Building] INFO  o.a.m.s.f.DefaultMavenResourcesFiltering - skip non existing resourceDirectory C:\Users\Jonatan Altamirano\Documents\workspace-spring-tool-suite-4-4.16.1.RELEASE\Repaso1\repaso_agencia_ja\src\test\resources
2022-12-12 14:19:29,436 [Worker-165: Building] INFO  o.a.m.s.f.DefaultMavenResourcesFiltering - Copying 1 resource
2022-12-12 14:19:29,445 [Worker-165: Building] INFO  o.a.m.s.f.DefaultMavenResourcesFiltering - Copying 0 resource
2022-12-12 14:19:29,453 [Worker-165: Building] INFO  o.a.m.s.f.DefaultMavenResourcesFiltering - skip non existing resourceDirectory C:\Users\Jonatan Altamirano\Documents\workspace-spring-tool-suite-4-4.16.1.RELEASE\Repaso1\repaso_agencia_ja\src\test\resources
2022-12-12 14:19:51,117 [Worker-168: Building] INFO  o.a.m.s.f.DefaultMavenResourcesFiltering - Copying 1 resource
2022-12-12 14:19:51,122 [Worker-168: Building] INFO  o.a.m.s.f.DefaultMavenResourcesFiltering - Copying 0 resource
2022-12-12 14:19:51,126 [Worker-168: Building] INFO  o.a.m.s.f.DefaultMavenResourcesFiltering - skip non existing resourceDirectory C:\Users\Jonatan Altamirano\Documents\workspace-spring-tool-suite-4-4.16.1.RELEASE\Repaso1\repaso_agencia_ja\src\test\resources
2022-12-12 14:20:03,087 [Worker-168: Building] INFO  o.a.m.s.f.DefaultMavenResourcesFiltering - Copying 1 resource
2022-12-12 14:20:03,094 [Worker-168: Building] INFO  o.a.m.s.f.DefaultMavenResourcesFiltering - Copying 0 resource
2022-12-12 14:20:03,119 [Worker-168: Building] INFO  o.a.m.s.f.DefaultMavenResourcesFiltering - skip non existing resourceDirectory C:\Users\Jonatan Altamirano\Documents\workspace-spring-tool-suite-4-4.16.1.RELEASE\Repaso1\repaso_agencia_ja\src\test\resources
2022-12-12 14:20:19,017 [Worker-169: Building] INFO  o.a.m.s.f.DefaultMavenResourcesFiltering - Copying 1 resource
2022-12-12 14:20:19,022 [Worker-169: Building] INFO  o.a.m.s.f.DefaultMavenResourcesFiltering - Copying 0 resource
2022-12-12 14:20:19,028 [Worker-169: Building] INFO  o.a.m.s.f.DefaultMavenResourcesFiltering - skip non existing resourceDirectory C:\Users\Jonatan Altamirano\Documents\workspace-spring-tool-suite-4-4.16.1.RELEASE\Repaso1\repaso_agencia_ja\src\test\resources
2022-12-12 14:20:41,050 [Worker-168: Building] INFO  o.a.m.s.f.DefaultMavenResourcesFiltering - Copying 1 resource
2022-12-12 14:20:41,055 [Worker-168: Building] INFO  o.a.m.s.f.DefaultMavenResourcesFiltering - Copying 0 resource
2022-12-12 14:20:41,067 [Worker-168: Building] INFO  o.a.m.s.f.DefaultMavenResourcesFiltering - skip non existing resourceDirectory C:\Users\Jonatan Altamirano\Documents\workspace-spring-tool-suite-4-4.16.1.RELEASE\Repaso1\repaso_agencia_ja\src\test\resources
2022-12-12 14:33:58,458 [Worker-171: Building] INFO  o.a.m.s.f.DefaultMavenResourcesFiltering - Copying 1 resource
2022-12-12 14:33:58,467 [Worker-171: Building] INFO  o.a.m.s.f.DefaultMavenResourcesFiltering - Copying 0 resource
2022-12-12 14:33:58,472 [Worker-171: Building] INFO  o.a.m.s.f.DefaultMavenResourcesFiltering - skip non existing resourceDirectory C:\Users\Jonatan Altamirano\Documents\workspace-spring-tool-suite-4-4.16.1.RELEASE\Repaso1\repaso_agencia_ja\src\test\resources
2022-12-12 14:34:21,859 [Worker-172: Building] INFO  o.a.m.s.f.DefaultMavenResourcesFiltering - Copying 1 resource
2022-12-12 14:34:21,871 [Worker-172: Building] INFO  o.a.m.s.f.DefaultMavenResourcesFiltering - Copying 0 resource
2022-12-12 14:34:21,876 [Worker-172: Building] INFO  o.a.m.s.f.DefaultMavenResourcesFiltering - skip non existing resourceDirectory C:\Users\Jonatan Altamirano\Documents\workspace-spring-tool-suite-4-4.16.1.RELEASE\Repaso1\repaso_agencia_ja\src\test\resources
2022-12-12 14:39:18,498 [Worker-176: Building] INFO  o.a.m.s.f.DefaultMavenResourcesFiltering - Copying 1 resource
2022-12-12 14:39:18,527 [Worker-176: Building] INFO  o.a.m.s.f.DefaultMavenResourcesFiltering - Copying 0 resource
2022-12-12 14:39:18,534 [Worker-176: Building] INFO  o.a.m.s.f.DefaultMavenResourcesFiltering - skip non existing resourceDirectory C:\Users\Jonatan Altamirano\Documents\workspace-spring-tool-suite-4-4.16.1.RELEASE\Repaso1\repaso_agencia_ja\src\test\resources
2022-12-12 14:39:36,372 [Worker-174: Building] INFO  o.a.m.s.f.DefaultMavenResourcesFiltering - Copying 1 resource
2022-12-12 14:39:36,381 [Worker-174: Building] INFO  o.a.m.s.f.DefaultMavenResourcesFiltering - Copying 0 resource
2022-12-12 14:39:36,387 [Worker-174: Building] INFO  o.a.m.s.f.DefaultMavenResourcesFiltering - skip non existing resourceDirectory C:\Users\Jonatan Altamirano\Documents\workspace-spring-tool-suite-4-4.16.1.RELEASE\Repaso1\repaso_agencia_ja\src\test\resources
2022-12-12 14:39:55,937 [Worker-174: Building] INFO  o.a.m.s.f.DefaultMavenResourcesFiltering - Copying 1 resource
2022-12-12 14:39:55,944 [Worker-174: Building] INFO  o.a.m.s.f.DefaultMavenResourcesFiltering - Copying 0 resource
2022-12-12 14:39:55,948 [Worker-174: Building] INFO  o.a.m.s.f.DefaultMavenResourcesFiltering - skip non existing resourceDirectory C:\Users\Jonatan Altamirano\Documents\workspace-spring-tool-suite-4-4.16.1.RELEASE\Repaso1\repaso_agencia_ja\src\test\resources
2022-12-12 15:13:25,059 [Worker-182: Building] INFO  o.a.m.s.f.DefaultMavenResourcesFiltering - Copying 1 resource
2022-12-12 15:13:25,069 [Worker-182: Building] INFO  o.a.m.s.f.DefaultMavenResourcesFiltering - Copying 0 resource
2022-12-12 15:13:25,074 [Worker-182: Building] INFO  o.a.m.s.f.DefaultMavenResourcesFiltering - skip non existing resourceDirectory C:\Users\Jonatan Altamirano\Documents\workspace-spring-tool-suite-4-4.16.1.RELEASE\Repaso1\repaso_agencia_ja\src\test\resources
2022-12-12 15:15:28,313 [Worker-184: Launching repaso_agencia_ja - RepasoAgenciaJaApplication] INFO  o.a.m.s.f.DefaultMavenResourcesFiltering - Copying 1 resource
2022-12-12 15:15:28,353 [Worker-184: Launching repaso_agencia_ja - RepasoAgenciaJaApplication] INFO  o.a.m.s.f.DefaultMavenResourcesFiltering - Copying 0 resource
2022-12-12 15:15:28,358 [Worker-184: Launching repaso_agencia_ja - RepasoAgenciaJaApplication] INFO  o.a.m.s.f.DefaultMavenResourcesFiltering - skip non existing resourceDirectory C:\Users\Jonatan Altamirano\Documents\workspace-spring-tool-suite-4-4.16.1.RELEASE\Repaso1\repaso_agencia_ja\src\test\resources
2022-12-12 15:18:06,807 [Worker-188: Launching repaso_agencia_ja - RepasoAgenciaJaApplication] INFO  o.a.m.s.f.DefaultMavenResourcesFiltering - Copying 1 resource
2022-12-12 15:18:06,814 [Worker-188: Launching repaso_agencia_ja - RepasoAgenciaJaApplication] INFO  o.a.m.s.f.DefaultMavenResourcesFiltering - Copying 0 resource
2022-12-12 15:18:06,819 [Worker-188: Launching repaso_agencia_ja - RepasoAgenciaJaApplication] INFO  o.a.m.s.f.DefaultMavenResourcesFiltering - skip non existing resourceDirectory C:\Users\Jonatan Altamirano\Documents\workspace-spring-tool-suite-4-4.16.1.RELEASE\Repaso1\repaso_agencia_ja\src\test\resources
2022-12-12 15:18:47,643 [Worker-188: Launching repaso_agencia_ja - RepasoAgenciaJaApplication] INFO  o.a.m.s.f.DefaultMavenResourcesFiltering - Copying 1 resource
2022-12-12 15:18:47,650 [Worker-188: Launching repaso_agencia_ja - RepasoAgenciaJaApplication] INFO  o.a.m.s.f.DefaultMavenResourcesFiltering - Copying 0 resource
2022-12-12 15:18:47,654 [Worker-188: Launching repaso_agencia_ja - RepasoAgenciaJaApplication] INFO  o.a.m.s.f.DefaultMavenResourcesFiltering - skip non existing resourceDirectory C:\Users\Jonatan Altamirano\Documents\workspace-spring-tool-suite-4-4.16.1.RELEASE\Repaso1\repaso_agencia_ja\src\test\resources
2022-12-12 15:21:35,968 [Worker-184: Launching repaso_agencia_ja - RepasoAgenciaJaApplication] INFO  o.a.m.s.f.DefaultMavenResourcesFiltering - Copying 1 resource
2022-12-12 15:21:35,976 [Worker-184: Launching repaso_agencia_ja - RepasoAgenciaJaApplication] INFO  o.a.m.s.f.DefaultMavenResourcesFiltering - Copying 0 resource
2022-12-12 15:21:35,980 [Worker-184: Launching repaso_agencia_ja - RepasoAgenciaJaApplication] INFO  o.a.m.s.f.DefaultMavenResourcesFiltering - skip non existing resourceDirectory C:\Users\Jonatan Altamirano\Documents\workspace-spring-tool-suite-4-4.16.1.RELEASE\Repaso1\repaso_agencia_ja\src\test\resources
2022-12-12 15:28:40,091 [Worker-185: Launching repaso_agencia_ja - RepasoAgenciaJaApplication] INFO  o.a.m.s.f.DefaultMavenResourcesFiltering - Copying 1 resource
2022-12-12 15:28:40,096 [Worker-185: Launching repaso_agencia_ja - RepasoAgenciaJaApplication] INFO  o.a.m.s.f.DefaultMavenResourcesFiltering - Copying 0 resource
2022-12-12 15:28:40,101 [Worker-185: Launching repaso_agencia_ja - RepasoAgenciaJaApplication] INFO  o.a.m.s.f.DefaultMavenResourcesFiltering - skip non existing resourceDirectory C:\Users\Jonatan Altamirano\Documents\workspace-spring-tool-suite-4-4.16.1.RELEASE\Repaso1\repaso_agencia_ja\src\test\resources
2022-12-12 15:29:00,483 [Worker-193: Launching repaso_agencia_ja - RepasoAgenciaJaApplication] INFO  o.a.m.s.f.DefaultMavenResourcesFiltering - Copying 1 resource
2022-12-12 15:29:00,491 [Worker-193: Launching repaso_agencia_ja - RepasoAgenciaJaApplication] INFO  o.a.m.s.f.DefaultMavenResourcesFiltering - Copying 0 resource
2022-12-12 15:29:00,495 [Worker-193: Launching repaso_agencia_ja - RepasoAgenciaJaApplication] INFO  o.a.m.s.f.DefaultMavenResourcesFiltering - skip non existing resourceDirectory C:\Users\Jonatan Altamirano\Documents\workspace-spring-tool-suite-4-4.16.1.RELEASE\Repaso1\repaso_agencia_ja\src\test\resources
2022-12-12 15:34:37,157 [Worker-197: Launching repaso_agencia_ja - RepasoAgenciaJaApplication] INFO  o.a.m.s.f.DefaultMavenResourcesFiltering - Copying 1 resource
2022-12-12 15:34:37,166 [Worker-197: Launching repaso_agencia_ja - RepasoAgenciaJaApplication] INFO  o.a.m.s.f.DefaultMavenResourcesFiltering - Copying 0 resource
2022-12-12 15:34:37,172 [Worker-197: Launching repaso_agencia_ja - RepasoAgenciaJaApplication] INFO  o.a.m.s.f.DefaultMavenResourcesFiltering - skip non existing resourceDirectory C:\Users\Jonatan Altamirano\Documents\workspace-spring-tool-suite-4-4.16.1.RELEASE\Repaso1\repaso_agencia_ja\src\test\resources
2022-12-12 15:35:58,469 [Worker-198: Launching repaso_agencia_ja - RepasoAgenciaJaApplication] INFO  o.a.m.s.f.DefaultMavenResourcesFiltering - Copying 1 resource
2022-12-12 15:35:58,486 [Worker-198: Launching repaso_agencia_ja - RepasoAgenciaJaApplication] INFO  o.a.m.s.f.DefaultMavenResourcesFiltering - Copying 0 resource
2022-12-12 15:35:58,492 [Worker-198: Launching repaso_agencia_ja - RepasoAgenciaJaApplication] INFO  o.a.m.s.f.DefaultMavenResourcesFiltering - skip non existing resourceDirectory C:\Users\Jonatan Altamirano\Documents\workspace-spring-tool-suite-4-4.16.1.RELEASE\Repaso1\repaso_agencia_ja\src\test\resources
2022-12-12 15:36:34,591 [Worker-200: Launching repaso_agencia_ja - RepasoAgenciaJaApplication] INFO  o.a.m.s.f.DefaultMavenResourcesFiltering - Copying 1 resource
2022-12-12 15:36:34,599 [Worker-200: Launching repaso_agencia_ja - RepasoAgenciaJaApplication] INFO  o.a.m.s.f.DefaultMavenResourcesFiltering - Copying 0 resource
2022-12-12 15:36:34,603 [Worker-200: Launching repaso_agencia_ja - RepasoAgenciaJaApplication] INFO  o.a.m.s.f.DefaultMavenResourcesFiltering - skip non existing resourceDirectory C:\Users\Jonatan Altamirano\Documents\workspace-spring-tool-suite-4-4.16.1.RELEASE\Repaso1\repaso_agencia_ja\src\test\resources
2022-12-12 15:45:38,813 [Worker-203: Launching repaso_agencia_ja - RepasoAgenciaJaApplication] INFO  o.a.m.s.f.DefaultMavenResourcesFiltering - Copying 1 resource
2022-12-12 15:45:38,842 [Worker-203: Launching repaso_agencia_ja - RepasoAgenciaJaApplication] INFO  o.a.m.s.f.DefaultMavenResourcesFiltering - Copying 0 resource
2022-12-12 15:45:38,846 [Worker-203: Launching repaso_agencia_ja - RepasoAgenciaJaApplication] INFO  o.a.m.s.f.DefaultMavenResourcesFiltering - skip non existing resourceDirectory C:\Users\Jonatan Altamirano\Documents\workspace-spring-tool-suite-4-4.16.1.RELEASE\Repaso1\repaso_agencia_ja\src\test\resources
2022-12-12 15:46:44,335 [Worker-195: Launching repaso_agencia_ja - RepasoAgenciaJaApplication] INFO  o.a.m.s.f.DefaultMavenResourcesFiltering - Copying 1 resource
2022-12-12 15:46:44,341 [Worker-195: Launching repaso_agencia_ja - RepasoAgenciaJaApplication] INFO  o.a.m.s.f.DefaultMavenResourcesFiltering - Copying 0 resource
2022-12-12 15:46:44,346 [Worker-195: Launching repaso_agencia_ja - RepasoAgenciaJaApplication] INFO  o.a.m.s.f.DefaultMavenResourcesFiltering - skip non existing resourceDirectory C:\Users\Jonatan Altamirano\Documents\workspace-spring-tool-suite-4-4.16.1.RELEASE\Repaso1\repaso_agencia_ja\src\test\resources
2022-12-12 16:10:59,186 [Worker-203: Launching repaso_agencia_ja - RepasoAgenciaJaApplication] INFO  o.a.m.s.f.DefaultMavenResourcesFiltering - Copying 1 resource
2022-12-12 16:10:59,210 [Worker-203: Launching repaso_agencia_ja - RepasoAgenciaJaApplication] INFO  o.a.m.s.f.DefaultMavenResourcesFiltering - Copying 0 resource
2022-12-12 16:10:59,215 [Worker-203: Launching repaso_agencia_ja - RepasoAgenciaJaApplication] INFO  o.a.m.s.f.DefaultMavenResourcesFiltering - skip non existing resourceDirectory C:\Users\Jonatan Altamirano\Documents\workspace-spring-tool-suite-4-4.16.1.RELEASE\Repaso1\repaso_agencia_ja\src\test\resources
2022-12-12 16:11:28,901 [Worker-207: Launching repaso_agencia_ja - RepasoAgenciaJaApplication] INFO  o.a.m.s.f.DefaultMavenResourcesFiltering - Copying 1 resource
2022-12-12 16:11:28,929 [Worker-207: Launching repaso_agencia_ja - RepasoAgenciaJaApplication] INFO  o.a.m.s.f.DefaultMavenResourcesFiltering - Copying 0 resource
2022-12-12 16:11:28,934 [Worker-207: Launching repaso_agencia_ja - RepasoAgenciaJaApplication] INFO  o.a.m.s.f.DefaultMavenResourcesFiltering - skip non existing resourceDirectory C:\Users\Jonatan Altamirano\Documents\workspace-spring-tool-suite-4-4.16.1.RELEASE\Repaso1\repaso_agencia_ja\src\test\resources
2022-12-12 16:12:23,620 [Worker-203: Launching repaso_agencia_ja - RepasoAgenciaJaApplication] INFO  o.a.m.s.f.DefaultMavenResourcesFiltering - Copying 1 resource
2022-12-12 16:12:23,627 [Worker-203: Launching repaso_agencia_ja - RepasoAgenciaJaApplication] INFO  o.a.m.s.f.DefaultMavenResourcesFiltering - Copying 0 resource
2022-12-12 16:12:23,632 [Worker-203: Launching repaso_agencia_ja - RepasoAgenciaJaApplication] INFO  o.a.m.s.f.DefaultMavenResourcesFiltering - skip non existing resourceDirectory C:\Users\Jonatan Altamirano\Documents\workspace-spring-tool-suite-4-4.16.1.RELEASE\Repaso1\repaso_agencia_ja\src\test\resources
2022-12-12 16:14:33,771 [Worker-210: Launching repaso_agencia_ja - RepasoAgenciaJaApplication] INFO  o.a.m.s.f.DefaultMavenResourcesFiltering - Copying 1 resource
2022-12-12 16:14:33,777 [Worker-210: Launching repaso_agencia_ja - RepasoAgenciaJaApplication] INFO  o.a.m.s.f.DefaultMavenResourcesFiltering - Copying 0 resource
2022-12-12 16:14:33,782 [Worker-210: Launching repaso_agencia_ja - RepasoAgenciaJaApplication] INFO  o.a.m.s.f.DefaultMavenResourcesFiltering - skip non existing resourceDirectory C:\Users\Jonatan Altamirano\Documents\workspace-spring-tool-suite-4-4.16.1.RELEASE\Repaso1\repaso_agencia_ja\src\test\resources
2022-12-12 16:16:08,362 [Worker-207: Launching repaso_agencia_ja - RepasoAgenciaJaApplication] INFO  o.a.m.s.f.DefaultMavenResourcesFiltering - Copying 1 resource
2022-12-12 16:16:08,374 [Worker-207: Launching repaso_agencia_ja - RepasoAgenciaJaApplication] INFO  o.a.m.s.f.DefaultMavenResourcesFiltering - Copying 0 resource
2022-12-12 16:16:08,378 [Worker-207: Launching repaso_agencia_ja - RepasoAgenciaJaApplication] INFO  o.a.m.s.f.DefaultMavenResourcesFiltering - skip non existing resourceDirectory C:\Users\Jonatan Altamirano\Documents\workspace-spring-tool-suite-4-4.16.1.RELEASE\Repaso1\repaso_agencia_ja\src\test\resources
2022-12-12 16:34:01,346 [Worker-214: Launching repaso_agencia_ja - RepasoAgenciaJaApplication] INFO  o.a.m.s.f.DefaultMavenResourcesFiltering - Copying 1 resource
2022-12-12 16:34:01,354 [Worker-214: Launching repaso_agencia_ja - RepasoAgenciaJaApplication] INFO  o.a.m.s.f.DefaultMavenResourcesFiltering - Copying 0 resource
2022-12-12 16:34:01,358 [Worker-214: Launching repaso_agencia_ja - RepasoAgenciaJaApplication] INFO  o.a.m.s.f.DefaultMavenResourcesFiltering - skip non existing resourceDirectory C:\Users\Jonatan Altamirano\Documents\workspace-spring-tool-suite-4-4.16.1.RELEASE\Repaso1\repaso_agencia_ja\src\test\resources
2022-12-13 08:36:59,647 [Worker-216: Building] INFO  o.e.m.c.i.embedder.EclipseLogger - Using 'UTF-8' encoding to copy filtered resources.
2022-12-13 08:36:59,647 [Worker-216: Building] INFO  o.e.m.c.i.embedder.EclipseLogger - Using 'UTF-8' encoding to copy filtered properties files.
2022-12-13 08:36:59,648 [Worker-216: Building] INFO  o.e.m.c.i.embedder.EclipseLogger - Copying 1 resource
2022-12-13 08:36:59,994 [Worker-216: Building] INFO  o.e.m.c.i.embedder.EclipseLogger - Copying 0 resource
2022-12-13 08:36:59,998 [Worker-216: Building] INFO  o.e.m.c.i.embedder.EclipseLogger - Using 'UTF-8' encoding to copy filtered resources.
2022-12-13 08:36:59,998 [Worker-216: Building] INFO  o.e.m.c.i.embedder.EclipseLogger - Using 'UTF-8' encoding to copy filtered properties files.
2022-12-13 08:36:59,998 [Worker-216: Building] INFO  o.e.m.c.i.embedder.EclipseLogger - skip non existing resourceDirectory C:\prueba_pa_p2_mg\src\test\resources
2022-12-13 08:42:33,387 [Worker-1: Loading available Gradle versions] INFO  o.e.b.c.i.u.g.PublishedGradleVersions - Gradle version information cache is up-to-date. Trying to read.
2022-12-13 08:43:55,284 [Worker-8: Import Getting Started Content] INFO  o.e.m.c.i.l.LifecycleMappingFactory - Using org.eclipse.m2e.jdt.JarLifecycleMapping lifecycle mapping for MavenProject: uce.gob.ec.avanzada:repaso_agencia_ja:1.0.1-SNAPSHOT @ C:\Users\Jonatan Altamirano\Documents\workspace-spring-tool-suite-4-4.16.1.RELEASE\Repaso1\repaso_agencia_ja\pom.xml.
2022-12-13 08:43:56,657 [Worker-8: Import Getting Started Content] INFO  o.e.m.j.i.AbstractJavaProjectConfigurator - Adding source folder /repaso_agencia_ja/src/main/java
2022-12-13 08:43:56,658 [Worker-8: Import Getting Started Content] INFO  o.e.m.j.i.AbstractJavaProjectConfigurator - Adding resource folder /repaso_agencia_ja/src/main/resources
2022-12-13 08:43:56,663 [Worker-8: Import Getting Started Content] INFO  o.e.m.j.i.AbstractJavaProjectConfigurator - Adding resource folder /repaso_agencia_ja/src/main/resources
2022-12-13 08:43:56,670 [Worker-8: Import Getting Started Content] INFO  o.e.m.j.i.AbstractJavaProjectConfigurator - Adding source folder /repaso_agencia_ja/src/test/java
2022-12-13 08:43:57,165 [Worker-8: Import Getting Started Content] INFO  o.e.m.c.i.p.ProjectConfigurationManager - Imported and configured 1 project(s) in 3 sec
2022-12-13 08:43:57,169 [Worker-8: Import Getting Started Content] INFO  o.e.m.c.i.p.ProjectConfigurationManager - Update started
2022-12-13 08:43:57,792 [Worker-8: Import Getting Started Content] INFO  o.e.m.c.i.l.LifecycleMappingFactory - Using org.eclipse.m2e.jdt.JarLifecycleMapping lifecycle mapping for MavenProject: uce.gob.ec.avanzada:repaso_agencia_ja:1.0.1-SNAPSHOT @ C:\Users\Jonatan Altamirano\Documents\workspace-spring-tool-suite-4-4.16.1.RELEASE\Repaso1\repaso_agencia_ja\pom.xml.
2022-12-13 08:43:58,359 [Worker-8: Import Getting Started Content] INFO  o.e.m.j.i.AbstractJavaProjectConfigurator - Adding source folder /repaso_agencia_ja/src/main/java
2022-12-13 08:43:58,360 [Worker-8: Import Getting Started Content] INFO  o.e.m.j.i.AbstractJavaProjectConfigurator - Adding resource folder /repaso_agencia_ja/src/main/resources
2022-12-13 08:43:58,362 [Worker-8: Import Getting Started Content] INFO  o.e.m.j.i.AbstractJavaProjectConfigurator - Adding resource folder /repaso_agencia_ja/src/main/resources
2022-12-13 08:43:58,364 [Worker-8: Import Getting Started Content] INFO  o.e.m.j.i.AbstractJavaProjectConfigurator - Adding source folder /repaso_agencia_ja/src/test/java
2022-12-13 08:43:58,796 [Worker-8: Import Getting Started Content] INFO  o.e.m.c.i.p.ProjectConfigurationManager - Update completed: 1 sec
2022-12-13 08:43:59,424 [Worker-2: Building] INFO  o.a.m.s.f.DefaultMavenResourcesFiltering - Copying 1 resource
2022-12-13 08:43:59,452 [Worker-2: Building] INFO  o.a.m.s.f.DefaultMavenResourcesFiltering - Copying 0 resource
2022-12-13 08:43:59,459 [Worker-2: Building] INFO  o.a.m.s.f.DefaultMavenResourcesFiltering - skip non existing resourceDirectory C:\Users\Jonatan Altamirano\Documents\workspace-spring-tool-suite-4-4.16.1.RELEASE\Repaso1\repaso_agencia_ja\src\test\resources
2022-12-13 08:44:20,509 [Worker-0: Building] INFO  o.a.m.s.f.DefaultMavenResourcesFiltering - Copying 1 resource
2022-12-13 08:44:20,521 [Worker-0: Building] INFO  o.a.m.s.f.DefaultMavenResourcesFiltering - Copying 0 resource
2022-12-13 08:44:20,526 [Worker-0: Building] INFO  o.a.m.s.f.DefaultMavenResourcesFiltering - skip non existing resourceDirectory C:\Users\Jonatan Altamirano\Documents\workspace-spring-tool-suite-4-4.16.1.RELEASE\Repaso1\repaso_agencia_ja\src\test\resources
2022-12-13 08:44:28,322 [Worker-5: Building] INFO  o.a.m.s.f.DefaultMavenResourcesFiltering - Copying 1 resource
2022-12-13 08:44:28,328 [Worker-5: Building] INFO  o.a.m.s.f.DefaultMavenResourcesFiltering - Copying 0 resource
2022-12-13 08:44:28,337 [Worker-5: Building] INFO  o.a.m.s.f.DefaultMavenResourcesFiltering - skip non existing resourceDirectory C:\Users\Jonatan Altamirano\Documents\workspace-spring-tool-suite-4-4.16.1.RELEASE\Repaso1\repaso_agencia_ja\src\test\resources
2022-12-13 08:44:36,933 [Worker-5: Building] INFO  o.a.m.s.f.DefaultMavenResourcesFiltering - Copying 1 resource
2022-12-13 08:44:36,941 [Worker-5: Building] INFO  o.a.m.s.f.DefaultMavenResourcesFiltering - Copying 0 resource
2022-12-13 08:44:36,947 [Worker-5: Building] INFO  o.a.m.s.f.DefaultMavenResourcesFiltering - skip non existing resourceDirectory C:\Users\Jonatan Altamirano\Documents\workspace-spring-tool-suite-4-4.16.1.RELEASE\Repaso1\repaso_agencia_ja\src\test\resources
2022-12-13 08:44:57,870 [Worker-4: Building] INFO  o.a.m.s.f.DefaultMavenResourcesFiltering - Copying 1 resource
2022-12-13 08:44:57,877 [Worker-4: Building] INFO  o.a.m.s.f.DefaultMavenResourcesFiltering - Copying 0 resource
2022-12-13 08:44:57,883 [Worker-4: Building] INFO  o.a.m.s.f.DefaultMavenResourcesFiltering - skip non existing resourceDirectory C:\Users\Jonatan Altamirano\Documents\workspace-spring-tool-suite-4-4.16.1.RELEASE\Repaso1\repaso_agencia_ja\src\test\resources
2022-12-13 08:45:10,727 [Worker-7: Building] INFO  o.a.m.s.f.DefaultMavenResourcesFiltering - Copying 1 resource
2022-12-13 08:45:10,734 [Worker-7: Building] INFO  o.a.m.s.f.DefaultMavenResourcesFiltering - Copying 0 resource
2022-12-13 08:45:10,740 [Worker-7: Building] INFO  o.a.m.s.f.DefaultMavenResourcesFiltering - skip non existing resourceDirectory C:\Users\Jonatan Altamirano\Documents\workspace-spring-tool-suite-4-4.16.1.RELEASE\Repaso1\repaso_agencia_ja\src\test\resources
2022-12-13 08:45:21,194 [Worker-7: Building] INFO  o.a.m.s.f.DefaultMavenResourcesFiltering - Copying 1 resource
2022-12-13 08:45:21,201 [Worker-7: Building] INFO  o.a.m.s.f.DefaultMavenResourcesFiltering - Copying 0 resource
2022-12-13 08:45:21,205 [Worker-7: Building] INFO  o.a.m.s.f.DefaultMavenResourcesFiltering - skip non existing resourceDirectory C:\Users\Jonatan Altamirano\Documents\workspace-spring-tool-suite-4-4.16.1.RELEASE\Repaso1\repaso_agencia_ja\src\test\resources
2022-12-13 08:49:38,210 [Worker-8: Building] INFO  o.a.m.s.f.DefaultMavenResourcesFiltering - Copying 1 resource
2022-12-13 08:49:38,219 [Worker-8: Building] INFO  o.a.m.s.f.DefaultMavenResourcesFiltering - Copying 0 resource
2022-12-13 08:49:38,225 [Worker-8: Building] INFO  o.a.m.s.f.DefaultMavenResourcesFiltering - skip non existing resourceDirectory C:\Users\Jonatan Altamirano\Documents\workspace-spring-tool-suite-4-4.16.1.RELEASE\Repaso1\repaso_agencia_ja\src\test\resources
2022-12-13 09:23:04,609 [Worker-4: Building] INFO  o.a.m.s.f.DefaultMavenResourcesFiltering - Copying 1 resource
2022-12-13 09:23:04,640 [Worker-4: Building] INFO  o.a.m.s.f.DefaultMavenResourcesFiltering - Copying 0 resource
2022-12-13 09:23:04,651 [Worker-4: Building] INFO  o.a.m.s.f.DefaultMavenResourcesFiltering - skip non existing resourceDirectory C:\Users\Jonatan Altamirano\Documents\workspace-spring-tool-suite-4-4.16.1.RELEASE\Repaso1\repaso_agencia_ja\src\test\resources
2022-12-13 09:23:23,144 [Worker-12: Building] INFO  o.a.m.s.f.DefaultMavenResourcesFiltering - Copying 1 resource
2022-12-13 09:23:23,158 [Worker-12: Building] INFO  o.a.m.s.f.DefaultMavenResourcesFiltering - Copying 0 resource
2022-12-13 09:23:23,162 [Worker-12: Building] INFO  o.a.m.s.f.DefaultMavenResourcesFiltering - skip non existing resourceDirectory C:\Users\Jonatan Altamirano\Documents\workspace-spring-tool-suite-4-4.16.1.RELEASE\Repaso1\repaso_agencia_ja\src\test\resources
2022-12-13 09:23:36,134 [Worker-4: Building] INFO  o.a.m.s.f.DefaultMavenResourcesFiltering - Copying 1 resource
2022-12-13 09:23:36,153 [Worker-4: Building] INFO  o.a.m.s.f.DefaultMavenResourcesFiltering - Copying 0 resource
2022-12-13 09:23:36,160 [Worker-4: Building] INFO  o.a.m.s.f.DefaultMavenResourcesFiltering - skip non existing resourceDirectory C:\Users\Jonatan Altamirano\Documents\workspace-spring-tool-suite-4-4.16.1.RELEASE\Repaso1\repaso_agencia_ja\src\test\resources
2022-12-13 09:23:47,247 [Worker-13: Building] INFO  o.a.m.s.f.DefaultMavenResourcesFiltering - Copying 1 resource
2022-12-13 09:23:47,255 [Worker-13: Building] INFO  o.a.m.s.f.DefaultMavenResourcesFiltering - Copying 0 resource
2022-12-13 09:23:47,261 [Worker-13: Building] INFO  o.a.m.s.f.DefaultMavenResourcesFiltering - skip non existing resourceDirectory C:\Users\Jonatan Altamirano\Documents\workspace-spring-tool-suite-4-4.16.1.RELEASE\Repaso1\repaso_agencia_ja\src\test\resources
2022-12-13 09:24:07,814 [Worker-12: Building] INFO  o.a.m.s.f.DefaultMavenResourcesFiltering - Copying 1 resource
2022-12-13 09:24:07,828 [Worker-12: Building] INFO  o.a.m.s.f.DefaultMavenResourcesFiltering - Copying 0 resource
2022-12-13 09:24:07,833 [Worker-12: Building] INFO  o.a.m.s.f.DefaultMavenResourcesFiltering - skip non existing resourceDirectory C:\Users\Jonatan Altamirano\Documents\workspace-spring-tool-suite-4-4.16.1.RELEASE\Repaso1\repaso_agencia_ja\src\test\resources
2022-12-13 09:24:25,392 [Worker-12: Building] INFO  o.a.m.s.f.DefaultMavenResourcesFiltering - Copying 1 resource
2022-12-13 09:24:25,400 [Worker-12: Building] INFO  o.a.m.s.f.DefaultMavenResourcesFiltering - Copying 0 resource
2022-12-13 09:24:25,405 [Worker-12: Building] INFO  o.a.m.s.f.DefaultMavenResourcesFiltering - skip non existing resourceDirectory C:\Users\Jonatan Altamirano\Documents\workspace-spring-tool-suite-4-4.16.1.RELEASE\Repaso1\repaso_agencia_ja\src\test\resources
2022-12-13 13:06:01,463 [Worker-22: Building] INFO  o.a.m.s.f.DefaultMavenResourcesFiltering - Copying 1 resource
2022-12-13 13:06:01,614 [Worker-22: Building] INFO  o.a.m.s.f.DefaultMavenResourcesFiltering - Copying 0 resource
2022-12-13 13:06:01,623 [Worker-22: Building] INFO  o.a.m.s.f.DefaultMavenResourcesFiltering - skip non existing resourceDirectory C:\Users\Jonatan Altamirano\Documents\workspace-spring-tool-suite-4-4.16.1.RELEASE\Repaso1\repaso_agencia_ja\src\test\resources
2022-12-13 15:42:19,361 [Worker-1: Loading available Gradle versions] INFO  o.e.b.c.i.u.g.PublishedGradleVersions - Gradle version information cache is up-to-date. Trying to read.
2022-12-13 15:45:02,122 [Worker-6: Importing Maven projects] INFO  o.e.m.c.i.l.LifecycleMappingFactory - Using org.eclipse.m2e.jdt.JarLifecycleMapping lifecycle mapping for MavenProject: uce.gob.ec.avanzada:prueba_ejemplo_sc:1.0.1-SNAPSHOT @ C:\prueba_ejemplo_sc\pom.xml.
2022-12-13 15:45:24,118 [Worker-6: Importing Maven projects] INFO  o.e.m.j.i.AbstractJavaProjectConfigurator - Adding source folder /prueba_ejemplo_sc/src/main/java
2022-12-13 15:45:24,123 [Worker-6: Importing Maven projects] INFO  o.e.m.j.i.AbstractJavaProjectConfigurator - Adding resource folder /prueba_ejemplo_sc/src/main/resources
2022-12-13 15:45:24,261 [Worker-6: Importing Maven projects] INFO  o.e.m.j.i.AbstractJavaProjectConfigurator - Adding resource folder /prueba_ejemplo_sc/src/main/resources
2022-12-13 15:45:24,429 [Worker-6: Importing Maven projects] INFO  o.e.m.j.i.AbstractJavaProjectConfigurator - Adding source folder /prueba_ejemplo_sc/src/test/java
2022-12-13 15:45:29,413 [Worker-6: Importing Maven projects] INFO  o.e.m.c.i.p.ProjectConfigurationManager - Imported and configured 1 project(s) in 52 sec
2022-12-13 15:45:42,752 [Worker-2: Building] INFO  o.a.m.s.f.DefaultMavenResourcesFiltering - Copying 1 resource
2022-12-13 15:45:43,509 [Worker-2: Building] INFO  o.a.m.s.f.DefaultMavenResourcesFiltering - Copying 0 resource
2022-12-13 15:45:43,575 [Worker-2: Building] INFO  o.a.m.s.f.DefaultMavenResourcesFiltering - skip non existing resourceDirectory C:\prueba_ejemplo_sc\src\test\resources
2022-12-13 15:57:03,121 [Worker-8: Launching prueba_ejemplo_sc - PruebaEjemploScApplication] INFO  o.a.m.s.f.DefaultMavenResourcesFiltering - Copying 1 resource
2022-12-13 15:57:03,394 [Worker-8: Launching prueba_ejemplo_sc - PruebaEjemploScApplication] INFO  o.a.m.s.f.DefaultMavenResourcesFiltering - Copying 0 resource
2022-12-13 15:57:03,434 [Worker-8: Launching prueba_ejemplo_sc - PruebaEjemploScApplication] INFO  o.a.m.s.f.DefaultMavenResourcesFiltering - skip non existing resourceDirectory C:\prueba_ejemplo_sc\src\test\resources
2022-12-13 16:20:08,563 [Worker-0: Loading available Gradle versions] INFO  o.e.b.c.i.u.g.PublishedGradleVersions - Gradle version information cache is up-to-date. Trying to read.
2022-12-13 16:20:23,514 [Worker-2: Building] INFO  o.a.m.s.f.DefaultMavenResourcesFiltering - Copying 1 resource
2022-12-13 16:20:23,545 [Worker-2: Building] INFO  o.a.m.s.f.DefaultMavenResourcesFiltering - Copying 0 resource
2022-12-13 16:20:23,554 [Worker-2: Building] INFO  o.a.m.s.f.DefaultMavenResourcesFiltering - skip non existing resourceDirectory C:\prueba_ejemplo_sc\src\test\resources
2022-12-13 16:20:36,600 [Worker-0: Building] INFO  o.e.m.c.i.l.LifecycleMappingFactory - Using org.eclipse.m2e.jdt.JarLifecycleMapping lifecycle mapping for MavenProject: com.uce.avanzada:prueba_pa_p2_mg:1.0.0-SNAPSHOT @ C:\prueba_pa_p2_mg\pom.xml.
2022-12-13 16:20:44,650 [Worker-0: Building] INFO  o.e.m.c.i.embedder.EclipseLogger - Using 'UTF-8' encoding to copy filtered resources.
2022-12-13 16:20:44,651 [Worker-0: Building] INFO  o.e.m.c.i.embedder.EclipseLogger - Using 'UTF-8' encoding to copy filtered properties files.
2022-12-13 16:20:44,652 [Worker-0: Building] INFO  o.e.m.c.i.embedder.EclipseLogger - Copying 1 resource
2022-12-13 16:20:44,700 [Worker-0: Building] INFO  o.e.m.c.i.embedder.EclipseLogger - Copying 0 resource
2022-12-13 16:20:44,705 [Worker-0: Building] INFO  o.e.m.c.i.embedder.EclipseLogger - Using 'UTF-8' encoding to copy filtered resources.
2022-12-13 16:20:44,706 [Worker-0: Building] INFO  o.e.m.c.i.embedder.EclipseLogger - Using 'UTF-8' encoding to copy filtered properties files.
2022-12-13 16:20:44,706 [Worker-0: Building] INFO  o.e.m.c.i.embedder.EclipseLogger - skip non existing resourceDirectory C:\prueba_pa_p2_mg\src\test\resources
2022-12-13 16:20:45,516 [Worker-4: Updating Maven Dependencies] INFO  o.e.m.c.i.l.LifecycleMappingFactory - Using org.eclipse.m2e.jdt.JarLifecycleMapping lifecycle mapping for MavenProject: com.uce.avanzada:prueba_pa_p2_mg:1.0.0-SNAPSHOT @ C:\prueba_pa_p2_mg\pom.xml.
2022-12-13 16:20:46,591 [Worker-5: Building] INFO  o.e.m.c.i.embedder.EclipseLogger - Using 'UTF-8' encoding to copy filtered resources.
2022-12-13 16:20:46,592 [Worker-5: Building] INFO  o.e.m.c.i.embedder.EclipseLogger - Using 'UTF-8' encoding to copy filtered properties files.
2022-12-13 16:20:46,595 [Worker-5: Building] INFO  o.e.m.c.i.embedder.EclipseLogger - Copying 0 resource
2022-12-13 16:20:46,596 [Worker-5: Building] INFO  o.e.m.c.i.embedder.EclipseLogger - Copying 0 resource
2022-12-13 16:20:46,602 [Worker-5: Building] INFO  o.e.m.c.i.embedder.EclipseLogger - Using 'UTF-8' encoding to copy filtered resources.
2022-12-13 16:20:46,602 [Worker-5: Building] INFO  o.e.m.c.i.embedder.EclipseLogger - Using 'UTF-8' encoding to copy filtered properties files.
2022-12-13 16:20:46,602 [Worker-5: Building] INFO  o.e.m.c.i.embedder.EclipseLogger - skip non existing resourceDirectory C:\prueba_pa_p2_mg\src\test\resources
2022-12-13 16:45:54,689 [Worker-13: Launching prueba_pa_p2_mg - PruebaPaP2MgApplication] INFO  o.e.m.c.i.embedder.EclipseLogger - Using 'UTF-8' encoding to copy filtered resources.
2022-12-13 16:45:54,690 [Worker-13: Launching prueba_pa_p2_mg - PruebaPaP2MgApplication] INFO  o.e.m.c.i.embedder.EclipseLogger - Using 'UTF-8' encoding to copy filtered properties files.
2022-12-13 16:45:54,694 [Worker-13: Launching prueba_pa_p2_mg - PruebaPaP2MgApplication] INFO  o.e.m.c.i.embedder.EclipseLogger - Copying 1 resource
2022-12-13 16:45:54,760 [Worker-13: Launching prueba_pa_p2_mg - PruebaPaP2MgApplication] INFO  o.e.m.c.i.embedder.EclipseLogger - Copying 0 resource
2022-12-13 16:45:54,765 [Worker-13: Launching prueba_pa_p2_mg - PruebaPaP2MgApplication] INFO  o.e.m.c.i.embedder.EclipseLogger - Using 'UTF-8' encoding to copy filtered resources.
2022-12-13 16:45:54,766 [Worker-13: Launching prueba_pa_p2_mg - PruebaPaP2MgApplication] INFO  o.e.m.c.i.embedder.EclipseLogger - Using 'UTF-8' encoding to copy filtered properties files.
2022-12-13 16:45:54,766 [Worker-13: Launching prueba_pa_p2_mg - PruebaPaP2MgApplication] INFO  o.e.m.c.i.embedder.EclipseLogger - skip non existing resourceDirectory C:\prueba_pa_p2_mg\src\test\resources
2022-12-13 16:49:38,671 [Worker-18: Launching prueba_pa_p2_mg - PruebaPaP2MgApplication] INFO  o.e.m.c.i.embedder.EclipseLogger - Using 'UTF-8' encoding to copy filtered resources.
2022-12-13 16:49:38,671 [Worker-18: Launching prueba_pa_p2_mg - PruebaPaP2MgApplication] INFO  o.e.m.c.i.embedder.EclipseLogger - Using 'UTF-8' encoding to copy filtered properties files.
2022-12-13 16:49:38,672 [Worker-18: Launching prueba_pa_p2_mg - PruebaPaP2MgApplication] INFO  o.e.m.c.i.embedder.EclipseLogger - Copying 1 resource
2022-12-13 16:49:38,683 [Worker-18: Launching prueba_pa_p2_mg - PruebaPaP2MgApplication] INFO  o.e.m.c.i.embedder.EclipseLogger - Copying 0 resource
2022-12-13 16:49:38,700 [Worker-18: Launching prueba_pa_p2_mg - PruebaPaP2MgApplication] INFO  o.e.m.c.i.embedder.EclipseLogger - Using 'UTF-8' encoding to copy filtered resources.
2022-12-13 16:49:38,700 [Worker-18: Launching prueba_pa_p2_mg - PruebaPaP2MgApplication] INFO  o.e.m.c.i.embedder.EclipseLogger - Using 'UTF-8' encoding to copy filtered properties files.
2022-12-13 16:49:38,700 [Worker-18: Launching prueba_pa_p2_mg - PruebaPaP2MgApplication] INFO  o.e.m.c.i.embedder.EclipseLogger - skip non existing resourceDirectory C:\prueba_pa_p2_mg\src\test\resources
2022-12-13 16:57:08,136 [Worker-21: Launching prueba_pa_p2_mg - PruebaPaP2MgApplication] INFO  o.e.m.c.i.embedder.EclipseLogger - Using 'UTF-8' encoding to copy filtered resources.
2022-12-13 16:57:08,136 [Worker-21: Launching prueba_pa_p2_mg - PruebaPaP2MgApplication] INFO  o.e.m.c.i.embedder.EclipseLogger - Using 'UTF-8' encoding to copy filtered properties files.
2022-12-13 16:57:08,137 [Worker-21: Launching prueba_pa_p2_mg - PruebaPaP2MgApplication] INFO  o.e.m.c.i.embedder.EclipseLogger - Copying 1 resource
2022-12-13 16:57:08,147 [Worker-21: Launching prueba_pa_p2_mg - PruebaPaP2MgApplication] INFO  o.e.m.c.i.embedder.EclipseLogger - Copying 0 resource
2022-12-13 16:57:08,153 [Worker-21: Launching prueba_pa_p2_mg - PruebaPaP2MgApplication] INFO  o.e.m.c.i.embedder.EclipseLogger - Using 'UTF-8' encoding to copy filtered resources.
2022-12-13 16:57:08,153 [Worker-21: Launching prueba_pa_p2_mg - PruebaPaP2MgApplication] INFO  o.e.m.c.i.embedder.EclipseLogger - Using 'UTF-8' encoding to copy filtered properties files.
2022-12-13 16:57:08,153 [Worker-21: Launching prueba_pa_p2_mg - PruebaPaP2MgApplication] INFO  o.e.m.c.i.embedder.EclipseLogger - skip non existing resourceDirectory C:\prueba_pa_p2_mg\src\test\resources
2022-12-13 17:00:03,451 [Worker-22: Launching prueba_pa_p2_mg - PruebaPaP2MgApplication] INFO  o.e.m.c.i.embedder.EclipseLogger - Using 'UTF-8' encoding to copy filtered resources.
2022-12-13 17:00:03,451 [Worker-22: Launching prueba_pa_p2_mg - PruebaPaP2MgApplication] INFO  o.e.m.c.i.embedder.EclipseLogger - Using 'UTF-8' encoding to copy filtered properties files.
2022-12-13 17:00:03,452 [Worker-22: Launching prueba_pa_p2_mg - PruebaPaP2MgApplication] INFO  o.e.m.c.i.embedder.EclipseLogger - Copying 1 resource
2022-12-13 17:00:03,462 [Worker-22: Launching prueba_pa_p2_mg - PruebaPaP2MgApplication] INFO  o.e.m.c.i.embedder.EclipseLogger - Copying 0 resource
2022-12-13 17:00:03,467 [Worker-22: Launching prueba_pa_p2_mg - PruebaPaP2MgApplication] INFO  o.e.m.c.i.embedder.EclipseLogger - Using 'UTF-8' encoding to copy filtered resources.
2022-12-13 17:00:03,467 [Worker-22: Launching prueba_pa_p2_mg - PruebaPaP2MgApplication] INFO  o.e.m.c.i.embedder.EclipseLogger - Using 'UTF-8' encoding to copy filtered properties files.
2022-12-13 17:00:03,467 [Worker-22: Launching prueba_pa_p2_mg - PruebaPaP2MgApplication] INFO  o.e.m.c.i.embedder.EclipseLogger - skip non existing resourceDirectory C:\prueba_pa_p2_mg\src\test\resources
2022-12-13 17:29:15,889 [Worker-27: Importing Maven projects] INFO  o.e.m.c.i.l.LifecycleMappingFactory - Using org.eclipse.m2e.jdt.JarLifecycleMapping lifecycle mapping for MavenProject: uce.gob.ec.avanzada:agencia_repaso_ja:1.0.1-SNAPSHOT @ C:\practica_estudio_jo\pom.xml.
2022-12-13 17:29:16,580 [Worker-27: Importing Maven projects] INFO  o.e.m.j.i.AbstractJavaProjectConfigurator - Adding source folder /agencia_repaso_ja/src/main/java
2022-12-13 17:29:16,581 [Worker-27: Importing Maven projects] INFO  o.e.m.j.i.AbstractJavaProjectConfigurator - Adding resource folder /agencia_repaso_ja/src/main/resources
2022-12-13 17:29:16,615 [Worker-27: Importing Maven projects] INFO  o.e.m.j.i.AbstractJavaProjectConfigurator - Adding resource folder /agencia_repaso_ja/src/main/resources
2022-12-13 17:29:16,620 [Worker-27: Importing Maven projects] INFO  o.e.m.j.i.AbstractJavaProjectConfigurator - Adding source folder /agencia_repaso_ja/src/test/java
2022-12-13 17:29:17,026 [Worker-27: Importing Maven projects] INFO  o.e.m.c.i.p.ProjectConfigurationManager - Imported and configured 1 project(s) in 1 sec
2022-12-13 17:29:18,129 [Worker-28: Building] INFO  o.a.m.s.f.DefaultMavenResourcesFiltering - Copying 1 resource
2022-12-13 17:29:18,133 [Worker-28: Building] INFO  o.a.m.s.f.DefaultMavenResourcesFiltering - Copying 0 resource
2022-12-13 17:29:18,140 [Worker-28: Building] INFO  o.a.m.s.f.DefaultMavenResourcesFiltering - skip non existing resourceDirectory C:\practica_estudio_jo\src\test\resources
